<?xml version="1.0" encoding="UTF-8"?>
<robot generator="Robot 7.4.2 (Python 3.13.5 on win32)" generated="2026-07-28T18:08:18.443613" rpa="false" schemaversion="5">
<suite id="s1" name="01 All Library Keywords" source="C:\Users\achestni\Documents\GitHub\RobotFramework\TestProject\.drivers\rf_bk8500_load\hardware_tests\01_all_library_keywords.robot">
<kw name="Initialize Hardware Conformance" type="SETUP">
<kw name="Capture Software Evidence">
<kw name="Evaluate" owner="BuiltIn">
<msg time="2026-07-28T18:08:21.013817" level="INFO">${source_version} = 26.14.0</msg>
<var>${source_version}</var>
<arg>bk8500_load.VERSION</arg>
<arg>modules=bk8500_load</arg>
<doc>Evaluates the given expression in Python and returns the result.</doc>
<status status="PASS" start="2026-07-28T18:08:21.013459" elapsed="0.000390"/>
</kw>
<kw name="Evaluate" owner="BuiltIn">
<msg time="2026-07-28T18:08:21.166477" level="INFO">${distribution_version} = 26.14.0</msg>
<var>${distribution_version}</var>
<arg>importlib.metadata.version("bk8500-load")</arg>
<arg>modules=importlib.metadata</arg>
<doc>Evaluates the given expression in Python and returns the result.</doc>
<status status="PASS" start="2026-07-28T18:08:21.013945" elapsed="0.152574"/>
</kw>
<kw name="Evaluate" owner="BuiltIn">
<msg time="2026-07-28T18:08:21.166946" level="INFO">${robot_version} = 7.4.2</msg>
<var>${robot_version}</var>
<arg>robot.__version__</arg>
<arg>modules=robot</arg>
<doc>Evaluates the given expression in Python and returns the result.</doc>
<status status="PASS" start="2026-07-28T18:08:21.166640" elapsed="0.000328"/>
</kw>
<kw name="Evaluate" owner="BuiltIn">
<msg time="2026-07-28T18:08:21.418603" level="INFO">${python_version} = 3.13.5</msg>
<var>${python_version}</var>
<arg>platform.python_version()</arg>
<arg>modules=platform</arg>
<doc>Evaluates the given expression in Python and returns the result.</doc>
<status status="PASS" start="2026-07-28T18:08:21.167047" elapsed="0.251587"/>
</kw>
<kw name="Evaluate" owner="BuiltIn">
<msg time="2026-07-28T18:08:22.318465" level="INFO">${platform_name} = Windows-11-10.0.22631-SP0</msg>
<var>${platform_name}</var>
<arg>platform.platform()</arg>
<arg>modules=platform</arg>
<doc>Evaluates the given expression in Python and returns the result.</doc>
<status status="PASS" start="2026-07-28T18:08:21.418738" elapsed="0.899765"/>
</kw>
<kw name="Set Suite Metadata" owner="BuiltIn">
<msg time="2026-07-28T18:08:22.318874" level="INFO">Set suite metadata 'Driver source version' to value '26.14.0'.</msg>
<arg>Driver source version</arg>
<arg>${source_version}</arg>
<doc>Sets metadata for the current test suite.</doc>
<status status="PASS" start="2026-07-28T18:08:22.318606" elapsed="0.000302"/>
</kw>
<kw name="Set Suite Metadata" owner="BuiltIn">
<msg time="2026-07-28T18:08:22.319149" level="INFO">Set suite metadata 'Installed distribution version' to value '26.14.0'.</msg>
<arg>Installed distribution version</arg>
<arg>${distribution_version}</arg>
<doc>Sets metadata for the current test suite.</doc>
<status status="PASS" start="2026-07-28T18:08:22.318975" elapsed="0.000203"/>
</kw>
<kw name="Set Suite Metadata" owner="BuiltIn">
<msg time="2026-07-28T18:08:22.319381" level="INFO">Set suite metadata 'Robot Framework version' to value '7.4.2'.</msg>
<arg>Robot Framework version</arg>
<arg>${robot_version}</arg>
<doc>Sets metadata for the current test suite.</doc>
<status status="PASS" start="2026-07-28T18:08:22.319233" elapsed="0.000173"/>
</kw>
<kw name="Set Suite Metadata" owner="BuiltIn">
<msg time="2026-07-28T18:08:22.319609" level="INFO">Set suite metadata 'Python version' to value '3.13.5'.</msg>
<arg>Python version</arg>
<arg>${python_version}</arg>
<doc>Sets metadata for the current test suite.</doc>
<status status="PASS" start="2026-07-28T18:08:22.319460" elapsed="0.000172"/>
</kw>
<kw name="Set Suite Metadata" owner="BuiltIn">
<msg time="2026-07-28T18:08:22.319821" level="INFO">Set suite metadata 'Host platform' to value 'Windows-11-10.0.22631-SP0'.</msg>
<arg>Host platform</arg>
<arg>${platform_name}</arg>
<doc>Sets metadata for the current test suite.</doc>
<status status="PASS" start="2026-07-28T18:08:22.319678" elapsed="0.000168"/>
</kw>
<kw name="Log To Console" owner="BuiltIn">
<arg>Driver source=${source_version}; installed=${distribution_version}; Robot=${robot_version}; Python=${python_version}</arg>
<doc>Logs the given message to the console.</doc>
<status status="PASS" start="2026-07-28T18:08:22.319897" elapsed="0.000442"/>
</kw>
<kw name="Should Be Equal" owner="BuiltIn">
<arg>${source_version}</arg>
<arg>${EXPECTED_DRIVER_VERSION}</arg>
<arg>Source package version ${source_version} does not match suite release ${EXPECTED_DRIVER_VERSION}.</arg>
<doc>Fails if the given objects are unequal.</doc>
<status status="PASS" start="2026-07-28T18:08:22.320442" elapsed="0.000288"/>
</kw>
<kw name="Should Be Equal" owner="BuiltIn">
<arg>${distribution_version}</arg>
<arg>${source_version}</arg>
<arg>Installed bk8500-load ${distribution_version} does not match imported source ${source_version}; reinstall the release wheel.</arg>
<doc>Fails if the given objects are unequal.</doc>
<status status="PASS" start="2026-07-28T18:08:22.320806" elapsed="0.000278"/>
</kw>
<status status="PASS" start="2026-07-28T18:08:21.013059" elapsed="1.308075"/>
</kw>
<kw name="Open Hardware Load">
<kw name="Log" owner="BuiltIn">
<msg time="2026-07-28T18:08:22.321510" level="INFO">Opening real BK8500 load on COM12 at 9600 baud, address 0.</msg>
<arg>Opening real BK8500 load on ${PORT} at ${BAUDRATE} baud, address ${ADDRESS}.</arg>
<doc>Logs the given message with the given level.</doc>
<status status="PASS" start="2026-07-28T18:08:22.321348" elapsed="0.000188"/>
</kw>
<kw name="Open Load Connection" owner="BK8500Library">
<msg time="2026-07-28T18:08:23.698568" level="INFO">Opened DC load connection 'hardware' -&gt; 8500 on serial:COM12@9600 (1687710135, firmware 1.84)</msg>
<arg>port=${PORT}</arg>
<arg>baudrate=${BAUDRATE}</arg>
<arg>model=${MODEL}</arg>
<arg>alias=${HARDWARE_ALIAS}</arg>
<arg>address=${ADDRESS}</arg>
<arg>timeout=${TIMEOUT}</arg>
<arg>simulated=${FALSE}</arg>
<arg>identify=${TRUE}</arg>
<doc>Open a connection to a DC load and make it current.</doc>
<status status="PASS" start="2026-07-28T18:08:22.321589" elapsed="1.377088"/>
</kw>
<kw name="Get Load Product Information" owner="BK8500Library">
<msg time="2026-07-28T18:08:23.782092" level="INFO">${identity} = {'model': '8500', 'serial_number': '1687710135', 'firmware_version': '1.84', 'firmware_raw': [1, 132]}</msg>
<var>${identity}</var>
<doc>Return ``{model, serial_number, firmware_version}`` from the instrument.</doc>
<status status="PASS" start="2026-07-28T18:08:23.698813" elapsed="0.083314"/>
</kw>
<kw name="Log Dictionary" owner="Collections">
<msg time="2026-07-28T18:08:23.782373" level="INFO">Dictionary size is 4 and it contains following items:
firmware_raw: [1, 132]
firmware_version: 1.84
model: 8500
serial_number: 1687710135</msg>
<arg>${identity}</arg>
<doc>Logs the contents of the ``dictionary`` using the given ``level``.</doc>
<status status="PASS" start="2026-07-28T18:08:23.782229" elapsed="0.000181"/>
</kw>
<kw name="Set Suite Metadata" owner="BuiltIn">
<msg time="2026-07-28T18:08:23.782721" level="INFO">Set suite metadata 'Instrument model' to value '8500'.</msg>
<arg>Instrument model</arg>
<arg>${identity}[model]</arg>
<doc>Sets metadata for the current test suite.</doc>
<status status="PASS" start="2026-07-28T18:08:23.782477" elapsed="0.000277"/>
</kw>
<kw name="Set Suite Metadata" owner="BuiltIn">
<msg time="2026-07-28T18:08:23.783016" level="INFO">Set suite metadata 'Instrument serial number' to value '1687710135'.</msg>
<arg>Instrument serial number</arg>
<arg>${identity}[serial_number]</arg>
<doc>Sets metadata for the current test suite.</doc>
<status status="PASS" start="2026-07-28T18:08:23.782824" elapsed="0.000221"/>
</kw>
<kw name="Set Suite Metadata" owner="BuiltIn">
<msg time="2026-07-28T18:08:23.783270" level="INFO">Set suite metadata 'Instrument firmware version' to value '1.84'.</msg>
<arg>Instrument firmware version</arg>
<arg>${identity}[firmware_version]</arg>
<doc>Sets metadata for the current test suite.</doc>
<status status="PASS" start="2026-07-28T18:08:23.783104" elapsed="0.000313"/>
</kw>
<kw name="Set Suite Metadata" owner="BuiltIn">
<msg time="2026-07-28T18:08:23.783694" level="INFO">Set suite metadata 'Hardware transport' to value 'COM12 at 9600 baud, address 0'.</msg>
<arg>Hardware transport</arg>
<arg>${PORT} at ${BAUDRATE} baud, address ${ADDRESS}</arg>
<doc>Sets metadata for the current test suite.</doc>
<status status="PASS" start="2026-07-28T18:08:23.783486" elapsed="0.000235"/>
</kw>
<kw name="Claim Remote Control" owner="BK8500Library">
<doc>Put the load under remote control. Required before any setting.</doc>
<status status="PASS" start="2026-07-28T18:08:23.783776" elapsed="0.080999"/>
</kw>
<kw name="Load Input Off" owner="BK8500Library">
<doc>Open the load input. Safe to call at any time.</doc>
<status status="PASS" start="2026-07-28T18:08:23.864896" elapsed="0.181797"/>
</kw>
<kw name="Set Load Function" owner="BK8500Library">
<arg>FIXED</arg>
<doc>Select ``FIXED``, ``TRANSIENT``, ``LIST`` or ``BATTERY``.</doc>
<status status="PASS" start="2026-07-28T18:08:24.046821" elapsed="0.132417"/>
</kw>
<status status="PASS" start="2026-07-28T18:08:22.321245" elapsed="1.858083"/>
</kw>
<status status="PASS" start="2026-07-28T18:08:21.012819" elapsed="3.166544"/>
</kw>
<test id="s1-t1" name="KW-001 Open Load Connection" line="39">
<kw name="Prepare Hardware For Keyword Test" type="SETUP">
<kw name="Switch Load Connection" owner="BK8500Library">
<arg>${HARDWARE_ALIAS}</arg>
<doc>Make a previously opened connection current. Returns the previous alias.</doc>
<status status="PASS" start="2026-07-28T18:08:24.180208" elapsed="0.000109"/>
</kw>
<kw name="Claim Remote Control" owner="BK8500Library">
<doc>Put the load under remote control. Required before any setting.</doc>
<status status="PASS" start="2026-07-28T18:08:24.180382" elapsed="0.081201"/>
</kw>
<kw name="Load Input Off" owner="BK8500Library">
<doc>Open the load input. Safe to call at any time.</doc>
<status status="PASS" start="2026-07-28T18:08:24.261706" elapsed="0.182902"/>
</kw>
<kw name="Set Load Function" owner="BK8500Library">
<arg>FIXED</arg>
<doc>Select ``FIXED``, ``TRANSIENT``, ``LIST`` or ``BATTERY``.</doc>
<status status="PASS" start="2026-07-28T18:08:24.444807" elapsed="0.148872"/>
</kw>
<status status="PASS" start="2026-07-28T18:08:24.179990" elapsed="0.413770"/>
</kw>
<kw name="Close Load Connection" owner="BK8500Library">
<arg>${HARDWARE_ALIAS}</arg>
<doc>Return the load to a safe state and close its port.</doc>
<status status="PASS" start="2026-07-28T18:08:24.593984" elapsed="0.662297"/>
</kw>
<kw name="Open Load Connection" owner="BK8500Library">
<msg time="2026-07-28T18:08:26.348635" level="INFO">Opened DC load connection 'hardware' -&gt; 8500 on serial:COM12@9600 (1687710135, firmware 1.84)</msg>
<msg time="2026-07-28T18:08:26.348764" level="INFO">${alias} = hardware</msg>
<var>${alias}</var>
<arg>port=${PORT}</arg>
<arg>baudrate=${BAUDRATE}</arg>
<arg>model=${MODEL}</arg>
<arg>alias=${HARDWARE_ALIAS}</arg>
<arg>address=${ADDRESS}</arg>
<arg>timeout=${TIMEOUT}</arg>
<arg>simulated=${FALSE}</arg>
<arg>identify=${TRUE}</arg>
<doc>Open a connection to a DC load and make it current.</doc>
<status status="PASS" start="2026-07-28T18:08:25.256605" elapsed="1.092178"/>
</kw>
<kw name="Should Be Equal" owner="BuiltIn">
<arg>${alias}</arg>
<arg>${HARDWARE_ALIAS}</arg>
<doc>Fails if the given objects are unequal.</doc>
<status status="PASS" start="2026-07-28T18:08:26.349008" elapsed="0.000265"/>
</kw>
<kw name="Get Load Connection Info" owner="BK8500Library">
<msg time="2026-07-28T18:08:26.349517" level="INFO">${info} = {'alias': 'hardware', 'transport': 'serial:COM12@9600', 'address': 0, 'signal_lines': {'dtr': True, 'rts': True}, 'response_style': 'echo', 'limits': {'model': '8500', 'max_voltage_v': 120.0, 'max_cur...</msg>
<var>${info}</var>
<doc>Return alias, transport description and rated limits of the current load.</doc>
<status status="PASS" start="2026-07-28T18:08:26.349411" elapsed="0.000126"/>
</kw>
<kw name="Should Be Equal" owner="BuiltIn">
<arg>${info}[alias]</arg>
<arg>${HARDWARE_ALIAS}</arg>
<doc>Fails if the given objects are unequal.</doc>
<status status="PASS" start="2026-07-28T18:08:26.349664" elapsed="0.000210"/>
</kw>
<kw name="Should Contain" owner="BuiltIn">
<arg>${info}[transport]</arg>
<arg>${PORT}</arg>
<doc>Fails if ``container`` does not contain ``item`` one or more times.</doc>
<status status="PASS" start="2026-07-28T18:08:26.349986" elapsed="0.000294"/>
</kw>
<kw name="Per Test Safe Teardown" type="TEARDOWN">
<kw name="Run Keyword And Ignore Error" owner="BuiltIn">
<kw name="Switch Load Connection" owner="BK8500Library">
<arg>${HARDWARE_ALIAS}</arg>
<doc>Make a previously opened connection current. Returns the previous alias.</doc>
<status status="PASS" start="2026-07-28T18:08:26.351127" elapsed="0.000132"/>
</kw>
<arg>Switch Load Connection</arg>
<arg>${HARDWARE_ALIAS}</arg>
<doc>Runs the given keyword with the given arguments and ignores possible error.</doc>
<status status="PASS" start="2026-07-28T18:08:26.350860" elapsed="0.000449"/>
</kw>
<kw name="Run Keyword And Ignore Error" owner="BuiltIn">
<kw name="Claim Remote Control" owner="BK8500Library">
<doc>Put the load under remote control. Required before any setting.</doc>
<status status="PASS" start="2026-07-28T18:08:26.351616" elapsed="0.091514"/>
</kw>
<arg>Claim Remote Control</arg>
<doc>Runs the given keyword with the given arguments and ignores possible error.</doc>
<status status="PASS" start="2026-07-28T18:08:26.351393" elapsed="0.091796"/>
</kw>
<kw name="Run Keyword And Ignore Error" owner="BuiltIn">
<kw name="Load Input Off" owner="BK8500Library">
<doc>Open the load input. Safe to call at any time.</doc>
<status status="PASS" start="2026-07-28T18:08:26.443523" elapsed="0.181373"/>
</kw>
<arg>Load Input Off</arg>
<doc>Runs the given keyword with the given arguments and ignores possible error.</doc>
<status status="PASS" start="2026-07-28T18:08:26.443289" elapsed="0.181700"/>
</kw>
<kw name="Run Keyword And Ignore Error" owner="BuiltIn">
<kw name="Set Load Function" owner="BK8500Library">
<arg>FIXED</arg>
<doc>Select ``FIXED``, ``TRANSIENT``, ``LIST`` or ``BATTERY``.</doc>
<status status="PASS" start="2026-07-28T18:08:26.625493" elapsed="0.132606"/>
</kw>
<arg>Set Load Function</arg>
<arg>FIXED</arg>
<doc>Runs the given keyword with the given arguments and ignores possible error.</doc>
<status status="PASS" start="2026-07-28T18:08:26.625136" elapsed="0.133029"/>
</kw>
<kw name="Run Keyword And Ignore Error" owner="BuiltIn">
<kw name="Set Local Key Enabled" owner="BK8500Library">
<arg>${TRUE}</arg>
<doc>Enable or disable the front panel LOCAL key while in remote control.</doc>
<status status="PASS" start="2026-07-28T18:08:26.758497" elapsed="0.083323"/>
</kw>
<arg>Set Local Key Enabled</arg>
<arg>${TRUE}</arg>
<doc>Runs the given keyword with the given arguments and ignores possible error.</doc>
<status status="PASS" start="2026-07-28T18:08:26.758266" elapsed="0.083617"/>
</kw>
<status status="PASS" start="2026-07-28T18:08:26.350623" elapsed="0.491299"/>
</kw>
<doc>Reopen the real serial connection and verify alias and transport data.</doc>
<status status="PASS" start="2026-07-28T18:08:24.179413" elapsed="2.662711"/>
</test>
<test id="s1-t2" name="KW-002 Switch Load Connection" line="50">
<kw name="Prepare Hardware For Keyword Test" type="SETUP">
<kw name="Switch Load Connection" owner="BK8500Library">
<arg>${HARDWARE_ALIAS}</arg>
<doc>Make a previously opened connection current. Returns the previous alias.</doc>
<status status="PASS" start="2026-07-28T18:08:26.843675" elapsed="0.000107"/>
</kw>
<kw name="Claim Remote Control" owner="BK8500Library">
<doc>Put the load under remote control. Required before any setting.</doc>
<status status="PASS" start="2026-07-28T18:08:26.843843" elapsed="0.081242"/>
</kw>
<kw name="Load Input Off" owner="BK8500Library">
<doc>Open the load input. Safe to call at any time.</doc>
<status status="PASS" start="2026-07-28T18:08:26.925368" elapsed="0.181620"/>
</kw>
<kw name="Set Load Function" owner="BK8500Library">
<arg>FIXED</arg>
<doc>Select ``FIXED``, ``TRANSIENT``, ``LIST`` or ``BATTERY``.</doc>
<status status="PASS" start="2026-07-28T18:08:27.107162" elapsed="0.132539"/>
</kw>
<status status="PASS" start="2026-07-28T18:08:26.843494" elapsed="0.396316"/>
</kw>
<kw name="Open Load Connection" owner="BK8500Library">
<msg time="2026-07-28T18:08:27.240450" level="INFO">Opened DC load connection 'secondary' -&gt; 8500 on simulated:8500 (SIM0000001, firmware 1.05)</msg>
<arg>simulated=${TRUE}</arg>
<arg>model=${MODEL}</arg>
<arg>alias=${SECONDARY_ALIAS}</arg>
<doc>Open a connection to a DC load and make it current.</doc>
<status status="PASS" start="2026-07-28T18:08:27.240152" elapsed="0.000335"/>
</kw>
<kw name="Switch Load Connection" owner="BK8500Library">
<msg time="2026-07-28T18:08:27.240794" level="INFO">${previous} = secondary</msg>
<var>${previous}</var>
<arg>${HARDWARE_ALIAS}</arg>
<doc>Make a previously opened connection current. Returns the previous alias.</doc>
<status status="PASS" start="2026-07-28T18:08:27.240676" elapsed="0.000132"/>
</kw>
<kw name="Should Be Equal" owner="BuiltIn">
<arg>${previous}</arg>
<arg>${SECONDARY_ALIAS}</arg>
<doc>Fails if the given objects are unequal.</doc>
<status status="PASS" start="2026-07-28T18:08:27.240909" elapsed="0.000201"/>
</kw>
<kw name="Switch Load Connection" owner="BK8500Library">
<msg time="2026-07-28T18:08:27.241338" level="INFO">${previous} = hardware</msg>
<var>${previous}</var>
<arg>${SECONDARY_ALIAS}</arg>
<doc>Make a previously opened connection current. Returns the previous alias.</doc>
<status status="PASS" start="2026-07-28T18:08:27.241235" elapsed="0.000118"/>
</kw>
<kw name="Should Be Equal" owner="BuiltIn">
<arg>${previous}</arg>
<arg>${HARDWARE_ALIAS}</arg>
<doc>Fails if the given objects are unequal.</doc>
<status status="PASS" start="2026-07-28T18:08:27.241447" elapsed="0.000170"/>
</kw>
<kw name="Get Load Connection Info" owner="BK8500Library">
<msg time="2026-07-28T18:08:27.241789" level="INFO">${info} = {'alias': 'secondary', 'transport': 'simulated:8500', 'address': 0, 'signal_lines': {'dtr': None, 'rts': None}, 'response_style': 'echo', 'limits': {'model': '8500', 'max_voltage_v': 120.0, 'max_curre...</msg>
<var>${info}</var>
<doc>Return alias, transport description and rated limits of the current load.</doc>
<status status="PASS" start="2026-07-28T18:08:27.241711" elapsed="0.000092"/>
</kw>
<kw name="Should Be Equal" owner="BuiltIn">
<arg>${info}[alias]</arg>
<arg>${SECONDARY_ALIAS}</arg>
<doc>Fails if the given objects are unequal.</doc>
<status status="PASS" start="2026-07-28T18:08:27.241903" elapsed="0.000158"/>
</kw>
<kw name="Switch Load Connection" owner="BK8500Library">
<arg>${HARDWARE_ALIAS}</arg>
<doc>Make a previously opened connection current. Returns the previous alias.</doc>
<status status="PASS" start="2026-07-28T18:08:27.242148" elapsed="0.000066"/>
</kw>
<kw name="Close Load Connection" owner="BK8500Library">
<arg>${SECONDARY_ALIAS}</arg>
<doc>Return the load to a safe state and close its port.</doc>
<status status="PASS" start="2026-07-28T18:08:27.242432" elapsed="0.251448"/>
</kw>
<kw name="Per Test Safe Teardown" type="TEARDOWN">
<kw name="Run Keyword And Ignore Error" owner="BuiltIn">
<kw name="Switch Load Connection" owner="BK8500Library">
<arg>${HARDWARE_ALIAS}</arg>
<doc>Make a previously opened connection current. Returns the previous alias.</doc>
<status status="PASS" start="2026-07-28T18:08:27.494671" elapsed="0.000091"/>
</kw>
<arg>Switch Load Connection</arg>
<arg>${HARDWARE_ALIAS}</arg>
<doc>Runs the given keyword with the given arguments and ignores possible error.</doc>
<status status="PASS" start="2026-07-28T18:08:27.494475" elapsed="0.000320"/>
</kw>
<kw name="Run Keyword And Ignore Error" owner="BuiltIn">
<kw name="Claim Remote Control" owner="BK8500Library">
<doc>Put the load under remote control. Required before any setting.</doc>
<status status="PASS" start="2026-07-28T18:08:27.494975" elapsed="0.081436"/>
</kw>
<arg>Claim Remote Control</arg>
<doc>Runs the given keyword with the given arguments and ignores possible error.</doc>
<status status="PASS" start="2026-07-28T18:08:27.494848" elapsed="0.081633"/>
</kw>
<kw name="Run Keyword And Ignore Error" owner="BuiltIn">
<kw name="Load Input Off" owner="BK8500Library">
<doc>Open the load input. Safe to call at any time.</doc>
<status status="PASS" start="2026-07-28T18:08:27.576893" elapsed="0.181394"/>
</kw>
<arg>Load Input Off</arg>
<doc>Runs the given keyword with the given arguments and ignores possible error.</doc>
<status status="PASS" start="2026-07-28T18:08:27.576604" elapsed="0.181747"/>
</kw>
<kw name="Run Keyword And Ignore Error" owner="BuiltIn">
<kw name="Set Load Function" owner="BK8500Library">
<arg>FIXED</arg>
<doc>Select ``FIXED``, ``TRANSIENT``, ``LIST`` or ``BATTERY``.</doc>
<status status="PASS" start="2026-07-28T18:08:27.758674" elapsed="0.133613"/>
</kw>
<arg>Set Load Function</arg>
<arg>FIXED</arg>
<doc>Runs the given keyword with the given arguments and ignores possible error.</doc>
<status status="PASS" start="2026-07-28T18:08:27.758448" elapsed="0.133901"/>
</kw>
<kw name="Run Keyword And Ignore Error" owner="BuiltIn">
<kw name="Set Local Key Enabled" owner="BK8500Library">
<arg>${TRUE}</arg>
<doc>Enable or disable the front panel LOCAL key while in remote control.</doc>
<status status="PASS" start="2026-07-28T18:08:27.892686" elapsed="0.081779"/>
</kw>
<arg>Set Local Key Enabled</arg>
<arg>${TRUE}</arg>
<doc>Runs the given keyword with the given arguments and ignores possible error.</doc>
<status status="PASS" start="2026-07-28T18:08:27.892462" elapsed="0.082073"/>
</kw>
<status status="PASS" start="2026-07-28T18:08:27.494274" elapsed="0.480306"/>
</kw>
<doc>Switch between a real connection and a secondary simulated connection.</doc>
<status status="PASS" start="2026-07-28T18:08:26.842944" elapsed="1.131870"/>
</test>
<test id="s1-t3" name="KW-003 Close Load Connection" line="62">
<kw name="Prepare Hardware For Keyword Test" type="SETUP">
<kw name="Switch Load Connection" owner="BK8500Library">
<arg>${HARDWARE_ALIAS}</arg>
<doc>Make a previously opened connection current. Returns the previous alias.</doc>
<status status="PASS" start="2026-07-28T18:08:27.976145" elapsed="0.000113"/>
</kw>
<kw name="Claim Remote Control" owner="BK8500Library">
<doc>Put the load under remote control. Required before any setting.</doc>
<status status="PASS" start="2026-07-28T18:08:27.976319" elapsed="0.081010"/>
</kw>
<kw name="Load Input Off" owner="BK8500Library">
<doc>Open the load input. Safe to call at any time.</doc>
<status status="PASS" start="2026-07-28T18:08:28.057487" elapsed="0.194322"/>
</kw>
<kw name="Set Load Function" owner="BK8500Library">
<arg>FIXED</arg>
<doc>Select ``FIXED``, ``TRANSIENT``, ``LIST`` or ``BATTERY``.</doc>
<status status="PASS" start="2026-07-28T18:08:28.251938" elapsed="0.132412"/>
</kw>
<status status="PASS" start="2026-07-28T18:08:27.975973" elapsed="0.408464"/>
</kw>
<kw name="Open Load Connection" owner="BK8500Library">
<msg time="2026-07-28T18:08:28.385194" level="INFO">Opened DC load connection 'secondary' -&gt; 8500 on simulated:8500 (SIM0000001, firmware 1.05)</msg>
<arg>simulated=${TRUE}</arg>
<arg>model=${MODEL}</arg>
<arg>alias=${SECONDARY_ALIAS}</arg>
<doc>Open a connection to a DC load and make it current.</doc>
<status status="PASS" start="2026-07-28T18:08:28.384760" elapsed="0.000492"/>
</kw>
<kw name="Close Load Connection" owner="BK8500Library">
<msg time="2026-07-28T18:08:28.637830" level="INFO">Closed the current connection 'secondary'. Still open: hardware. Use 'Switch Load Connection' before the next keyword.</msg>
<arg>${SECONDARY_ALIAS}</arg>
<doc>Return the load to a safe state and close its port.</doc>
<status status="PASS" start="2026-07-28T18:08:28.385546" elapsed="0.252362"/>
</kw>
<kw name="Run Keyword And Expect Error" owner="BuiltIn">
<kw name="Switch Load Connection" owner="BK8500Library">
<msg time="2026-07-28T18:08:28.638943" level="FAIL">BK8500ConnectionError: Unknown load alias 'secondary'. Open aliases: hardware</msg>
<arg>${SECONDARY_ALIAS}</arg>
<doc>Make a previously opened connection current. Returns the previous alias.</doc>
<status status="FAIL" start="2026-07-28T18:08:28.638792" elapsed="0.206536">BK8500ConnectionError: Unknown load alias 'secondary'. Open aliases: hardware</status>
</kw>
<arg>*Unknown load alias*</arg>
<arg>Switch Load Connection</arg>
<arg>${SECONDARY_ALIAS}</arg>
<doc>Runs the keyword and checks that the expected error occurred.</doc>
<status status="PASS" start="2026-07-28T18:08:28.638489" elapsed="0.207029"/>
</kw>
<kw name="Switch Load Connection" owner="BK8500Library">
<arg>${HARDWARE_ALIAS}</arg>
<doc>Make a previously opened connection current. Returns the previous alias.</doc>
<status status="PASS" start="2026-07-28T18:08:28.845845" elapsed="0.000162"/>
</kw>
<kw name="Per Test Safe Teardown" type="TEARDOWN">
<kw name="Run Keyword And Ignore Error" owner="BuiltIn">
<kw name="Switch Load Connection" owner="BK8500Library">
<arg>${HARDWARE_ALIAS}</arg>
<doc>Make a previously opened connection current. Returns the previous alias.</doc>
<status status="PASS" start="2026-07-28T18:08:28.846759" elapsed="0.000087"/>
</kw>
<arg>Switch Load Connection</arg>
<arg>${HARDWARE_ALIAS}</arg>
<doc>Runs the given keyword with the given arguments and ignores possible error.</doc>
<status status="PASS" start="2026-07-28T18:08:28.846562" elapsed="0.000317"/>
</kw>
<kw name="Run Keyword And Ignore Error" owner="BuiltIn">
<kw name="Claim Remote Control" owner="BK8500Library">
<doc>Put the load under remote control. Required before any setting.</doc>
<status status="PASS" start="2026-07-28T18:08:28.847068" elapsed="0.081168"/>
</kw>
<arg>Claim Remote Control</arg>
<doc>Runs the given keyword with the given arguments and ignores possible error.</doc>
<status status="PASS" start="2026-07-28T18:08:28.846931" elapsed="0.081382"/>
</kw>
<kw name="Run Keyword And Ignore Error" owner="BuiltIn">
<kw name="Load Input Off" owner="BK8500Library">
<doc>Open the load input. Safe to call at any time.</doc>
<status status="PASS" start="2026-07-28T18:08:28.928732" elapsed="0.182147"/>
</kw>
<arg>Load Input Off</arg>
<doc>Runs the given keyword with the given arguments and ignores possible error.</doc>
<status status="PASS" start="2026-07-28T18:08:28.928442" elapsed="0.182497"/>
</kw>
<kw name="Run Keyword And Ignore Error" owner="BuiltIn">
<kw name="Set Load Function" owner="BK8500Library">
<arg>FIXED</arg>
<doc>Select ``FIXED``, ``TRANSIENT``, ``LIST`` or ``BATTERY``.</doc>
<status status="PASS" start="2026-07-28T18:08:29.111275" elapsed="0.132298"/>
</kw>
<arg>Set Load Function</arg>
<arg>FIXED</arg>
<doc>Runs the given keyword with the given arguments and ignores possible error.</doc>
<status status="PASS" start="2026-07-28T18:08:29.111038" elapsed="0.132605"/>
</kw>
<kw name="Run Keyword And Ignore Error" owner="BuiltIn">
<kw name="Set Local Key Enabled" owner="BK8500Library">
<arg>${TRUE}</arg>
<doc>Enable or disable the front panel LOCAL key while in remote control.</doc>
<status status="PASS" start="2026-07-28T18:08:29.243972" elapsed="0.085698"/>
</kw>
<arg>Set Local Key Enabled</arg>
<arg>${TRUE}</arg>
<doc>Runs the given keyword with the given arguments and ignores possible error.</doc>
<status status="PASS" start="2026-07-28T18:08:29.243744" elapsed="0.085985"/>
</kw>
<status status="PASS" start="2026-07-28T18:08:28.846390" elapsed="0.483381"/>
</kw>
<doc>Close one selected connection and prove that its alias is no longer selectable.</doc>
<status status="PASS" start="2026-07-28T18:08:27.975530" elapsed="1.354449"/>
</test>
<test id="s1-t4" name="KW-005 Get Load Product Information" line="69">
<kw name="Prepare Hardware For Keyword Test" type="SETUP">
<kw name="Switch Load Connection" owner="BK8500Library">
<arg>${HARDWARE_ALIAS}</arg>
<doc>Make a previously opened connection current. Returns the previous alias.</doc>
<status status="PASS" start="2026-07-28T18:08:29.330980" elapsed="0.000097"/>
</kw>
<kw name="Claim Remote Control" owner="BK8500Library">
<doc>Put the load under remote control. Required before any setting.</doc>
<status status="PASS" start="2026-07-28T18:08:29.331136" elapsed="0.081135"/>
</kw>
<kw name="Load Input Off" owner="BK8500Library">
<doc>Open the load input. Safe to call at any time.</doc>
<status status="PASS" start="2026-07-28T18:08:29.412579" elapsed="0.181627"/>
</kw>
<kw name="Set Load Function" owner="BK8500Library">
<arg>FIXED</arg>
<doc>Select ``FIXED``, ``TRANSIENT``, ``LIST`` or ``BATTERY``.</doc>
<status status="PASS" start="2026-07-28T18:08:29.594359" elapsed="0.132990"/>
</kw>
<status status="PASS" start="2026-07-28T18:08:29.330830" elapsed="0.396623"/>
</kw>
<kw name="Get Load Product Information" owner="BK8500Library">
<msg time="2026-07-28T18:08:29.811919" level="INFO">${identity} = {'model': '8500', 'serial_number': '1687710135', 'firmware_version': '1.84', 'firmware_raw': [1, 132]}</msg>
<var>${identity}</var>
<doc>Return ``{model, serial_number, firmware_version}`` from the instrument.</doc>
<status status="PASS" start="2026-07-28T18:08:29.727694" elapsed="0.084257"/>
</kw>
<kw name="Dictionary Should Contain Key" owner="Collections">
<arg>${identity}</arg>
<arg>model</arg>
<doc>Fails if ``key`` is not found from ``dictionary``.</doc>
<status status="PASS" start="2026-07-28T18:08:29.812272" elapsed="0.000253"/>
</kw>
<kw name="Dictionary Should Contain Key" owner="Collections">
<arg>${identity}</arg>
<arg>serial_number</arg>
<doc>Fails if ``key`` is not found from ``dictionary``.</doc>
<status status="PASS" start="2026-07-28T18:08:29.812643" elapsed="0.000099"/>
</kw>
<kw name="Dictionary Should Contain Key" owner="Collections">
<arg>${identity}</arg>
<arg>firmware_version</arg>
<doc>Fails if ``key`` is not found from ``dictionary``.</doc>
<status status="PASS" start="2026-07-28T18:08:29.812834" elapsed="0.000080"/>
</kw>
<kw name="Should Not Be Empty" owner="BuiltIn">
<msg time="2026-07-28T18:08:29.813182" level="INFO">Length is 4.</msg>
<arg>${identity}[model]</arg>
<doc>Verifies that the given item is not empty.</doc>
<status status="PASS" start="2026-07-28T18:08:29.812996" elapsed="0.000212"/>
</kw>
<kw name="Log Dictionary" owner="Collections">
<msg time="2026-07-28T18:08:29.813618" level="INFO">Dictionary size is 4 and it contains following items:
firmware_raw: [1, 132]
firmware_version: 1.84
model: 8500
serial_number: 1687710135</msg>
<arg>${identity}</arg>
<doc>Logs the contents of the ``dictionary`` using the given ``level``.</doc>
<status status="PASS" start="2026-07-28T18:08:29.813507" elapsed="0.000144"/>
</kw>
<kw name="Per Test Safe Teardown" type="TEARDOWN">
<kw name="Run Keyword And Ignore Error" owner="BuiltIn">
<kw name="Switch Load Connection" owner="BK8500Library">
<arg>${HARDWARE_ALIAS}</arg>
<doc>Make a previously opened connection current. Returns the previous alias.</doc>
<status status="PASS" start="2026-07-28T18:08:29.814258" elapsed="0.000087"/>
</kw>
<arg>Switch Load Connection</arg>
<arg>${HARDWARE_ALIAS}</arg>
<doc>Runs the given keyword with the given arguments and ignores possible error.</doc>
<status status="PASS" start="2026-07-28T18:08:29.814068" elapsed="0.000309"/>
</kw>
<kw name="Run Keyword And Ignore Error" owner="BuiltIn">
<kw name="Claim Remote Control" owner="BK8500Library">
<doc>Put the load under remote control. Required before any setting.</doc>
<status status="PASS" start="2026-07-28T18:08:29.814569" elapsed="0.081419"/>
</kw>
<arg>Claim Remote Control</arg>
<doc>Runs the given keyword with the given arguments and ignores possible error.</doc>
<status status="PASS" start="2026-07-28T18:08:29.814431" elapsed="0.081613"/>
</kw>
<kw name="Run Keyword And Ignore Error" owner="BuiltIn">
<kw name="Load Input Off" owner="BK8500Library">
<doc>Open the load input. Safe to call at any time.</doc>
<status status="PASS" start="2026-07-28T18:08:29.896341" elapsed="0.182431"/>
</kw>
<arg>Load Input Off</arg>
<doc>Runs the given keyword with the given arguments and ignores possible error.</doc>
<status status="PASS" start="2026-07-28T18:08:29.896134" elapsed="0.182795"/>
</kw>
<kw name="Run Keyword And Ignore Error" owner="BuiltIn">
<kw name="Set Load Function" owner="BK8500Library">
<arg>FIXED</arg>
<doc>Select ``FIXED``, ``TRANSIENT``, ``LIST`` or ``BATTERY``.</doc>
<status status="PASS" start="2026-07-28T18:08:30.079278" elapsed="0.142361"/>
</kw>
<arg>Set Load Function</arg>
<arg>FIXED</arg>
<doc>Runs the given keyword with the given arguments and ignores possible error.</doc>
<status status="PASS" start="2026-07-28T18:08:30.079033" elapsed="0.142682"/>
</kw>
<kw name="Run Keyword And Ignore Error" owner="BuiltIn">
<kw name="Set Local Key Enabled" owner="BK8500Library">
<arg>${TRUE}</arg>
<doc>Enable or disable the front panel LOCAL key while in remote control.</doc>
<status status="PASS" start="2026-07-28T18:08:30.222065" elapsed="0.094026"/>
</kw>
<arg>Set Local Key Enabled</arg>
<arg>${TRUE}</arg>
<doc>Runs the given keyword with the given arguments and ignores possible error.</doc>
<status status="PASS" start="2026-07-28T18:08:30.221828" elapsed="0.094345"/>
</kw>
<status status="PASS" start="2026-07-28T18:08:29.813915" elapsed="0.502322"/>
</kw>
<status status="PASS" start="2026-07-28T18:08:29.330534" elapsed="0.986036"/>
</test>
<test id="s1-t5" name="KW-006 Get Load Rated Limits" line="77">
<kw name="Prepare Hardware For Keyword Test" type="SETUP">
<kw name="Switch Load Connection" owner="BK8500Library">
<arg>${HARDWARE_ALIAS}</arg>
<doc>Make a previously opened connection current. Returns the previous alias.</doc>
<status status="PASS" start="2026-07-28T18:08:30.318119" elapsed="0.000142"/>
</kw>
<kw name="Claim Remote Control" owner="BK8500Library">
<doc>Put the load under remote control. Required before any setting.</doc>
<status status="PASS" start="2026-07-28T18:08:30.318372" elapsed="0.093286"/>
</kw>
<kw name="Load Input Off" owner="BK8500Library">
<doc>Open the load input. Safe to call at any time.</doc>
<status status="PASS" start="2026-07-28T18:08:30.411771" elapsed="0.181426"/>
</kw>
<kw name="Set Load Function" owner="BK8500Library">
<arg>FIXED</arg>
<doc>Select ``FIXED``, ``TRANSIENT``, ``LIST`` or ``BATTERY``.</doc>
<status status="PASS" start="2026-07-28T18:08:30.593320" elapsed="0.135120"/>
</kw>
<status status="PASS" start="2026-07-28T18:08:30.317899" elapsed="0.410618"/>
</kw>
<kw name="Get Load Rated Limits" owner="BK8500Library">
<msg time="2026-07-28T18:08:30.728993" level="INFO">${limits} = {'model': '8500', 'max_voltage_v': 120.0, 'max_current_a': 30.0, 'max_power_w': 300.0}</msg>
<var>${limits}</var>
<doc>Return the rated envelope the driver validates against.</doc>
<status status="PASS" start="2026-07-28T18:08:30.728870" elapsed="0.000143"/>
</kw>
<kw name="Should Be True" owner="BuiltIn">
<arg>${limits}[max_voltage_v] &gt; 0</arg>
<doc>Fails if the given condition is not true.</doc>
<status status="PASS" start="2026-07-28T18:08:30.729211" elapsed="0.000273"/>
</kw>
<kw name="Should Be True" owner="BuiltIn">
<arg>${limits}[max_current_a] &gt; 0</arg>
<doc>Fails if the given condition is not true.</doc>
<status status="PASS" start="2026-07-28T18:08:30.729691" elapsed="0.000199"/>
</kw>
<kw name="Should Be True" owner="BuiltIn">
<arg>${limits}[max_power_w] &gt; 0</arg>
<doc>Fails if the given condition is not true.</doc>
<status status="PASS" start="2026-07-28T18:08:30.730111" elapsed="0.000167"/>
</kw>
<kw name="Log Dictionary" owner="Collections">
<msg time="2026-07-28T18:08:30.730537" level="INFO">Dictionary size is 4 and it contains following items:
max_current_a: 30.0
max_power_w: 300.0
max_voltage_v: 120.0
model: 8500</msg>
<arg>${limits}</arg>
<doc>Logs the contents of the ``dictionary`` using the given ``level``.</doc>
<status status="PASS" start="2026-07-28T18:08:30.730452" elapsed="0.000112"/>
</kw>
<kw name="Per Test Safe Teardown" type="TEARDOWN">
<kw name="Run Keyword And Ignore Error" owner="BuiltIn">
<kw name="Switch Load Connection" owner="BK8500Library">
<arg>${HARDWARE_ALIAS}</arg>
<doc>Make a previously opened connection current. Returns the previous alias.</doc>
<status status="PASS" start="2026-07-28T18:08:30.731054" elapsed="0.000072"/>
</kw>
<arg>Switch Load Connection</arg>
<arg>${HARDWARE_ALIAS}</arg>
<doc>Runs the given keyword with the given arguments and ignores possible error.</doc>
<status status="PASS" start="2026-07-28T18:08:30.730916" elapsed="0.000239"/>
</kw>
<kw name="Run Keyword And Ignore Error" owner="BuiltIn">
<kw name="Claim Remote Control" owner="BK8500Library">
<doc>Put the load under remote control. Required before any setting.</doc>
<status status="PASS" start="2026-07-28T18:08:30.731331" elapsed="0.081099"/>
</kw>
<arg>Claim Remote Control</arg>
<doc>Runs the given keyword with the given arguments and ignores possible error.</doc>
<status status="PASS" start="2026-07-28T18:08:30.731205" elapsed="0.081330"/>
</kw>
<kw name="Run Keyword And Ignore Error" owner="BuiltIn">
<kw name="Load Input Off" owner="BK8500Library">
<doc>Open the load input. Safe to call at any time.</doc>
<status status="PASS" start="2026-07-28T18:08:30.813007" elapsed="0.181680"/>
</kw>
<arg>Load Input Off</arg>
<doc>Runs the given keyword with the given arguments and ignores possible error.</doc>
<status status="PASS" start="2026-07-28T18:08:30.812669" elapsed="0.182096"/>
</kw>
<kw name="Run Keyword And Ignore Error" owner="BuiltIn">
<kw name="Set Load Function" owner="BK8500Library">
<arg>FIXED</arg>
<doc>Select ``FIXED``, ``TRANSIENT``, ``LIST`` or ``BATTERY``.</doc>
<status status="PASS" start="2026-07-28T18:08:30.995190" elapsed="0.132727"/>
</kw>
<arg>Set Load Function</arg>
<arg>FIXED</arg>
<doc>Runs the given keyword with the given arguments and ignores possible error.</doc>
<status status="PASS" start="2026-07-28T18:08:30.994891" elapsed="0.133095"/>
</kw>
<kw name="Run Keyword And Ignore Error" owner="BuiltIn">
<kw name="Set Local Key Enabled" owner="BK8500Library">
<arg>${TRUE}</arg>
<doc>Enable or disable the front panel LOCAL key while in remote control.</doc>
<status status="PASS" start="2026-07-28T18:08:31.128311" elapsed="0.082095"/>
</kw>
<arg>Set Local Key Enabled</arg>
<arg>${TRUE}</arg>
<doc>Runs the given keyword with the given arguments and ignores possible error.</doc>
<status status="PASS" start="2026-07-28T18:08:31.128084" elapsed="0.082386"/>
</kw>
<status status="PASS" start="2026-07-28T18:08:30.730780" elapsed="0.479729"/>
</kw>
<status status="PASS" start="2026-07-28T18:08:30.317480" elapsed="0.893356"/>
</test>
<test id="s1-t6" name="KW-007 Claim Remote Control" line="84">
<kw name="Prepare Hardware For Keyword Test" type="SETUP">
<kw name="Switch Load Connection" owner="BK8500Library">
<arg>${HARDWARE_ALIAS}</arg>
<doc>Make a previously opened connection current. Returns the previous alias.</doc>
<status status="PASS" start="2026-07-28T18:08:31.212286" elapsed="0.000099"/>
</kw>
<kw name="Claim Remote Control" owner="BK8500Library">
<doc>Put the load under remote control. Required before any setting.</doc>
<status status="PASS" start="2026-07-28T18:08:31.212441" elapsed="0.081086"/>
</kw>
<kw name="Load Input Off" owner="BK8500Library">
<doc>Open the load input. Safe to call at any time.</doc>
<status status="PASS" start="2026-07-28T18:08:31.293640" elapsed="0.204630"/>
</kw>
<kw name="Set Load Function" owner="BK8500Library">
<arg>FIXED</arg>
<doc>Select ``FIXED``, ``TRANSIENT``, ``LIST`` or ``BATTERY``.</doc>
<status status="PASS" start="2026-07-28T18:08:31.498440" elapsed="0.132455"/>
</kw>
<status status="PASS" start="2026-07-28T18:08:31.212125" elapsed="0.418845"/>
</kw>
<kw name="Claim Remote Control" owner="BK8500Library">
<doc>Put the load under remote control. Required before any setting.</doc>
<status status="PASS" start="2026-07-28T18:08:31.631186" elapsed="0.081100"/>
</kw>
<kw name="Measure Load Input" owner="BK8500Library">
<msg time="2026-07-28T18:08:31.796513" level="INFO">V = 4.9700 V, I = 0.0000 A, P = 0.0000 W, input OFF</msg>
<msg time="2026-07-28T18:08:31.796654" level="INFO">${reading} = {'voltage_v': 4.97, 'current_a': 0.0, 'power_w': 0.0, 'input_on': False, 'active_protections': [], 'operation_state': {'recalculating_demarcation_coefficient': False, 'waiting_for_trigger': False, 're...</msg>
<var>${reading}</var>
<doc>Return one reading: voltage, current, power, input state and flags.</doc>
<status status="PASS" start="2026-07-28T18:08:31.712829" elapsed="0.083843"/>
</kw>
<kw name="Should Be Equal" owner="BuiltIn">
<arg>${reading}[operation_state][remote_control_enabled]</arg>
<arg>${TRUE}</arg>
<doc>Fails if the given objects are unequal.</doc>
<status status="PASS" start="2026-07-28T18:08:31.797006" elapsed="0.000287"/>
</kw>
<kw name="Per Test Safe Teardown" type="TEARDOWN">
<kw name="Run Keyword And Ignore Error" owner="BuiltIn">
<kw name="Switch Load Connection" owner="BK8500Library">
<arg>${HARDWARE_ALIAS}</arg>
<doc>Make a previously opened connection current. Returns the previous alias.</doc>
<status status="PASS" start="2026-07-28T18:08:31.798164" elapsed="0.000085"/>
</kw>
<arg>Switch Load Connection</arg>
<arg>${HARDWARE_ALIAS}</arg>
<doc>Runs the given keyword with the given arguments and ignores possible error.</doc>
<status status="PASS" start="2026-07-28T18:08:31.797975" elapsed="0.000318"/>
</kw>
<kw name="Run Keyword And Ignore Error" owner="BuiltIn">
<kw name="Claim Remote Control" owner="BK8500Library">
<doc>Put the load under remote control. Required before any setting.</doc>
<status status="PASS" start="2026-07-28T18:08:31.798501" elapsed="0.081491"/>
</kw>
<arg>Claim Remote Control</arg>
<doc>Runs the given keyword with the given arguments and ignores possible error.</doc>
<status status="PASS" start="2026-07-28T18:08:31.798345" elapsed="0.081709"/>
</kw>
<kw name="Run Keyword And Ignore Error" owner="BuiltIn">
<kw name="Load Input Off" owner="BK8500Library">
<doc>Open the load input. Safe to call at any time.</doc>
<status status="PASS" start="2026-07-28T18:08:31.880362" elapsed="0.182220"/>
</kw>
<arg>Load Input Off</arg>
<doc>Runs the given keyword with the given arguments and ignores possible error.</doc>
<status status="PASS" start="2026-07-28T18:08:31.880157" elapsed="0.182492"/>
</kw>
<kw name="Run Keyword And Ignore Error" owner="BuiltIn">
<kw name="Set Load Function" owner="BK8500Library">
<arg>FIXED</arg>
<doc>Select ``FIXED``, ``TRANSIENT``, ``LIST`` or ``BATTERY``.</doc>
<status status="PASS" start="2026-07-28T18:08:32.062992" elapsed="0.133214"/>
</kw>
<arg>Set Load Function</arg>
<arg>FIXED</arg>
<doc>Runs the given keyword with the given arguments and ignores possible error.</doc>
<status status="PASS" start="2026-07-28T18:08:32.062750" elapsed="0.133528"/>
</kw>
<kw name="Run Keyword And Ignore Error" owner="BuiltIn">
<kw name="Set Local Key Enabled" owner="BK8500Library">
<arg>${TRUE}</arg>
<doc>Enable or disable the front panel LOCAL key while in remote control.</doc>
<status status="PASS" start="2026-07-28T18:08:32.196608" elapsed="0.082195"/>
</kw>
<arg>Set Local Key Enabled</arg>
<arg>${TRUE}</arg>
<doc>Runs the given keyword with the given arguments and ignores possible error.</doc>
<status status="PASS" start="2026-07-28T18:08:32.196381" elapsed="0.082481"/>
</kw>
<status status="PASS" start="2026-07-28T18:08:31.797794" elapsed="0.481108"/>
</kw>
<status status="PASS" start="2026-07-28T18:08:31.211734" elapsed="1.067390"/>
</test>
<test id="s1-t7" name="KW-008 Release Remote Control" line="89">
<kw name="Prepare Hardware For Keyword Test" type="SETUP">
<kw name="Switch Load Connection" owner="BK8500Library">
<arg>${HARDWARE_ALIAS}</arg>
<doc>Make a previously opened connection current. Returns the previous alias.</doc>
<status status="PASS" start="2026-07-28T18:08:32.280291" elapsed="0.000110"/>
</kw>
<kw name="Claim Remote Control" owner="BK8500Library">
<doc>Put the load under remote control. Required before any setting.</doc>
<status status="PASS" start="2026-07-28T18:08:32.280463" elapsed="0.081321"/>
</kw>
<kw name="Load Input Off" owner="BK8500Library">
<doc>Open the load input. Safe to call at any time.</doc>
<status status="PASS" start="2026-07-28T18:08:32.361899" elapsed="0.182441"/>
</kw>
<kw name="Set Load Function" owner="BK8500Library">
<arg>FIXED</arg>
<doc>Select ``FIXED``, ``TRANSIENT``, ``LIST`` or ``BATTERY``.</doc>
<status status="PASS" start="2026-07-28T18:08:32.544469" elapsed="0.132686"/>
</kw>
<status status="PASS" start="2026-07-28T18:08:32.280118" elapsed="0.397116"/>
</kw>
<kw name="Release Remote Control" owner="BK8500Library">
<doc>Return the load to front panel operation.</doc>
<status status="PASS" start="2026-07-28T18:08:32.677465" elapsed="0.081660"/>
</kw>
<kw name="Measure Load Input" owner="BK8500Library">
<msg time="2026-07-28T18:08:32.846277" level="INFO">V = 4.9700 V, I = 0.0000 A, P = 0.0000 W, input OFF</msg>
<msg time="2026-07-28T18:08:32.846420" level="INFO">${reading} = {'voltage_v': 4.97, 'current_a': 0.0, 'power_w': 0.0, 'input_on': False, 'active_protections': [], 'operation_state': {'recalculating_demarcation_coefficient': False, 'waiting_for_trigger': False, 're...</msg>
<var>${reading}</var>
<doc>Return one reading: voltage, current, power, input state and flags.</doc>
<status status="PASS" start="2026-07-28T18:08:32.759522" elapsed="0.086916"/>
</kw>
<kw name="Should Be Equal" owner="BuiltIn">
<arg>${reading}[operation_state][remote_control_enabled]</arg>
<arg>${FALSE}</arg>
<doc>Fails if the given objects are unequal.</doc>
<status status="PASS" start="2026-07-28T18:08:32.846847" elapsed="0.000261"/>
</kw>
<kw name="Claim Remote Control" owner="BK8500Library">
<doc>Put the load under remote control. Required before any setting.</doc>
<status status="PASS" start="2026-07-28T18:08:32.847436" elapsed="0.090908"/>
</kw>
<kw name="Per Test Safe Teardown" type="TEARDOWN">
<kw name="Run Keyword And Ignore Error" owner="BuiltIn">
<kw name="Switch Load Connection" owner="BK8500Library">
<arg>${HARDWARE_ALIAS}</arg>
<doc>Make a previously opened connection current. Returns the previous alias.</doc>
<status status="PASS" start="2026-07-28T18:08:32.939094" elapsed="0.000104"/>
</kw>
<arg>Switch Load Connection</arg>
<arg>${HARDWARE_ALIAS}</arg>
<doc>Runs the given keyword with the given arguments and ignores possible error.</doc>
<status status="PASS" start="2026-07-28T18:08:32.938882" elapsed="0.000352"/>
</kw>
<kw name="Run Keyword And Ignore Error" owner="BuiltIn">
<kw name="Claim Remote Control" owner="BK8500Library">
<doc>Put the load under remote control. Required before any setting.</doc>
<status status="PASS" start="2026-07-28T18:08:32.939446" elapsed="0.081306"/>
</kw>
<arg>Claim Remote Control</arg>
<doc>Runs the given keyword with the given arguments and ignores possible error.</doc>
<status status="PASS" start="2026-07-28T18:08:32.939289" elapsed="0.081520"/>
</kw>
<kw name="Run Keyword And Ignore Error" owner="BuiltIn">
<kw name="Load Input Off" owner="BK8500Library">
<doc>Open the load input. Safe to call at any time.</doc>
<status status="PASS" start="2026-07-28T18:08:33.021120" elapsed="0.181649"/>
</kw>
<arg>Load Input Off</arg>
<doc>Runs the given keyword with the given arguments and ignores possible error.</doc>
<status status="PASS" start="2026-07-28T18:08:33.020902" elapsed="0.181952"/>
</kw>
<kw name="Run Keyword And Ignore Error" owner="BuiltIn">
<kw name="Set Load Function" owner="BK8500Library">
<arg>FIXED</arg>
<doc>Select ``FIXED``, ``TRANSIENT``, ``LIST`` or ``BATTERY``.</doc>
<status status="PASS" start="2026-07-28T18:08:33.203332" elapsed="0.132632"/>
</kw>
<arg>Set Load Function</arg>
<arg>FIXED</arg>
<doc>Runs the given keyword with the given arguments and ignores possible error.</doc>
<status status="PASS" start="2026-07-28T18:08:33.202992" elapsed="0.133036"/>
</kw>
<kw name="Run Keyword And Ignore Error" owner="BuiltIn">
<kw name="Set Local Key Enabled" owner="BK8500Library">
<arg>${TRUE}</arg>
<doc>Enable or disable the front panel LOCAL key while in remote control.</doc>
<status status="PASS" start="2026-07-28T18:08:33.336366" elapsed="0.083835"/>
</kw>
<arg>Set Local Key Enabled</arg>
<arg>${TRUE}</arg>
<doc>Runs the given keyword with the given arguments and ignores possible error.</doc>
<status status="PASS" start="2026-07-28T18:08:33.336128" elapsed="0.084160"/>
</kw>
<status status="PASS" start="2026-07-28T18:08:32.938681" elapsed="0.481675"/>
</kw>
<status status="PASS" start="2026-07-28T18:08:32.279813" elapsed="1.140824"/>
</test>
<test id="s1-t8" name="KW-009 Set Local Key Enabled" line="95">
<kw name="Prepare Hardware For Keyword Test" type="SETUP">
<kw name="Switch Load Connection" owner="BK8500Library">
<arg>${HARDWARE_ALIAS}</arg>
<doc>Make a previously opened connection current. Returns the previous alias.</doc>
<status status="PASS" start="2026-07-28T18:08:33.422094" elapsed="0.000139"/>
</kw>
<kw name="Claim Remote Control" owner="BK8500Library">
<doc>Put the load under remote control. Required before any setting.</doc>
<status status="PASS" start="2026-07-28T18:08:33.422316" elapsed="0.080825"/>
</kw>
<kw name="Load Input Off" owner="BK8500Library">
<doc>Open the load input. Safe to call at any time.</doc>
<status status="PASS" start="2026-07-28T18:08:33.503259" elapsed="0.181629"/>
</kw>
<kw name="Set Load Function" owner="BK8500Library">
<arg>FIXED</arg>
<doc>Select ``FIXED``, ``TRANSIENT``, ``LIST`` or ``BATTERY``.</doc>
<status status="PASS" start="2026-07-28T18:08:33.685012" elapsed="0.133303"/>
</kw>
<status status="PASS" start="2026-07-28T18:08:33.421836" elapsed="0.396566"/>
</kw>
<kw name="Set Local Key Enabled" owner="BK8500Library">
<arg>${FALSE}</arg>
<doc>Enable or disable the front panel LOCAL key while in remote control.</doc>
<status status="PASS" start="2026-07-28T18:08:33.818721" elapsed="0.106299"/>
</kw>
<kw name="Measure Load Input" owner="BK8500Library">
<msg time="2026-07-28T18:08:34.009077" level="INFO">V = 4.9700 V, I = 0.0000 A, P = 0.0000 W, input OFF</msg>
<msg time="2026-07-28T18:08:34.009205" level="INFO">${reading} = {'voltage_v': 4.97, 'current_a': 0.0, 'power_w': 0.0, 'input_on': False, 'active_protections': [], 'operation_state': {'recalculating_demarcation_coefficient': False, 'waiting_for_trigger': False, 're...</msg>
<var>${reading}</var>
<doc>Return one reading: voltage, current, power, input state and flags.</doc>
<status status="PASS" start="2026-07-28T18:08:33.925394" elapsed="0.083829"/>
</kw>
<kw name="Should Be Equal" owner="BuiltIn">
<arg>${reading}[operation_state][local_key_enabled]</arg>
<arg>${FALSE}</arg>
<doc>Fails if the given objects are unequal.</doc>
<status status="PASS" start="2026-07-28T18:08:34.009511" elapsed="0.000409"/>
</kw>
<kw name="Set Local Key Enabled" owner="BK8500Library">
<arg>${TRUE}</arg>
<doc>Enable or disable the front panel LOCAL key while in remote control.</doc>
<status status="PASS" start="2026-07-28T18:08:34.010256" elapsed="0.081506"/>
</kw>
<kw name="Measure Load Input" owner="BK8500Library">
<msg time="2026-07-28T18:08:34.175774" level="INFO">V = 4.9700 V, I = 0.0000 A, P = 0.0000 W, input OFF</msg>
<msg time="2026-07-28T18:08:34.175955" level="INFO">${reading} = {'voltage_v': 4.97, 'current_a': 0.0, 'power_w': 0.0, 'input_on': False, 'active_protections': [], 'operation_state': {'recalculating_demarcation_coefficient': False, 'waiting_for_trigger': False, 're...</msg>
<var>${reading}</var>
<doc>Return one reading: voltage, current, power, input state and flags.</doc>
<status status="PASS" start="2026-07-28T18:08:34.092069" elapsed="0.083912"/>
</kw>
<kw name="Should Be Equal" owner="BuiltIn">
<arg>${reading}[operation_state][local_key_enabled]</arg>
<arg>${TRUE}</arg>
<doc>Fails if the given objects are unequal.</doc>
<status status="PASS" start="2026-07-28T18:08:34.176269" elapsed="0.000265"/>
</kw>
<kw name="Per Test Safe Teardown" type="TEARDOWN">
<kw name="Run Keyword And Ignore Error" owner="BuiltIn">
<kw name="Switch Load Connection" owner="BK8500Library">
<arg>${HARDWARE_ALIAS}</arg>
<doc>Make a previously opened connection current. Returns the previous alias.</doc>
<status status="PASS" start="2026-07-28T18:08:34.177213" elapsed="0.000084"/>
</kw>
<arg>Switch Load Connection</arg>
<arg>${HARDWARE_ALIAS}</arg>
<doc>Runs the given keyword with the given arguments and ignores possible error.</doc>
<status status="PASS" start="2026-07-28T18:08:34.177040" elapsed="0.000287"/>
</kw>
<kw name="Run Keyword And Ignore Error" owner="BuiltIn">
<kw name="Claim Remote Control" owner="BK8500Library">
<doc>Put the load under remote control. Required before any setting.</doc>
<status status="PASS" start="2026-07-28T18:08:34.177509" elapsed="0.107609"/>
</kw>
<arg>Claim Remote Control</arg>
<doc>Runs the given keyword with the given arguments and ignores possible error.</doc>
<status status="PASS" start="2026-07-28T18:08:34.177379" elapsed="0.107820"/>
</kw>
<kw name="Run Keyword And Ignore Error" owner="BuiltIn">
<kw name="Load Input Off" owner="BK8500Library">
<doc>Open the load input. Safe to call at any time.</doc>
<status status="PASS" start="2026-07-28T18:08:34.285632" elapsed="0.182644"/>
</kw>
<arg>Load Input Off</arg>
<doc>Runs the given keyword with the given arguments and ignores possible error.</doc>
<status status="PASS" start="2026-07-28T18:08:34.285333" elapsed="0.183045"/>
</kw>
<kw name="Run Keyword And Ignore Error" owner="BuiltIn">
<kw name="Set Load Function" owner="BK8500Library">
<arg>FIXED</arg>
<doc>Select ``FIXED``, ``TRANSIENT``, ``LIST`` or ``BATTERY``.</doc>
<status status="PASS" start="2026-07-28T18:08:34.468886" elapsed="0.131975"/>
</kw>
<arg>Set Load Function</arg>
<arg>FIXED</arg>
<doc>Runs the given keyword with the given arguments and ignores possible error.</doc>
<status status="PASS" start="2026-07-28T18:08:34.468537" elapsed="0.132388"/>
</kw>
<kw name="Run Keyword And Ignore Error" owner="BuiltIn">
<kw name="Set Local Key Enabled" owner="BK8500Library">
<arg>${TRUE}</arg>
<doc>Enable or disable the front panel LOCAL key while in remote control.</doc>
<status status="PASS" start="2026-07-28T18:08:34.601255" elapsed="0.081583"/>
</kw>
<arg>Set Local Key Enabled</arg>
<arg>${TRUE}</arg>
<doc>Runs the given keyword with the given arguments and ignores possible error.</doc>
<status status="PASS" start="2026-07-28T18:08:34.601024" elapsed="0.081880"/>
</kw>
<status status="PASS" start="2026-07-28T18:08:34.176872" elapsed="0.506078"/>
</kw>
<status status="PASS" start="2026-07-28T18:08:33.421433" elapsed="1.261719"/>
</test>
<test id="s1-t9" name="KW-010 Load Input On" line="103">
<kw name="Prepare Hardware For Keyword Test" type="SETUP">
<kw name="Switch Load Connection" owner="BK8500Library">
<arg>${HARDWARE_ALIAS}</arg>
<doc>Make a previously opened connection current. Returns the previous alias.</doc>
<status status="PASS" start="2026-07-28T18:08:34.684234" elapsed="0.000121"/>
</kw>
<kw name="Claim Remote Control" owner="BK8500Library">
<doc>Put the load under remote control. Required before any setting.</doc>
<status status="PASS" start="2026-07-28T18:08:34.684414" elapsed="0.081247"/>
</kw>
<kw name="Load Input Off" owner="BK8500Library">
<doc>Open the load input. Safe to call at any time.</doc>
<status status="PASS" start="2026-07-28T18:08:34.765807" elapsed="0.182025"/>
</kw>
<kw name="Set Load Function" owner="BK8500Library">
<arg>FIXED</arg>
<doc>Select ``FIXED``, ``TRANSIENT``, ``LIST`` or ``BATTERY``.</doc>
<status status="PASS" start="2026-07-28T18:08:34.947984" elapsed="0.133234"/>
</kw>
<status status="PASS" start="2026-07-28T18:08:34.683945" elapsed="0.397359"/>
</kw>
<kw name="Skip If" owner="BuiltIn">
<arg>not ${ALLOW_INPUT_ON}</arg>
<arg>Set ALLOW_INPUT_ON:true to exercise the energized input command.</arg>
<doc>Skips the rest of the current test if the ``condition`` is True.</doc>
<status status="PASS" start="2026-07-28T18:08:35.081556" elapsed="0.000292"/>
</kw>
<kw name="Apply Constant Current" owner="BK8500Library">
<arg>${TEST_CURRENT_A}</arg>
<arg>enable_input=${FALSE}</arg>
<doc>CC mode at ``current`` amperes, optionally closing the input.</doc>
<status status="PASS" start="2026-07-28T18:08:35.082041" elapsed="0.396579"/>
</kw>
<kw name="Load Input On" owner="BK8500Library">
<doc>Close the load input and start sinking current.</doc>
<status status="PASS" start="2026-07-28T18:08:35.478837" elapsed="0.181501"/>
</kw>
<kw name="Load Input State Should Be" owner="BK8500Library">
<arg>ON</arg>
<doc>Fail unless the input state matches ``ON`` or ``OFF``.</doc>
<status status="PASS" start="2026-07-28T18:08:35.660715" elapsed="0.083773"/>
</kw>
<kw name="Load Input Off" owner="BK8500Library">
<doc>Open the load input. Safe to call at any time.</doc>
<status status="PASS" start="2026-07-28T18:08:35.744748" elapsed="0.182975"/>
</kw>
<kw name="Per Test Safe Teardown" type="TEARDOWN">
<kw name="Run Keyword And Ignore Error" owner="BuiltIn">
<kw name="Switch Load Connection" owner="BK8500Library">
<arg>${HARDWARE_ALIAS}</arg>
<doc>Make a previously opened connection current. Returns the previous alias.</doc>
<status status="PASS" start="2026-07-28T18:08:35.928669" elapsed="0.000101"/>
</kw>
<arg>Switch Load Connection</arg>
<arg>${HARDWARE_ALIAS}</arg>
<doc>Runs the given keyword with the given arguments and ignores possible error.</doc>
<status status="PASS" start="2026-07-28T18:08:35.928454" elapsed="0.000354"/>
</kw>
<kw name="Run Keyword And Ignore Error" owner="BuiltIn">
<kw name="Claim Remote Control" owner="BK8500Library">
<doc>Put the load under remote control. Required before any setting.</doc>
<status status="PASS" start="2026-07-28T18:08:35.929005" elapsed="0.081117"/>
</kw>
<arg>Claim Remote Control</arg>
<doc>Runs the given keyword with the given arguments and ignores possible error.</doc>
<status status="PASS" start="2026-07-28T18:08:35.928863" elapsed="0.081320"/>
</kw>
<kw name="Run Keyword And Ignore Error" owner="BuiltIn">
<kw name="Load Input Off" owner="BK8500Library">
<doc>Open the load input. Safe to call at any time.</doc>
<status status="PASS" start="2026-07-28T18:08:36.010511" elapsed="0.181172"/>
</kw>
<arg>Load Input Off</arg>
<doc>Runs the given keyword with the given arguments and ignores possible error.</doc>
<status status="PASS" start="2026-07-28T18:08:36.010281" elapsed="0.181466"/>
</kw>
<kw name="Run Keyword And Ignore Error" owner="BuiltIn">
<kw name="Set Load Function" owner="BK8500Library">
<arg>FIXED</arg>
<doc>Select ``FIXED``, ``TRANSIENT``, ``LIST`` or ``BATTERY``.</doc>
<status status="PASS" start="2026-07-28T18:08:36.192086" elapsed="0.132042"/>
</kw>
<arg>Set Load Function</arg>
<arg>FIXED</arg>
<doc>Runs the given keyword with the given arguments and ignores possible error.</doc>
<status status="PASS" start="2026-07-28T18:08:36.191849" elapsed="0.132346"/>
</kw>
<kw name="Run Keyword And Ignore Error" owner="BuiltIn">
<kw name="Set Local Key Enabled" owner="BK8500Library">
<arg>${TRUE}</arg>
<doc>Enable or disable the front panel LOCAL key while in remote control.</doc>
<status status="PASS" start="2026-07-28T18:08:36.324533" elapsed="0.082730"/>
</kw>
<arg>Set Local Key Enabled</arg>
<arg>${TRUE}</arg>
<doc>Runs the given keyword with the given arguments and ignores possible error.</doc>
<status status="PASS" start="2026-07-28T18:08:36.324297" elapsed="0.083055"/>
</kw>
<status status="PASS" start="2026-07-28T18:08:35.928227" elapsed="0.479188"/>
</kw>
<status status="PASS" start="2026-07-28T18:08:34.683639" elapsed="1.724046"/>
</test>
<test id="s1-t10" name="KW-011 Load Input Off" line="110">
<kw name="Prepare Hardware For Keyword Test" type="SETUP">
<kw name="Switch Load Connection" owner="BK8500Library">
<arg>${HARDWARE_ALIAS}</arg>
<doc>Make a previously opened connection current. Returns the previous alias.</doc>
<status status="PASS" start="2026-07-28T18:08:36.409282" elapsed="0.000140"/>
</kw>
<kw name="Claim Remote Control" owner="BK8500Library">
<doc>Put the load under remote control. Required before any setting.</doc>
<status status="PASS" start="2026-07-28T18:08:36.409511" elapsed="0.081538"/>
</kw>
<kw name="Load Input Off" owner="BK8500Library">
<doc>Open the load input. Safe to call at any time.</doc>
<status status="PASS" start="2026-07-28T18:08:36.491167" elapsed="0.181255"/>
</kw>
<kw name="Set Load Function" owner="BK8500Library">
<arg>FIXED</arg>
<doc>Select ``FIXED``, ``TRANSIENT``, ``LIST`` or ``BATTERY``.</doc>
<status status="PASS" start="2026-07-28T18:08:36.672594" elapsed="0.132275"/>
</kw>
<status status="PASS" start="2026-07-28T18:08:36.409045" elapsed="0.395906"/>
</kw>
<kw name="Load Input Off" owner="BK8500Library">
<doc>Open the load input. Safe to call at any time.</doc>
<status status="PASS" start="2026-07-28T18:08:36.805257" elapsed="0.181657"/>
</kw>
<kw name="Load Input State Should Be" owner="BK8500Library">
<arg>OFF</arg>
<doc>Fail unless the input state matches ``ON`` or ``OFF``.</doc>
<status status="PASS" start="2026-07-28T18:08:36.987231" elapsed="0.083418"/>
</kw>
<kw name="Per Test Safe Teardown" type="TEARDOWN">
<kw name="Run Keyword And Ignore Error" owner="BuiltIn">
<kw name="Switch Load Connection" owner="BK8500Library">
<arg>${HARDWARE_ALIAS}</arg>
<doc>Make a previously opened connection current. Returns the previous alias.</doc>
<status status="PASS" start="2026-07-28T18:08:37.071412" elapsed="0.000097"/>
</kw>
<arg>Switch Load Connection</arg>
<arg>${HARDWARE_ALIAS}</arg>
<doc>Runs the given keyword with the given arguments and ignores possible error.</doc>
<status status="PASS" start="2026-07-28T18:08:37.071200" elapsed="0.000345"/>
</kw>
<kw name="Run Keyword And Ignore Error" owner="BuiltIn">
<kw name="Claim Remote Control" owner="BK8500Library">
<doc>Put the load under remote control. Required before any setting.</doc>
<status status="PASS" start="2026-07-28T18:08:37.071730" elapsed="0.101233"/>
</kw>
<arg>Claim Remote Control</arg>
<doc>Runs the given keyword with the given arguments and ignores possible error.</doc>
<status status="PASS" start="2026-07-28T18:08:37.071597" elapsed="0.101424"/>
</kw>
<kw name="Run Keyword And Ignore Error" owner="BuiltIn">
<kw name="Load Input Off" owner="BK8500Library">
<doc>Open the load input. Safe to call at any time.</doc>
<status status="PASS" start="2026-07-28T18:08:37.173333" elapsed="0.182511"/>
</kw>
<arg>Load Input Off</arg>
<doc>Runs the given keyword with the given arguments and ignores possible error.</doc>
<status status="PASS" start="2026-07-28T18:08:37.173114" elapsed="0.182799"/>
</kw>
<kw name="Run Keyword And Ignore Error" owner="BuiltIn">
<kw name="Set Load Function" owner="BK8500Library">
<arg>FIXED</arg>
<doc>Select ``FIXED``, ``TRANSIENT``, ``LIST`` or ``BATTERY``.</doc>
<status status="PASS" start="2026-07-28T18:08:37.356256" elapsed="0.133341"/>
</kw>
<arg>Set Load Function</arg>
<arg>FIXED</arg>
<doc>Runs the given keyword with the given arguments and ignores possible error.</doc>
<status status="PASS" start="2026-07-28T18:08:37.356027" elapsed="0.133639"/>
</kw>
<kw name="Run Keyword And Ignore Error" owner="BuiltIn">
<kw name="Set Local Key Enabled" owner="BK8500Library">
<arg>${TRUE}</arg>
<doc>Enable or disable the front panel LOCAL key while in remote control.</doc>
<status status="PASS" start="2026-07-28T18:08:37.489991" elapsed="0.081668"/>
</kw>
<arg>Set Local Key Enabled</arg>
<arg>${TRUE}</arg>
<doc>Runs the given keyword with the given arguments and ignores possible error.</doc>
<status status="PASS" start="2026-07-28T18:08:37.489764" elapsed="0.081956"/>
</kw>
<status status="PASS" start="2026-07-28T18:08:37.070999" elapsed="0.500761"/>
</kw>
<status status="PASS" start="2026-07-28T18:08:36.408307" elapsed="1.163649"/>
</test>
<test id="s1-t11" name="KW-012 Reset Load To Safe State" line="114">
<kw name="Prepare Hardware For Keyword Test" type="SETUP">
<kw name="Switch Load Connection" owner="BK8500Library">
<arg>${HARDWARE_ALIAS}</arg>
<doc>Make a previously opened connection current. Returns the previous alias.</doc>
<status status="PASS" start="2026-07-28T18:08:37.573076" elapsed="0.000162"/>
</kw>
<kw name="Claim Remote Control" owner="BK8500Library">
<doc>Put the load under remote control. Required before any setting.</doc>
<status status="PASS" start="2026-07-28T18:08:37.573361" elapsed="0.081089"/>
</kw>
<kw name="Load Input Off" owner="BK8500Library">
<doc>Open the load input. Safe to call at any time.</doc>
<status status="PASS" start="2026-07-28T18:08:37.654601" elapsed="0.181827"/>
</kw>
<kw name="Set Load Function" owner="BK8500Library">
<arg>FIXED</arg>
<doc>Select ``FIXED``, ``TRANSIENT``, ``LIST`` or ``BATTERY``.</doc>
<status status="PASS" start="2026-07-28T18:08:37.836554" elapsed="0.132773"/>
</kw>
<status status="PASS" start="2026-07-28T18:08:37.572767" elapsed="0.396668"/>
</kw>
<kw name="Reset Load To Safe State" owner="BK8500Library">
<doc>Input off, FIXED function, front panel handed back to the operator.</doc>
<status status="PASS" start="2026-07-28T18:08:37.969814" elapsed="0.658285"/>
</kw>
<kw name="Measure Load Input" owner="BK8500Library">
<msg time="2026-07-28T18:08:38.714450" level="INFO">V = 4.9700 V, I = 0.0000 A, P = 0.0000 W, input OFF</msg>
<msg time="2026-07-28T18:08:38.714580" level="INFO">${reading} = {'voltage_v': 4.97, 'current_a': 0.0, 'power_w': 0.0, 'input_on': False, 'active_protections': [], 'operation_state': {'recalculating_demarcation_coefficient': False, 'waiting_for_trigger': False, 're...</msg>
<var>${reading}</var>
<doc>Return one reading: voltage, current, power, input state and flags.</doc>
<status status="PASS" start="2026-07-28T18:08:38.628500" elapsed="0.086097"/>
</kw>
<kw name="Should Be Equal" owner="BuiltIn">
<arg>${reading}[input_on]</arg>
<arg>${FALSE}</arg>
<doc>Fails if the given objects are unequal.</doc>
<status status="PASS" start="2026-07-28T18:08:38.714882" elapsed="0.000279"/>
</kw>
<kw name="Should Be Equal" owner="BuiltIn">
<arg>${reading}[operation_state][remote_control_enabled]</arg>
<arg>${FALSE}</arg>
<doc>Fails if the given objects are unequal.</doc>
<status status="PASS" start="2026-07-28T18:08:38.715312" elapsed="0.000210"/>
</kw>
<kw name="Get Load Function" owner="BK8500Library">
<msg time="2026-07-28T18:08:38.797801" level="INFO">${function} = FIXED</msg>
<var>${function}</var>
<doc>Return the active function as a string.</doc>
<status status="PASS" start="2026-07-28T18:08:38.715643" elapsed="0.082189"/>
</kw>
<kw name="Should Be Equal" owner="BuiltIn">
<arg>${function}</arg>
<arg>FIXED</arg>
<doc>Fails if the given objects are unequal.</doc>
<status status="PASS" start="2026-07-28T18:08:38.798196" elapsed="0.000313"/>
</kw>
<kw name="Per Test Safe Teardown" type="TEARDOWN">
<kw name="Run Keyword And Ignore Error" owner="BuiltIn">
<kw name="Switch Load Connection" owner="BK8500Library">
<arg>${HARDWARE_ALIAS}</arg>
<doc>Make a previously opened connection current. Returns the previous alias.</doc>
<status status="PASS" start="2026-07-28T18:08:38.799216" elapsed="0.000085"/>
</kw>
<arg>Switch Load Connection</arg>
<arg>${HARDWARE_ALIAS}</arg>
<doc>Runs the given keyword with the given arguments and ignores possible error.</doc>
<status status="PASS" start="2026-07-28T18:08:38.799039" elapsed="0.000293"/>
</kw>
<kw name="Run Keyword And Ignore Error" owner="BuiltIn">
<kw name="Claim Remote Control" owner="BK8500Library">
<doc>Put the load under remote control. Required before any setting.</doc>
<status status="PASS" start="2026-07-28T18:08:38.799512" elapsed="0.081865"/>
</kw>
<arg>Claim Remote Control</arg>
<doc>Runs the given keyword with the given arguments and ignores possible error.</doc>
<status status="PASS" start="2026-07-28T18:08:38.799383" elapsed="0.082083"/>
</kw>
<kw name="Run Keyword And Ignore Error" owner="BuiltIn">
<kw name="Load Input Off" owner="BK8500Library">
<doc>Open the load input. Safe to call at any time.</doc>
<status status="PASS" start="2026-07-28T18:08:38.881927" elapsed="0.195851"/>
</kw>
<arg>Load Input Off</arg>
<doc>Runs the given keyword with the given arguments and ignores possible error.</doc>
<status status="PASS" start="2026-07-28T18:08:38.881618" elapsed="0.196226"/>
</kw>
<kw name="Run Keyword And Ignore Error" owner="BuiltIn">
<kw name="Set Load Function" owner="BK8500Library">
<arg>FIXED</arg>
<doc>Select ``FIXED``, ``TRANSIENT``, ``LIST`` or ``BATTERY``.</doc>
<status status="PASS" start="2026-07-28T18:08:39.078180" elapsed="0.132723"/>
</kw>
<arg>Set Load Function</arg>
<arg>FIXED</arg>
<doc>Runs the given keyword with the given arguments and ignores possible error.</doc>
<status status="PASS" start="2026-07-28T18:08:39.077941" elapsed="0.133031"/>
</kw>
<kw name="Run Keyword And Ignore Error" owner="BuiltIn">
<kw name="Set Local Key Enabled" owner="BK8500Library">
<arg>${TRUE}</arg>
<doc>Enable or disable the front panel LOCAL key while in remote control.</doc>
<status status="PASS" start="2026-07-28T18:08:39.211279" elapsed="0.081859"/>
</kw>
<arg>Set Local Key Enabled</arg>
<arg>${TRUE}</arg>
<doc>Runs the given keyword with the given arguments and ignores possible error.</doc>
<status status="PASS" start="2026-07-28T18:08:39.211066" elapsed="0.082133"/>
</kw>
<status status="PASS" start="2026-07-28T18:08:38.798870" elapsed="0.494370"/>
</kw>
<status status="PASS" start="2026-07-28T18:08:37.572346" elapsed="1.721162"/>
</test>
<test id="s1-t12" name="KW-013 Set Remote Sense" line="122">
<kw name="Prepare Hardware For Keyword Test" type="SETUP">
<kw name="Switch Load Connection" owner="BK8500Library">
<arg>${HARDWARE_ALIAS}</arg>
<doc>Make a previously opened connection current. Returns the previous alias.</doc>
<status status="PASS" start="2026-07-28T18:08:39.294816" elapsed="0.000106"/>
</kw>
<kw name="Claim Remote Control" owner="BK8500Library">
<doc>Put the load under remote control. Required before any setting.</doc>
<status status="PASS" start="2026-07-28T18:08:39.294982" elapsed="0.081244"/>
</kw>
<kw name="Load Input Off" owner="BK8500Library">
<doc>Open the load input. Safe to call at any time.</doc>
<status status="PASS" start="2026-07-28T18:08:39.376347" elapsed="0.181338"/>
</kw>
<kw name="Set Load Function" owner="BK8500Library">
<arg>FIXED</arg>
<doc>Select ``FIXED``, ``TRANSIENT``, ``LIST`` or ``BATTERY``.</doc>
<status status="PASS" start="2026-07-28T18:08:39.557883" elapsed="0.133292"/>
</kw>
<status status="PASS" start="2026-07-28T18:08:39.294647" elapsed="0.396628"/>
</kw>
<kw name="Set Remote Sense" owner="BK8500Library">
<arg>${TRUE}</arg>
<doc>Enable or disable 4-wire remote voltage sensing.</doc>
<status status="PASS" start="2026-07-28T18:08:39.691660" elapsed="0.282611"/>
</kw>
<kw name="Get Remote Sense" owner="BK8500Library">
<msg time="2026-07-28T18:08:40.060444" level="INFO">${enabled} = True</msg>
<var>${enabled}</var>
<doc>Return whether remote sensing is enabled.</doc>
<status status="PASS" start="2026-07-28T18:08:39.974605" elapsed="0.085888"/>
</kw>
<kw name="Should Be Equal" owner="BuiltIn">
<arg>${enabled}</arg>
<arg>${TRUE}</arg>
<doc>Fails if the given objects are unequal.</doc>
<status status="PASS" start="2026-07-28T18:08:40.060872" elapsed="0.000363"/>
</kw>
<kw name="Set Remote Sense" owner="BK8500Library">
<arg>${FALSE}</arg>
<doc>Enable or disable 4-wire remote voltage sensing.</doc>
<status status="PASS" start="2026-07-28T18:08:40.061364" elapsed="0.282886"/>
</kw>
<kw name="Get Remote Sense" owner="BK8500Library">
<msg time="2026-07-28T18:08:40.426437" level="INFO">${enabled} = False</msg>
<var>${enabled}</var>
<doc>Return whether remote sensing is enabled.</doc>
<status status="PASS" start="2026-07-28T18:08:40.344637" elapsed="0.081833"/>
</kw>
<kw name="Should Be Equal" owner="BuiltIn">
<arg>${enabled}</arg>
<arg>${FALSE}</arg>
<doc>Fails if the given objects are unequal.</doc>
<status status="PASS" start="2026-07-28T18:08:40.426849" elapsed="0.000365"/>
</kw>
<kw name="Per Test Safe Teardown" type="TEARDOWN">
<kw name="Run Keyword And Ignore Error" owner="BuiltIn">
<kw name="Switch Load Connection" owner="BK8500Library">
<arg>${HARDWARE_ALIAS}</arg>
<doc>Make a previously opened connection current. Returns the previous alias.</doc>
<status status="PASS" start="2026-07-28T18:08:40.428013" elapsed="0.000125"/>
</kw>
<arg>Switch Load Connection</arg>
<arg>${HARDWARE_ALIAS}</arg>
<doc>Runs the given keyword with the given arguments and ignores possible error.</doc>
<status status="PASS" start="2026-07-28T18:08:40.427827" elapsed="0.000346"/>
</kw>
<kw name="Run Keyword And Ignore Error" owner="BuiltIn">
<kw name="Claim Remote Control" owner="BK8500Library">
<doc>Put the load under remote control. Required before any setting.</doc>
<status status="PASS" start="2026-07-28T18:08:40.428367" elapsed="0.089259"/>
</kw>
<arg>Claim Remote Control</arg>
<doc>Runs the given keyword with the given arguments and ignores possible error.</doc>
<status status="PASS" start="2026-07-28T18:08:40.428228" elapsed="0.089472"/>
</kw>
<kw name="Run Keyword And Ignore Error" owner="BuiltIn">
<kw name="Load Input Off" owner="BK8500Library">
<doc>Open the load input. Safe to call at any time.</doc>
<status status="PASS" start="2026-07-28T18:08:40.518116" elapsed="0.181618"/>
</kw>
<arg>Load Input Off</arg>
<doc>Runs the given keyword with the given arguments and ignores possible error.</doc>
<status status="PASS" start="2026-07-28T18:08:40.517838" elapsed="0.181960"/>
</kw>
<kw name="Run Keyword And Ignore Error" owner="BuiltIn">
<kw name="Set Load Function" owner="BK8500Library">
<arg>FIXED</arg>
<doc>Select ``FIXED``, ``TRANSIENT``, ``LIST`` or ``BATTERY``.</doc>
<status status="PASS" start="2026-07-28T18:08:40.700141" elapsed="0.132511"/>
</kw>
<arg>Set Load Function</arg>
<arg>FIXED</arg>
<doc>Runs the given keyword with the given arguments and ignores possible error.</doc>
<status status="PASS" start="2026-07-28T18:08:40.699899" elapsed="0.132821"/>
</kw>
<kw name="Run Keyword And Ignore Error" owner="BuiltIn">
<kw name="Set Local Key Enabled" owner="BK8500Library">
<arg>${TRUE}</arg>
<doc>Enable or disable the front panel LOCAL key while in remote control.</doc>
<status status="PASS" start="2026-07-28T18:08:40.833048" elapsed="0.082165"/>
</kw>
<arg>Set Local Key Enabled</arg>
<arg>${TRUE}</arg>
<doc>Runs the given keyword with the given arguments and ignores possible error.</doc>
<status status="PASS" start="2026-07-28T18:08:40.832819" elapsed="0.082478"/>
</kw>
<status status="PASS" start="2026-07-28T18:08:40.427602" elapsed="0.487764"/>
</kw>
<status status="PASS" start="2026-07-28T18:08:39.294325" elapsed="1.621364"/>
</test>
<test id="s1-t13" name="KW-014 Get Remote Sense" line="130">
<kw name="Prepare Hardware For Keyword Test" type="SETUP">
<kw name="Switch Load Connection" owner="BK8500Library">
<arg>${HARDWARE_ALIAS}</arg>
<doc>Make a previously opened connection current. Returns the previous alias.</doc>
<status status="PASS" start="2026-07-28T18:08:40.916781" elapsed="0.000099"/>
</kw>
<kw name="Claim Remote Control" owner="BK8500Library">
<doc>Put the load under remote control. Required before any setting.</doc>
<status status="PASS" start="2026-07-28T18:08:40.916938" elapsed="0.082086"/>
</kw>
<kw name="Load Input Off" owner="BK8500Library">
<doc>Open the load input. Safe to call at any time.</doc>
<status status="PASS" start="2026-07-28T18:08:40.999146" elapsed="0.181616"/>
</kw>
<kw name="Set Load Function" owner="BK8500Library">
<arg>FIXED</arg>
<doc>Select ``FIXED``, ``TRANSIENT``, ``LIST`` or ``BATTERY``.</doc>
<status status="PASS" start="2026-07-28T18:08:41.180916" elapsed="0.132389"/>
</kw>
<status status="PASS" start="2026-07-28T18:08:40.916623" elapsed="0.396792"/>
</kw>
<kw name="Get Remote Sense" owner="BK8500Library">
<msg time="2026-07-28T18:08:41.395347" level="INFO">${enabled} = False</msg>
<var>${enabled}</var>
<doc>Return whether remote sensing is enabled.</doc>
<status status="PASS" start="2026-07-28T18:08:41.313647" elapsed="0.081734"/>
</kw>
<kw name="Should Be True" owner="BuiltIn">
<arg>$enabled is True or $enabled is False</arg>
<doc>Fails if the given condition is not true.</doc>
<status status="PASS" start="2026-07-28T18:08:41.395623" elapsed="0.000323"/>
</kw>
<kw name="Per Test Safe Teardown" type="TEARDOWN">
<kw name="Run Keyword And Ignore Error" owner="BuiltIn">
<kw name="Switch Load Connection" owner="BK8500Library">
<arg>${HARDWARE_ALIAS}</arg>
<doc>Make a previously opened connection current. Returns the previous alias.</doc>
<status status="PASS" start="2026-07-28T18:08:41.396609" elapsed="0.000091"/>
</kw>
<arg>Switch Load Connection</arg>
<arg>${HARDWARE_ALIAS}</arg>
<doc>Runs the given keyword with the given arguments and ignores possible error.</doc>
<status status="PASS" start="2026-07-28T18:08:41.396421" elapsed="0.000311"/>
</kw>
<kw name="Run Keyword And Ignore Error" owner="BuiltIn">
<kw name="Claim Remote Control" owner="BK8500Library">
<doc>Put the load under remote control. Required before any setting.</doc>
<status status="PASS" start="2026-07-28T18:08:41.396925" elapsed="0.105786"/>
</kw>
<arg>Claim Remote Control</arg>
<doc>Runs the given keyword with the given arguments and ignores possible error.</doc>
<status status="PASS" start="2026-07-28T18:08:41.396784" elapsed="0.105983"/>
</kw>
<kw name="Run Keyword And Ignore Error" owner="BuiltIn">
<kw name="Load Input Off" owner="BK8500Library">
<doc>Open the load input. Safe to call at any time.</doc>
<status status="PASS" start="2026-07-28T18:08:41.503069" elapsed="0.181318"/>
</kw>
<arg>Load Input Off</arg>
<doc>Runs the given keyword with the given arguments and ignores possible error.</doc>
<status status="PASS" start="2026-07-28T18:08:41.502857" elapsed="0.181590"/>
</kw>
<kw name="Run Keyword And Ignore Error" owner="BuiltIn">
<kw name="Set Load Function" owner="BK8500Library">
<arg>FIXED</arg>
<doc>Select ``FIXED``, ``TRANSIENT``, ``LIST`` or ``BATTERY``.</doc>
<status status="PASS" start="2026-07-28T18:08:41.684751" elapsed="0.133447"/>
</kw>
<arg>Set Load Function</arg>
<arg>FIXED</arg>
<doc>Runs the given keyword with the given arguments and ignores possible error.</doc>
<status status="PASS" start="2026-07-28T18:08:41.684543" elapsed="0.133721"/>
</kw>
<kw name="Run Keyword And Ignore Error" owner="BuiltIn">
<kw name="Set Local Key Enabled" owner="BK8500Library">
<arg>${TRUE}</arg>
<doc>Enable or disable the front panel LOCAL key while in remote control.</doc>
<status status="PASS" start="2026-07-28T18:08:41.818577" elapsed="0.081697"/>
</kw>
<arg>Set Local Key Enabled</arg>
<arg>${TRUE}</arg>
<doc>Runs the given keyword with the given arguments and ignores possible error.</doc>
<status status="PASS" start="2026-07-28T18:08:41.818359" elapsed="0.081976"/>
</kw>
<status status="PASS" start="2026-07-28T18:08:41.396246" elapsed="0.504130"/>
</kw>
<status status="PASS" start="2026-07-28T18:08:40.916354" elapsed="0.984273"/>
</test>
<test id="s1-t14" name="KW-015 Configure Load Protection" line="134">
<kw name="Prepare Hardware For Keyword Test" type="SETUP">
<kw name="Switch Load Connection" owner="BK8500Library">
<arg>${HARDWARE_ALIAS}</arg>
<doc>Make a previously opened connection current. Returns the previous alias.</doc>
<status status="PASS" start="2026-07-28T18:08:41.902003" elapsed="0.000108"/>
</kw>
<kw name="Claim Remote Control" owner="BK8500Library">
<doc>Put the load under remote control. Required before any setting.</doc>
<status status="PASS" start="2026-07-28T18:08:41.902168" elapsed="0.081356"/>
</kw>
<kw name="Load Input Off" owner="BK8500Library">
[...]
<doc>Put the load under remote control. Required before any setting.</doc>
<status status="PASS" start="2026-07-28T18:09:39.175915" elapsed="0.080892"/>
</kw>
<arg>Claim Remote Control</arg>
<doc>Runs the given keyword with the given arguments and ignores possible error.</doc>
<status status="PASS" start="2026-07-28T18:09:39.175794" elapsed="0.081102"/>
</kw>
<kw name="Run Keyword And Ignore Error" owner="BuiltIn">
<kw name="Load Input Off" owner="BK8500Library">
<doc>Open the load input. Safe to call at any time.</doc>
<status status="PASS" start="2026-07-28T18:09:39.257362" elapsed="0.181947"/>
</kw>
<arg>Load Input Off</arg>
<doc>Runs the given keyword with the given arguments and ignores possible error.</doc>
<status status="PASS" start="2026-07-28T18:09:39.257042" elapsed="0.182326"/>
</kw>
<kw name="Run Keyword And Ignore Error" owner="BuiltIn">
<kw name="Set Load Function" owner="BK8500Library">
<arg>FIXED</arg>
<doc>Select ``FIXED``, ``TRANSIENT``, ``LIST`` or ``BATTERY``.</doc>
<status status="PASS" start="2026-07-28T18:09:39.439693" elapsed="0.141460"/>
</kw>
<arg>Set Load Function</arg>
<arg>FIXED</arg>
<doc>Runs the given keyword with the given arguments and ignores possible error.</doc>
<status status="PASS" start="2026-07-28T18:09:39.439463" elapsed="0.141760"/>
</kw>
<kw name="Run Keyword And Ignore Error" owner="BuiltIn">
<kw name="Set Local Key Enabled" owner="BK8500Library">
<arg>${TRUE}</arg>
<doc>Enable or disable the front panel LOCAL key while in remote control.</doc>
<status status="PASS" start="2026-07-28T18:09:39.581552" elapsed="0.095005"/>
</kw>
<arg>Set Local Key Enabled</arg>
<arg>${TRUE}</arg>
<doc>Runs the given keyword with the given arguments and ignores possible error.</doc>
<status status="PASS" start="2026-07-28T18:09:39.581326" elapsed="0.095312"/>
</kw>
<status status="PASS" start="2026-07-28T18:09:39.175214" elapsed="0.501462"/>
</kw>
<status status="PASS" start="2026-07-28T18:09:38.511244" elapsed="1.165577"/>
</test>
<test id="s1-t54" name="KW-054 Load Mode Should Be" line="393">
<kw name="Prepare Hardware For Keyword Test" type="SETUP">
<kw name="Switch Load Connection" owner="BK8500Library">
<arg>${HARDWARE_ALIAS}</arg>
<doc>Make a previously opened connection current. Returns the previous alias.</doc>
<status status="PASS" start="2026-07-28T18:09:39.678181" elapsed="0.000109"/>
</kw>
<kw name="Claim Remote Control" owner="BK8500Library">
<doc>Put the load under remote control. Required before any setting.</doc>
<status status="PASS" start="2026-07-28T18:09:39.678377" elapsed="0.092697"/>
</kw>
<kw name="Load Input Off" owner="BK8500Library">
<doc>Open the load input. Safe to call at any time.</doc>
<status status="PASS" start="2026-07-28T18:09:39.771192" elapsed="0.181931"/>
</kw>
<kw name="Set Load Function" owner="BK8500Library">
<arg>FIXED</arg>
<doc>Select ``FIXED``, ``TRANSIENT``, ``LIST`` or ``BATTERY``.</doc>
<status status="PASS" start="2026-07-28T18:09:39.953312" elapsed="0.134001"/>
</kw>
<status status="PASS" start="2026-07-28T18:09:39.678003" elapsed="0.409440"/>
</kw>
<kw name="Set Load Mode" owner="BK8500Library">
<arg>CC</arg>
<doc>Select the regulation mode: ``CC``, ``CV``, ``CW`` or ``CR``.</doc>
<status status="PASS" start="2026-07-28T18:09:40.087865" elapsed="0.131669"/>
</kw>
<kw name="Load Mode Should Be" owner="BK8500Library">
<arg>CC</arg>
<doc>Fail unless the active regulation mode equals ``expected``.</doc>
<status status="PASS" start="2026-07-28T18:09:40.219797" elapsed="0.081656"/>
</kw>
<kw name="Per Test Safe Teardown" type="TEARDOWN">
<kw name="Run Keyword And Ignore Error" owner="BuiltIn">
<kw name="Switch Load Connection" owner="BK8500Library">
<arg>${HARDWARE_ALIAS}</arg>
<doc>Make a previously opened connection current. Returns the previous alias.</doc>
<status status="PASS" start="2026-07-28T18:09:40.302235" elapsed="0.000088"/>
</kw>
<arg>Switch Load Connection</arg>
<arg>${HARDWARE_ALIAS}</arg>
<doc>Runs the given keyword with the given arguments and ignores possible error.</doc>
<status status="PASS" start="2026-07-28T18:09:40.302046" elapsed="0.000307"/>
</kw>
<kw name="Run Keyword And Ignore Error" owner="BuiltIn">
<kw name="Claim Remote Control" owner="BK8500Library">
<doc>Put the load under remote control. Required before any setting.</doc>
<status status="PASS" start="2026-07-28T18:09:40.302572" elapsed="0.094230"/>
</kw>
<arg>Claim Remote Control</arg>
<doc>Runs the given keyword with the given arguments and ignores possible error.</doc>
<status status="PASS" start="2026-07-28T18:09:40.302399" elapsed="0.094484"/>
</kw>
<kw name="Run Keyword And Ignore Error" owner="BuiltIn">
<kw name="Load Input Off" owner="BK8500Library">
<doc>Open the load input. Safe to call at any time.</doc>
<status status="PASS" start="2026-07-28T18:09:40.397318" elapsed="0.182006"/>
</kw>
<arg>Load Input Off</arg>
<doc>Runs the given keyword with the given arguments and ignores possible error.</doc>
<status status="PASS" start="2026-07-28T18:09:40.397018" elapsed="0.182369"/>
</kw>
<kw name="Run Keyword And Ignore Error" owner="BuiltIn">
<kw name="Set Load Function" owner="BK8500Library">
<arg>FIXED</arg>
<doc>Select ``FIXED``, ``TRANSIENT``, ``LIST`` or ``BATTERY``.</doc>
<status status="PASS" start="2026-07-28T18:09:40.579724" elapsed="0.132034"/>
</kw>
<arg>Set Load Function</arg>
<arg>FIXED</arg>
<doc>Runs the given keyword with the given arguments and ignores possible error.</doc>
<status status="PASS" start="2026-07-28T18:09:40.579488" elapsed="0.132341"/>
</kw>
<kw name="Run Keyword And Ignore Error" owner="BuiltIn">
<kw name="Set Local Key Enabled" owner="BK8500Library">
<arg>${TRUE}</arg>
<doc>Enable or disable the front panel LOCAL key while in remote control.</doc>
<status status="PASS" start="2026-07-28T18:09:40.712156" elapsed="0.082117"/>
</kw>
<arg>Set Local Key Enabled</arg>
<arg>${TRUE}</arg>
<doc>Runs the given keyword with the given arguments and ignores possible error.</doc>
<status status="PASS" start="2026-07-28T18:09:40.711929" elapsed="0.082430"/>
</kw>
<status status="PASS" start="2026-07-28T18:09:40.301872" elapsed="0.492552"/>
</kw>
<status status="PASS" start="2026-07-28T18:09:39.677686" elapsed="1.116946"/>
</test>
<test id="s1-t55" name="KW-055 Get Load Connection Info" line="397">
<kw name="Prepare Hardware For Keyword Test" type="SETUP">
<kw name="Switch Load Connection" owner="BK8500Library">
<arg>${HARDWARE_ALIAS}</arg>
<doc>Make a previously opened connection current. Returns the previous alias.</doc>
<status status="PASS" start="2026-07-28T18:09:40.795544" elapsed="0.000135"/>
</kw>
<kw name="Claim Remote Control" owner="BK8500Library">
<doc>Put the load under remote control. Required before any setting.</doc>
<status status="PASS" start="2026-07-28T18:09:40.795764" elapsed="0.081588"/>
</kw>
<kw name="Load Input Off" owner="BK8500Library">
<doc>Open the load input. Safe to call at any time.</doc>
<status status="PASS" start="2026-07-28T18:09:40.877466" elapsed="0.182999"/>
</kw>
<kw name="Set Load Function" owner="BK8500Library">
<arg>FIXED</arg>
<doc>Select ``FIXED``, ``TRANSIENT``, ``LIST`` or ``BATTERY``.</doc>
<status status="PASS" start="2026-07-28T18:09:41.060586" elapsed="0.133820"/>
</kw>
<status status="PASS" start="2026-07-28T18:09:40.795294" elapsed="0.399188"/>
</kw>
<kw name="Get Load Connection Info" owner="BK8500Library">
<msg time="2026-07-28T18:09:41.194981" level="INFO">${info} = {'alias': 'hardware', 'transport': 'serial:COM12@9600', 'address': 0, 'signal_lines': {'dtr': True, 'rts': True}, 'response_style': 'echo', 'limits': {'model': '8500', 'max_voltage_v': 120.0, 'max_cur...</msg>
<var>${info}</var>
<doc>Return alias, transport description and rated limits of the current load.</doc>
<status status="PASS" start="2026-07-28T18:09:41.194852" elapsed="0.000147"/>
</kw>
<kw name="Should Be Equal" owner="BuiltIn">
<arg>${info}[alias]</arg>
<arg>${HARDWARE_ALIAS}</arg>
<doc>Fails if the given objects are unequal.</doc>
<status status="PASS" start="2026-07-28T18:09:41.195368" elapsed="0.000239"/>
</kw>
<kw name="Should Contain" owner="BuiltIn">
<arg>${info}[transport]</arg>
<arg>${PORT}</arg>
<doc>Fails if ``container`` does not contain ``item`` one or more times.</doc>
<status status="PASS" start="2026-07-28T18:09:41.195900" elapsed="0.000206"/>
</kw>
<kw name="Should Contain" owner="BuiltIn">
<arg>${info}[open_aliases]</arg>
<arg>${HARDWARE_ALIAS}</arg>
<doc>Fails if ``container`` does not contain ``item`` one or more times.</doc>
<status status="PASS" start="2026-07-28T18:09:41.196414" elapsed="0.000196"/>
</kw>
<kw name="Log Dictionary" owner="Collections">
<msg time="2026-07-28T18:09:41.196983" level="INFO">Dictionary size is 7 and it contains following items:
address: 0
alias: hardware
limits: {'model': '8500', 'max_voltage_v': 120.0, 'max_current_a': 30.0, 'max_power_w': 300.0}
open_aliases: ['hardware']
response_style: echo
signal_lines: {'dtr': True, 'rts': True}
transport: serial:COM12@9600</msg>
<arg>${info}</arg>
<doc>Logs the contents of the ``dictionary`` using the given ``level``.</doc>
<status status="PASS" start="2026-07-28T18:09:41.196887" elapsed="0.000126"/>
</kw>
<kw name="Per Test Safe Teardown" type="TEARDOWN">
<kw name="Run Keyword And Ignore Error" owner="BuiltIn">
<kw name="Switch Load Connection" owner="BK8500Library">
<arg>${HARDWARE_ALIAS}</arg>
<doc>Make a previously opened connection current. Returns the previous alias.</doc>
<status status="PASS" start="2026-07-28T18:09:41.197678" elapsed="0.000075"/>
</kw>
<arg>Switch Load Connection</arg>
<arg>${HARDWARE_ALIAS}</arg>
<doc>Runs the given keyword with the given arguments and ignores possible error.</doc>
<status status="PASS" start="2026-07-28T18:09:41.197523" elapsed="0.000258"/>
</kw>
<kw name="Run Keyword And Ignore Error" owner="BuiltIn">
<kw name="Claim Remote Control" owner="BK8500Library">
<doc>Put the load under remote control. Required before any setting.</doc>
<status status="PASS" start="2026-07-28T18:09:41.197950" elapsed="0.081319"/>
</kw>
<arg>Claim Remote Control</arg>
<doc>Runs the given keyword with the given arguments and ignores possible error.</doc>
<status status="PASS" start="2026-07-28T18:09:41.197830" elapsed="0.081503"/>
</kw>
<kw name="Run Keyword And Ignore Error" owner="BuiltIn">
<kw name="Load Input Off" owner="BK8500Library">
<doc>Open the load input. Safe to call at any time.</doc>
<status status="PASS" start="2026-07-28T18:09:41.279662" elapsed="0.181700"/>
</kw>
<arg>Load Input Off</arg>
<doc>Runs the given keyword with the given arguments and ignores possible error.</doc>
<status status="PASS" start="2026-07-28T18:09:41.279432" elapsed="0.181990"/>
</kw>
<kw name="Run Keyword And Ignore Error" owner="BuiltIn">
<kw name="Set Load Function" owner="BK8500Library">
<arg>FIXED</arg>
<doc>Select ``FIXED``, ``TRANSIENT``, ``LIST`` or ``BATTERY``.</doc>
<status status="PASS" start="2026-07-28T18:09:41.461742" elapsed="0.133236"/>
</kw>
<arg>Set Load Function</arg>
<arg>FIXED</arg>
<doc>Runs the given keyword with the given arguments and ignores possible error.</doc>
<status status="PASS" start="2026-07-28T18:09:41.461516" elapsed="0.133547"/>
</kw>
<kw name="Run Keyword And Ignore Error" owner="BuiltIn">
<kw name="Set Local Key Enabled" owner="BK8500Library">
<arg>${TRUE}</arg>
<doc>Enable or disable the front panel LOCAL key while in remote control.</doc>
<status status="PASS" start="2026-07-28T18:09:41.595487" elapsed="0.082206"/>
</kw>
<arg>Set Local Key Enabled</arg>
<arg>${TRUE}</arg>
<doc>Runs the given keyword with the given arguments and ignores possible error.</doc>
<status status="PASS" start="2026-07-28T18:09:41.595191" elapsed="0.082564"/>
</kw>
<status status="PASS" start="2026-07-28T18:09:41.197375" elapsed="0.480424"/>
</kw>
<status status="PASS" start="2026-07-28T18:09:40.794951" elapsed="0.883048"/>
</test>
<test id="s1-t56" name="KW-004 Close All Load Connections" line="404">
<kw name="Prepare Hardware For Keyword Test" type="SETUP">
<kw name="Switch Load Connection" owner="BK8500Library">
<arg>${HARDWARE_ALIAS}</arg>
<doc>Make a previously opened connection current. Returns the previous alias.</doc>
<status status="PASS" start="2026-07-28T18:09:41.679078" elapsed="0.000104"/>
</kw>
<kw name="Claim Remote Control" owner="BK8500Library">
<doc>Put the load under remote control. Required before any setting.</doc>
<status status="PASS" start="2026-07-28T18:09:41.679278" elapsed="0.080924"/>
</kw>
<kw name="Load Input Off" owner="BK8500Library">
<doc>Open the load input. Safe to call at any time.</doc>
<status status="PASS" start="2026-07-28T18:09:41.760318" elapsed="0.182153"/>
</kw>
<kw name="Set Load Function" owner="BK8500Library">
<arg>FIXED</arg>
<doc>Select ``FIXED``, ``TRANSIENT``, ``LIST`` or ``BATTERY``.</doc>
<status status="PASS" start="2026-07-28T18:09:41.942593" elapsed="0.132696"/>
</kw>
<status status="PASS" start="2026-07-28T18:09:41.678908" elapsed="0.396462"/>
</kw>
<kw name="Close All Load Connections" owner="BK8500Library">
<doc>Suite teardown keyword: safe-state and close every open load.</doc>
<status status="PASS" start="2026-07-28T18:09:42.075655" elapsed="0.671574"/>
</kw>
<kw name="Run Keyword And Expect Error" owner="BuiltIn">
<kw name="Get Load Connection Info" owner="BK8500Library">
<msg time="2026-07-28T18:09:42.748435" level="FAIL">BK8500ConnectionError: No DC load connection is open. Call 'Open Load Connection' first.</msg>
<doc>Return alias, transport description and rated limits of the current load.</doc>
<status status="FAIL" start="2026-07-28T18:09:42.748018" elapsed="0.000903">BK8500ConnectionError: No DC load connection is open. Call 'Open Load Connection' first.</status>
</kw>
<arg>*No DC load connection is open*</arg>
<arg>Get Load Connection Info</arg>
<doc>Runs the keyword and checks that the expected error occurred.</doc>
<status status="PASS" start="2026-07-28T18:09:42.747762" elapsed="0.001352"/>
</kw>
<kw name="Open Load Connection" owner="BK8500Library">
<msg time="2026-07-28T18:09:43.834995" level="INFO">Opened DC load connection 'hardware' -&gt; 8500 on serial:COM12@9600 (1687710135, firmware 1.84)</msg>
<arg>port=${PORT}</arg>
<arg>baudrate=${BAUDRATE}</arg>
<arg>model=${MODEL}</arg>
<arg>alias=${HARDWARE_ALIAS}</arg>
<arg>address=${ADDRESS}</arg>
<arg>timeout=${TIMEOUT}</arg>
<arg>simulated=${FALSE}</arg>
<arg>identify=${TRUE}</arg>
<doc>Open a connection to a DC load and make it current.</doc>
<status status="PASS" start="2026-07-28T18:09:42.749400" elapsed="1.085679"/>
</kw>
<kw name="Per Test Safe Teardown" type="TEARDOWN">
<kw name="Run Keyword And Ignore Error" owner="BuiltIn">
<kw name="Switch Load Connection" owner="BK8500Library">
<arg>${HARDWARE_ALIAS}</arg>
<doc>Make a previously opened connection current. Returns the previous alias.</doc>
<status status="PASS" start="2026-07-28T18:09:43.835845" elapsed="0.000099"/>
</kw>
<arg>Switch Load Connection</arg>
<arg>${HARDWARE_ALIAS}</arg>
<doc>Runs the given keyword with the given arguments and ignores possible error.</doc>
<status status="PASS" start="2026-07-28T18:09:43.835623" elapsed="0.000357"/>
</kw>
<kw name="Run Keyword And Ignore Error" owner="BuiltIn">
<kw name="Claim Remote Control" owner="BK8500Library">
<doc>Put the load under remote control. Required before any setting.</doc>
<status status="PASS" start="2026-07-28T18:09:43.836173" elapsed="0.081233"/>
</kw>
<arg>Claim Remote Control</arg>
<doc>Runs the given keyword with the given arguments and ignores possible error.</doc>
<status status="PASS" start="2026-07-28T18:09:43.836034" elapsed="0.081430"/>
</kw>
<kw name="Run Keyword And Ignore Error" owner="BuiltIn">
<kw name="Load Input Off" owner="BK8500Library">
<doc>Open the load input. Safe to call at any time.</doc>
<status status="PASS" start="2026-07-28T18:09:43.917781" elapsed="0.188154"/>
</kw>
<arg>Load Input Off</arg>
<doc>Runs the given keyword with the given arguments and ignores possible error.</doc>
<status status="PASS" start="2026-07-28T18:09:43.917559" elapsed="0.188444"/>
</kw>
<kw name="Run Keyword And Ignore Error" owner="BuiltIn">
<kw name="Set Load Function" owner="BK8500Library">
<arg>FIXED</arg>
<doc>Select ``FIXED``, ``TRANSIENT``, ``LIST`` or ``BATTERY``.</doc>
<status status="PASS" start="2026-07-28T18:09:44.106396" elapsed="0.132294"/>
</kw>
<arg>Set Load Function</arg>
<arg>FIXED</arg>
<doc>Runs the given keyword with the given arguments and ignores possible error.</doc>
<status status="PASS" start="2026-07-28T18:09:44.106110" elapsed="0.132683"/>
</kw>
<kw name="Run Keyword And Ignore Error" owner="BuiltIn">
<kw name="Set Local Key Enabled" owner="BK8500Library">
<arg>${TRUE}</arg>
<doc>Enable or disable the front panel LOCAL key while in remote control.</doc>
<status status="PASS" start="2026-07-28T18:09:44.239163" elapsed="0.081886"/>
</kw>
<arg>Set Local Key Enabled</arg>
<arg>${TRUE}</arg>
<doc>Runs the given keyword with the given arguments and ignores possible error.</doc>
<status status="PASS" start="2026-07-28T18:09:44.238918" elapsed="0.082191"/>
</kw>
<status status="PASS" start="2026-07-28T18:09:43.835433" elapsed="0.485716"/>
</kw>
<doc>This final test closes every connection, verifies the disconnected state, then reopens hardware for suite teardown.</doc>
<status status="PASS" start="2026-07-28T18:09:41.678437" elapsed="2.642877"/>
</test>
<kw name="Final Safe Teardown" type="TEARDOWN">
<kw name="Run Keyword And Ignore Error" owner="BuiltIn">
<kw name="Switch Load Connection" owner="BK8500Library">
<arg>${HARDWARE_ALIAS}</arg>
<doc>Make a previously opened connection current. Returns the previous alias.</doc>
<status status="PASS" start="2026-07-28T18:09:44.322396" elapsed="0.000093"/>
</kw>
<arg>Switch Load Connection</arg>
<arg>${HARDWARE_ALIAS}</arg>
<doc>Runs the given keyword with the given arguments and ignores possible error.</doc>
<status status="PASS" start="2026-07-28T18:09:44.322200" elapsed="0.000325"/>
</kw>
<kw name="Run Keyword And Ignore Error" owner="BuiltIn">
<kw name="Reset Load To Safe State" owner="BK8500Library">
<doc>Input off, FIXED function, front panel handed back to the operator.</doc>
<status status="PASS" start="2026-07-28T18:09:44.322739" elapsed="0.657487"/>
</kw>
<arg>Reset Load To Safe State</arg>
<doc>Runs the given keyword with the given arguments and ignores possible error.</doc>
<status status="PASS" start="2026-07-28T18:09:44.322592" elapsed="0.657700"/>
</kw>
<kw name="Close All Load Connections" owner="BK8500Library">
<doc>Suite teardown keyword: safe-state and close every open load.</doc>
<status status="PASS" start="2026-07-28T18:09:44.980405" elapsed="0.687052"/>
</kw>
<status status="PASS" start="2026-07-28T18:09:44.322068" elapsed="1.345493"/>
</kw>
<doc>Full real-device conformance test for every public BK8500Library keyword.
The suite communicates with the physical load, verifies command replies and
readback where available, and reports each keyword independently.
The input remains OFF unless ALLOW_INPUT_ON is explicitly true.
Persistent list/settings slots are untouched unless ALLOW_PERSISTENT_WRITES is true.</doc>
<meta name="Driver source version">26.14.0</meta>
<meta name="Hardware transport">COM12 at 9600 baud, address 0</meta>
<meta name="Host platform">Windows-11-10.0.22631-SP0</meta>
<meta name="Installed distribution version">26.14.0</meta>
<meta name="Instrument firmware version">1.84</meta>
<meta name="Instrument model">8500</meta>
<meta name="Instrument serial number">1687710135</meta>
<meta name="Python version">3.13.5</meta>
<meta name="Robot Framework version">7.4.2</meta>
<status status="PASS" start="2026-07-28T18:08:18.508058" elapsed="87.159538"/>
</suite>
<statistics>
<total>
<stat pass="56" fail="0" skip="0">All Tests</stat>
</total>
<tag>
</tag>
<suite>
<stat name="01 All Library Keywords" id="s1" pass="56" fail="0" skip="0">01 All Library Keywords</stat>
</suite>
</statistics>
<errors>
</errors>
</robot>
