{"meta": {"format": 3, "version": "7.13.3", "timestamp": "2026-07-31T16:05:26.333289", "branch_coverage": true, "show_contexts": false}, "files": {"rf_votsch_climate_chamber/__init__.py": {"executed_lines": [3, 4, 6, 13], "summary": {"covered_lines": 4, "num_statements": 4, "percent_covered": 100.0, "percent_covered_display": "100", "missing_lines": 0, "excluded_lines": 0, "percent_statements_covered": 100.0, "percent_statements_covered_display": "100", "num_branches": 0, "num_partial_branches": 0, "covered_branches": 0, "missing_branches": 0, "percent_branches_covered": 100.0, "percent_branches_covered_display": "100"}, "missing_lines": [], "excluded_lines": [], "executed_branches": [], "missing_branches": [], "functions": {"": {"executed_lines": [3, 4, 6, 13], "summary": {"covered_lines": 4, "num_statements": 4, "percent_covered": 100.0, "percent_covered_display": "100", "missing_lines": 0, "excluded_lines": 0, "percent_statements_covered": 100.0, "percent_statements_covered_display": "100", "num_branches": 0, "num_partial_branches": 0, "covered_branches": 0, "missing_branches": 0, "percent_branches_covered": 100.0, "percent_branches_covered_display": "100"}, "missing_lines": [], "excluded_lines": [], "start_line": 1, "executed_branches": [], "missing_branches": []}}, "classes": {"": {"executed_lines": [3, 4, 6, 13], "summary": {"covered_lines": 4, "num_statements": 4, "percent_covered": 100.0, "percent_covered_display": "100", "missing_lines": 0, "excluded_lines": 0, "percent_statements_covered": 100.0, "percent_statements_covered_display": "100", "num_branches": 0, "num_partial_branches": 0, "covered_branches": 0, "missing_branches": 0, "percent_branches_covered": 100.0, "percent_branches_covered_display": "100"}, "missing_lines": [], "excluded_lines": [], "start_line": 1, "executed_branches": [], "missing_branches": []}}}, "rf_votsch_climate_chamber/capabilities.py": {"executed_lines": [3, 5, 6, 8, 23, 94, 95, 98, 99], "summary": {"covered_lines": 9, "num_statements": 9, "percent_covered": 100.0, "percent_covered_display": "100", "missing_lines": 0, "excluded_lines": 0, "percent_statements_covered": 100.0, "percent_statements_covered_display": "100", "num_branches": 0, "num_partial_branches": 0, "covered_branches": 0, "missing_branches": 0, "percent_branches_covered": 100.0, "percent_branches_covered_display": "100"}, "missing_lines": [], "excluded_lines": [], "executed_branches": [], "missing_branches": [], "functions": {"get_capability_ids": {"executed_lines": [95], "summary": {"covered_lines": 1, "num_statements": 1, "percent_covered": 100.0, "percent_covered_display": "100", "missing_lines": 0, "excluded_lines": 0, "percent_statements_covered": 100.0, "percent_statements_covered_display": "100", "num_branches": 0, "num_partial_branches": 0, "covered_branches": 0, "missing_branches": 0, "percent_branches_covered": 100.0, "percent_branches_covered_display": "100"}, "missing_lines": [], "excluded_lines": [], "start_line": 94, "executed_branches": [], "missing_branches": []}, "get_capability_model": {"executed_lines": [99], "summary": {"covered_lines": 1, "num_statements": 1, "percent_covered": 100.0, "percent_covered_display": "100", "missing_lines": 0, "excluded_lines": 0, "percent_statements_covered": 100.0, "percent_statements_covered_display": "100", "num_branches": 0, "num_partial_branches": 0, "covered_branches": 0, "missing_branches": 0, "percent_branches_covered": 100.0, "percent_branches_covered_display": "100"}, "missing_lines": [], "excluded_lines": [], "start_line": 98, "executed_branches": [], "missing_branches": []}, "": {"executed_lines": [3, 5, 6, 8, 23, 94, 98], "summary": {"covered_lines": 7, "num_statements": 7, "percent_covered": 100.0, "percent_covered_display": "100", "missing_lines": 0, "excluded_lines": 0, "percent_statements_covered": 100.0, "percent_statements_covered_display": "100", "num_branches": 0, "num_partial_branches": 0, "covered_branches": 0, "missing_branches": 0, "percent_branches_covered": 100.0, "percent_branches_covered_display": "100"}, "missing_lines": [], "excluded_lines": [], "start_line": 1, "executed_branches": [], "missing_branches": []}}, "classes": {"": {"executed_lines": [3, 5, 6, 8, 23, 94, 95, 98, 99], "summary": {"covered_lines": 9, "num_statements": 9, "percent_covered": 100.0, "percent_covered_display": "100", "missing_lines": 0, "excluded_lines": 0, "percent_statements_covered": 100.0, "percent_statements_covered_display": "100", "num_branches": 0, "num_partial_branches": 0, "covered_branches": 0, "missing_branches": 0, "percent_branches_covered": 100.0, "percent_branches_covered_display": "100"}, "missing_lines": [], "excluded_lines": [], "start_line": 1, "executed_branches": [], "missing_branches": []}}}, "rf_votsch_climate_chamber/configuration.py": {"executed_lines": [8, 10, 11, 12, 13, 14, 15, 16, 17, 18, 20, 22, 23, 27, 28, 29, 32, 33, 36, 37, 40, 41, 42, 43, 44, 47, 48, 49, 50, 51, 53, 54, 61, 62, 64, 65, 66, 67, 68, 69, 71, 73, 74, 75, 78, 79, 80, 81, 82, 91, 92, 93, 101, 102, 103, 104, 106, 107, 108, 109, 116, 124, 133, 134, 135, 137, 138, 139, 140, 141, 142, 147, 149, 155, 156, 157, 158, 159, 160, 165, 166, 167, 168, 177, 178, 179, 182, 184, 185, 186, 188, 190, 191, 193, 194, 195, 196, 197, 198, 200, 201, 203, 204, 205, 206, 207, 209, 210, 217, 221, 223, 224, 233, 234, 235, 236, 237, 238, 239, 241, 242, 243, 244, 245, 246, 247, 260, 261, 263, 265, 266, 267, 269, 270, 271, 273, 274, 275, 276, 277, 278, 280, 281, 289, 305, 306, 307], "summary": {"covered_lines": 147, "num_statements": 185, "percent_covered": 72.69076305220884, "percent_covered_display": "73", "missing_lines": 38, "excluded_lines": 2, "percent_statements_covered": 79.45945945945945, "percent_statements_covered_display": "79", "num_branches": 64, "num_partial_branches": 18, "covered_branches": 34, "missing_branches": 30, "percent_branches_covered": 53.125, "percent_branches_covered_display": "53"}, "missing_lines": [70, 76, 77, 94, 96, 97, 98, 99, 100, 105, 110, 136, 143, 144, 145, 146, 161, 180, 181, 187, 192, 202, 218, 219, 220, 248, 249, 250, 251, 252, 253, 254, 255, 256, 257, 258, 262, 268], "excluded_lines": [24, 25], "executed_branches": [[48, 49], [48, 51], [69, 71], [81, 82], [81, 91], [91, 92], [93, 101], [104, 106], [109, 116], [135, 137], [138, 139], [138, 142], [142, 147], [158, 159], [160, 165], [179, 182], [186, 188], [191, 193], [196, 197], [196, 198], [201, 203], [204, 205], [204, 206], [217, 221], [235, 236], [235, 239], [236, 235], [236, 237], [242, 243], [242, 244], [244, 245], [261, 263], [267, 269], [305, 306]], "missing_branches": [[69, 70], [91, 96], [93, 94], [96, 97], [96, 99], [97, 96], [97, 98], [99, 100], [99, 101], [104, 105], [109, 110], [135, 136], [142, 143], [143, 144], [143, 145], [158, 168], [160, 161], [179, 180], [186, 187], [191, 192], [201, 202], [217, 218], [244, 250], [250, 251], [250, 258], [255, 256], [255, 257], [261, 262], [267, 268], [305, 307]], "functions": {"canonical_json": {"executed_lines": [33], "summary": {"covered_lines": 1, "num_statements": 1, "percent_covered": 100.0, "percent_covered_display": "100", "missing_lines": 0, "excluded_lines": 0, "percent_statements_covered": 100.0, "percent_statements_covered_display": "100", "num_branches": 0, "num_partial_branches": 0, "covered_branches": 0, "missing_branches": 0, "percent_branches_covered": 100.0, "percent_branches_covered_display": "100"}, "missing_lines": [], "excluded_lines": [], "start_line": 32, "executed_branches": [], "missing_branches": []}, "fingerprint": {"executed_lines": [37], "summary": {"covered_lines": 1, "num_statements": 1, "percent_covered": 100.0, "percent_covered_display": "100", "missing_lines": 0, "excluded_lines": 0, "percent_statements_covered": 100.0, "percent_statements_covered_display": "100", "num_branches": 0, "num_partial_branches": 0, "covered_branches": 0, "missing_branches": 0, "percent_branches_covered": 100.0, "percent_branches_covered_display": "100"}, "missing_lines": [], "excluded_lines": [], "start_line": 36, "executed_branches": [], "missing_branches": []}, "ConfigurationManager.__init__": {"executed_lines": [42, 43, 44, 47, 48, 49, 50, 51], "summary": {"covered_lines": 8, "num_statements": 8, "percent_covered": 100.0, "percent_covered_display": "100", "missing_lines": 0, "excluded_lines": 0, "percent_statements_covered": 100.0, "percent_statements_covered_display": "100", "num_branches": 2, "num_partial_branches": 0, "covered_branches": 2, "missing_branches": 0, "percent_branches_covered": 100.0, "percent_branches_covered_display": "100"}, "missing_lines": [], "excluded_lines": [], "start_line": 41, "executed_branches": [[48, 49], [48, 51]], "missing_branches": []}, "ConfigurationManager.get_schema": {"executed_lines": [54], "summary": {"covered_lines": 1, "num_statements": 1, "percent_covered": 100.0, "percent_covered_display": "100", "missing_lines": 0, "excluded_lines": 0, "percent_statements_covered": 100.0, "percent_statements_covered_display": "100", "num_branches": 0, "num_partial_branches": 0, "covered_branches": 0, "missing_branches": 0, "percent_branches_covered": 100.0, "percent_branches_covered_display": "100"}, "missing_lines": [], "excluded_lines": [], "start_line": 53, "executed_branches": [], "missing_branches": []}, "ConfigurationManager.get_default": {"executed_lines": [62], "summary": {"covered_lines": 1, "num_statements": 1, "percent_covered": 100.0, "percent_covered_display": "100", "missing_lines": 0, "excluded_lines": 0, "percent_statements_covered": 100.0, "percent_statements_covered_display": "100", "num_branches": 0, "num_partial_branches": 0, "covered_branches": 0, "missing_branches": 0, "percent_branches_covered": 100.0, "percent_branches_covered_display": "100"}, "missing_lines": [], "excluded_lines": [], "start_line": 61, "executed_branches": [], "missing_branches": []}, "ConfigurationManager.get_effective": {"executed_lines": [65, 66, 67, 68, 69, 71], "summary": {"covered_lines": 6, "num_statements": 7, "percent_covered": 77.77777777777777, "percent_covered_display": "78", "missing_lines": 1, "excluded_lines": 0, "percent_statements_covered": 85.71428571428571, "percent_statements_covered_display": "86", "num_branches": 2, "num_partial_branches": 1, "covered_branches": 1, "missing_branches": 1, "percent_branches_covered": 50.0, "percent_branches_covered_display": "50"}, "missing_lines": [70], "excluded_lines": [], "start_line": 64, "executed_branches": [[69, 71]], "missing_branches": [[69, 70]]}, "ConfigurationManager.validate": {"executed_lines": [74, 75, 78, 79, 80, 81, 82, 91, 92, 93, 101, 102, 103, 104, 106, 107, 108, 109, 116], "summary": {"covered_lines": 19, "num_statements": 29, "percent_covered": 55.55555555555556, "percent_covered_display": "56", "missing_lines": 10, "excluded_lines": 0, "percent_statements_covered": 65.51724137931035, "percent_statements_covered_display": "66", "num_branches": 16, "num_partial_branches": 4, "covered_branches": 6, "missing_branches": 10, "percent_branches_covered": 37.5, "percent_branches_covered_display": "38"}, "missing_lines": [76, 77, 94, 96, 97, 98, 99, 100, 105, 110], "excluded_lines": [], "start_line": 73, "executed_branches": [[81, 82], [81, 91], [91, 92], [93, 101], [104, 106], [109, 116]], "missing_branches": [[91, 96], [93, 94], [96, 97], [96, 99], [97, 96], [97, 98], [99, 100], [99, 101], [104, 105], [109, 110]]}, "ConfigurationManager.import_configuration": {"executed_lines": [133, 134, 135, 137, 138, 139, 140, 141, 142, 147], "summary": {"covered_lines": 10, "num_statements": 15, "percent_covered": 60.869565217391305, "percent_covered_display": "61", "missing_lines": 5, "excluded_lines": 0, "percent_statements_covered": 66.66666666666667, "percent_statements_covered_display": "67", "num_branches": 8, "num_partial_branches": 2, "covered_branches": 4, "missing_branches": 4, "percent_branches_covered": 50.0, "percent_branches_covered_display": "50"}, "missing_lines": [136, 143, 144, 145, 146], "excluded_lines": [], "start_line": 124, "executed_branches": [[135, 137], [138, 139], [138, 142], [142, 147]], "missing_branches": [[135, 136], [142, 143], [143, 144], [143, 145]]}, "ConfigurationManager.export_configuration": {"executed_lines": [155, 156, 157, 158, 159, 160, 165, 166, 167, 168], "summary": {"covered_lines": 10, "num_statements": 11, "percent_covered": 80.0, "percent_covered_display": "80", "missing_lines": 1, "excluded_lines": 0, "percent_statements_covered": 90.9090909090909, "percent_statements_covered_display": "91", "num_branches": 4, "num_partial_branches": 2, "covered_branches": 2, "missing_branches": 2, "percent_branches_covered": 50.0, "percent_branches_covered_display": "50"}, "missing_lines": [161], "excluded_lines": [], "start_line": 149, "executed_branches": [[158, 159], [160, 165]], "missing_branches": [[158, 168], [160, 161]]}, "ConfigurationManager.save_profile": {"executed_lines": [178, 179, 182], "summary": {"covered_lines": 3, "num_statements": 5, "percent_covered": 57.142857142857146, "percent_covered_display": "57", "missing_lines": 2, "excluded_lines": 0, "percent_statements_covered": 60.0, "percent_statements_covered_display": "60", "num_branches": 2, "num_partial_branches": 1, "covered_branches": 1, "missing_branches": 1, "percent_branches_covered": 50.0, "percent_branches_covered_display": "50"}, "missing_lines": [180, 181], "excluded_lines": [], "start_line": 177, "executed_branches": [[179, 182]], "missing_branches": [[179, 180]]}, "ConfigurationManager.load_profile": {"executed_lines": [185, 186, 188], "summary": {"covered_lines": 3, "num_statements": 4, "percent_covered": 66.66666666666667, "percent_covered_display": "67", "missing_lines": 1, "excluded_lines": 0, "percent_statements_covered": 75.0, "percent_statements_covered_display": "75", "num_branches": 2, "num_partial_branches": 1, "covered_branches": 1, "missing_branches": 1, "percent_branches_covered": 50.0, "percent_branches_covered_display": "50"}, "missing_lines": [187], "excluded_lines": [], "start_line": 184, "executed_branches": [[186, 188]], "missing_branches": [[186, 187]]}, "ConfigurationManager.list_profiles": {"executed_lines": [191, 193, 194, 195, 196, 197, 198], "summary": {"covered_lines": 7, "num_statements": 8, "percent_covered": 83.33333333333333, "percent_covered_display": "83", "missing_lines": 1, "excluded_lines": 0, "percent_statements_covered": 87.5, "percent_statements_covered_display": "88", "num_branches": 4, "num_partial_branches": 1, "covered_branches": 3, "missing_branches": 1, "percent_branches_covered": 75.0, "percent_branches_covered_display": "75"}, "missing_lines": [192], "excluded_lines": [], "start_line": 190, "executed_branches": [[191, 193], [196, 197], [196, 198]], "missing_branches": [[191, 192]]}, "ConfigurationManager.delete_profile": {"executed_lines": [201, 203, 204, 205, 206, 207], "summary": {"covered_lines": 6, "num_statements": 7, "percent_covered": 81.81818181818181, "percent_covered_display": "82", "missing_lines": 1, "excluded_lines": 0, "percent_statements_covered": 85.71428571428571, "percent_statements_covered_display": "86", "num_branches": 4, "num_partial_branches": 1, "covered_branches": 3, "missing_branches": 1, "percent_branches_covered": 75.0, "percent_branches_covered_display": "75"}, "missing_lines": [202], "excluded_lines": [], "start_line": 200, "executed_branches": [[201, 203], [204, 205], [204, 206]], "missing_branches": [[201, 202]]}, "ConfigurationManager.reset": {"executed_lines": [210, 217, 221], "summary": {"covered_lines": 3, "num_statements": 6, "percent_covered": 50.0, "percent_covered_display": "50", "missing_lines": 3, "excluded_lines": 0, "percent_statements_covered": 50.0, "percent_statements_covered_display": "50", "num_branches": 2, "num_partial_branches": 1, "covered_branches": 1, "missing_branches": 1, "percent_branches_covered": 50.0, "percent_branches_covered_display": "50"}, "missing_lines": [218, 219, 220], "excluded_lines": [], "start_line": 209, "executed_branches": [[217, 221]], "missing_branches": [[217, 218]]}, "ConfigurationManager._strip_runtime_annotations": {"executed_lines": [233, 234, 235, 236, 237, 238, 239], "summary": {"covered_lines": 7, "num_statements": 7, "percent_covered": 100.0, "percent_covered_display": "100", "missing_lines": 0, "excluded_lines": 0, "percent_statements_covered": 100.0, "percent_statements_covered_display": "100", "num_branches": 4, "num_partial_branches": 0, "covered_branches": 4, "missing_branches": 0, "percent_branches_covered": 100.0, "percent_branches_covered_display": "100"}, "missing_lines": [], "excluded_lines": [], "start_line": 224, "executed_branches": [[235, 236], [235, 239], [236, 235], [236, 237]], "missing_branches": []}, "ConfigurationManager._load_source": {"executed_lines": [242, 243, 244, 245, 246, 247], "summary": {"covered_lines": 6, "num_statements": 17, "percent_covered": 36.0, "percent_covered_display": "36", "missing_lines": 11, "excluded_lines": 0, "percent_statements_covered": 35.294117647058826, "percent_statements_covered_display": "35", "num_branches": 8, "num_partial_branches": 1, "covered_branches": 3, "missing_branches": 5, "percent_branches_covered": 37.5, "percent_branches_covered_display": "38"}, "missing_lines": [248, 249, 250, 251, 252, 253, 254, 255, 256, 257, 258], "excluded_lines": [], "start_line": 241, "executed_branches": [[242, 243], [242, 244], [244, 245]], "missing_branches": [[244, 250], [250, 251], [250, 258], [255, 256], [255, 257]]}, "ConfigurationManager._profile_path": {"executed_lines": [261, 263], "summary": {"covered_lines": 2, "num_statements": 3, "percent_covered": 60.0, "percent_covered_display": "60", "missing_lines": 1, "excluded_lines": 0, "percent_statements_covered": 66.66666666666667, "percent_statements_covered_display": "67", "num_branches": 2, "num_partial_branches": 1, "covered_branches": 1, "missing_branches": 1, "percent_branches_covered": 50.0, "percent_branches_covered_display": "50"}, "missing_lines": [262], "excluded_lines": [], "start_line": 260, "executed_branches": [[261, 263]], "missing_branches": [[261, 262]]}, "ConfigurationManager._write_profile": {"executed_lines": [266, 267, 269, 270, 271], "summary": {"covered_lines": 5, "num_statements": 6, "percent_covered": 75.0, "percent_covered_display": "75", "missing_lines": 1, "excluded_lines": 0, "percent_statements_covered": 83.33333333333333, "percent_statements_covered_display": "83", "num_branches": 2, "num_partial_branches": 1, "covered_branches": 1, "missing_branches": 1, "percent_branches_covered": 50.0, "percent_branches_covered_display": "50"}, "missing_lines": [268], "excluded_lines": [], "start_line": 265, "executed_branches": [[267, 269]], "missing_branches": [[267, 268]]}, "ConfigurationManager._atomic_write": {"executed_lines": [275, 276, 277, 278], "summary": {"covered_lines": 4, "num_statements": 4, "percent_covered": 100.0, "percent_covered_display": "100", "missing_lines": 0, "excluded_lines": 0, "percent_statements_covered": 100.0, "percent_statements_covered_display": "100", "num_branches": 0, "num_partial_branches": 0, "covered_branches": 0, "missing_branches": 0, "percent_branches_covered": 100.0, "percent_branches_covered_display": "100"}, "missing_lines": [], "excluded_lines": [], "start_line": 274, "executed_branches": [], "missing_branches": []}, "ConfigurationManager._result": {"executed_lines": [289, 305, 306, 307], "summary": {"covered_lines": 4, "num_statements": 4, "percent_covered": 83.33333333333333, "percent_covered_display": "83", "missing_lines": 0, "excluded_lines": 0, "percent_statements_covered": 100.0, "percent_statements_covered_display": "100", "num_branches": 2, "num_partial_branches": 1, "covered_branches": 1, "missing_branches": 1, "percent_branches_covered": 50.0, "percent_branches_covered_display": "50"}, "missing_lines": [], "excluded_lines": [], "start_line": 281, "executed_branches": [[305, 306]], "missing_branches": [[305, 307]]}, "": {"executed_lines": [8, 10, 11, 12, 13, 14, 15, 16, 17, 18, 20, 22, 23, 27, 28, 29, 32, 36, 40, 41, 53, 61, 64, 73, 124, 149, 177, 184, 190, 200, 209, 223, 224, 241, 260, 265, 273, 274, 280, 281], "summary": {"covered_lines": 40, "num_statements": 40, "percent_covered": 100.0, "percent_covered_display": "100", "missing_lines": 0, "excluded_lines": 2, "percent_statements_covered": 100.0, "percent_statements_covered_display": "100", "num_branches": 0, "num_partial_branches": 0, "covered_branches": 0, "missing_branches": 0, "percent_branches_covered": 100.0, "percent_branches_covered_display": "100"}, "missing_lines": [], "excluded_lines": [24, 25], "start_line": 1, "executed_branches": [], "missing_branches": []}}, "classes": {"ConfigurationManager": {"executed_lines": [42, 43, 44, 47, 48, 49, 50, 51, 54, 62, 65, 66, 67, 68, 69, 71, 74, 75, 78, 79, 80, 81, 82, 91, 92, 93, 101, 102, 103, 104, 106, 107, 108, 109, 116, 133, 134, 135, 137, 138, 139, 140, 141, 142, 147, 155, 156, 157, 158, 159, 160, 165, 166, 167, 168, 178, 179, 182, 185, 186, 188, 191, 193, 194, 195, 196, 197, 198, 201, 203, 204, 205, 206, 207, 210, 217, 221, 233, 234, 235, 236, 237, 238, 239, 242, 243, 244, 245, 246, 247, 261, 263, 266, 267, 269, 270, 271, 275, 276, 277, 278, 289, 305, 306, 307], "summary": {"covered_lines": 105, "num_statements": 143, "percent_covered": 67.14975845410628, "percent_covered_display": "67", "missing_lines": 38, "excluded_lines": 0, "percent_statements_covered": 73.42657342657343, "percent_statements_covered_display": "73", "num_branches": 64, "num_partial_branches": 18, "covered_branches": 34, "missing_branches": 30, "percent_branches_covered": 53.125, "percent_branches_covered_display": "53"}, "missing_lines": [70, 76, 77, 94, 96, 97, 98, 99, 100, 105, 110, 136, 143, 144, 145, 146, 161, 180, 181, 187, 192, 202, 218, 219, 220, 248, 249, 250, 251, 252, 253, 254, 255, 256, 257, 258, 262, 268], "excluded_lines": [], "start_line": 40, "executed_branches": [[48, 49], [48, 51], [69, 71], [81, 82], [81, 91], [91, 92], [93, 101], [104, 106], [109, 116], [135, 137], [138, 139], [138, 142], [142, 147], [158, 159], [160, 165], [179, 182], [186, 188], [191, 193], [196, 197], [196, 198], [201, 203], [204, 205], [204, 206], [217, 221], [235, 236], [235, 239], [236, 235], [236, 237], [242, 243], [242, 244], [244, 245], [261, 263], [267, 269], [305, 306]], "missing_branches": [[69, 70], [91, 96], [93, 94], [96, 97], [96, 99], [97, 96], [97, 98], [99, 100], [99, 101], [104, 105], [109, 110], [135, 136], [142, 143], [143, 144], [143, 145], [158, 168], [160, 161], [179, 180], [186, 187], [191, 192], [201, 202], [217, 218], [244, 250], [250, 251], [250, 258], [255, 256], [255, 257], [261, 262], [267, 268], [305, 307]]}, "": {"executed_lines": [8, 10, 11, 12, 13, 14, 15, 16, 17, 18, 20, 22, 23, 27, 28, 29, 32, 33, 36, 37, 40, 41, 53, 61, 64, 73, 124, 149, 177, 184, 190, 200, 209, 223, 224, 241, 260, 265, 273, 274, 280, 281], "summary": {"covered_lines": 42, "num_statements": 42, "percent_covered": 100.0, "percent_covered_display": "100", "missing_lines": 0, "excluded_lines": 2, "percent_statements_covered": 100.0, "percent_statements_covered_display": "100", "num_branches": 0, "num_partial_branches": 0, "covered_branches": 0, "missing_branches": 0, "percent_branches_covered": 100.0, "percent_branches_covered_display": "100"}, "missing_lines": [], "excluded_lines": [24, 25], "start_line": 1, "executed_branches": [], "missing_branches": []}}}, "rf_votsch_climate_chamber/converters.py": {"executed_lines": [3, 5, 6, 7, 9, 11, 15, 18, 19, 20, 21, 22, 27, 29, 32, 33, 35, 36, 38, 39, 44, 45, 46, 47, 48, 50, 52, 53, 54, 57, 58, 61, 62, 64, 65, 66, 68, 70, 72, 74, 77, 78, 79, 80, 81, 82, 83, 84, 85, 86, 87, 88, 91, 92, 94, 95, 98, 99, 100, 102, 105, 106, 107, 111, 114, 116, 117, 118, 119, 120, 121, 122, 123], "summary": {"covered_lines": 73, "num_statements": 94, "percent_covered": 74.34210526315789, "percent_covered_display": "74", "missing_lines": 21, "excluded_lines": 0, "percent_statements_covered": 77.65957446808511, "percent_statements_covered_display": "78", "num_branches": 58, "num_partial_branches": 16, "covered_branches": 40, "missing_branches": 18, "percent_branches_covered": 68.96551724137932, "percent_branches_covered_display": "69"}, "missing_lines": [23, 24, 28, 34, 40, 49, 51, 59, 63, 67, 69, 71, 73, 93, 96, 97, 101, 108, 124, 125, 126], "excluded_lines": [], "executed_branches": [[19, 20], [19, 21], [27, 29], [33, 35], [35, 36], [35, 38], [39, 44], [46, 47], [46, 48], [48, 50], [50, 52], [52, 53], [52, 54], [58, 61], [62, 64], [66, 68], [68, 70], [70, 72], [72, 74], [78, 79], [78, 80], [80, 81], [80, 82], [82, 83], [84, 85], [84, 86], [86, 87], [86, 88], [92, 94], [98, 99], [98, 100], [100, 102], [107, 111], [116, 117], [116, 118], [118, 119], [118, 120], [120, 121], [120, 122], [122, 123]], "missing_branches": [[27, 28], [33, 34], [39, 40], [48, 49], [50, 51], [58, 59], [62, 63], [66, 67], [68, 69], [70, 71], [72, 73], [82, 88], [92, 93], [100, 101], [107, 108], [122, 124], [124, 125], [124, 126]], "functions": {"to_float": {"executed_lines": [19, 20, 21, 22, 27, 29], "summary": {"covered_lines": 6, "num_statements": 9, "percent_covered": 69.23076923076923, "percent_covered_display": "69", "missing_lines": 3, "excluded_lines": 0, "percent_statements_covered": 66.66666666666667, "percent_statements_covered_display": "67", "num_branches": 4, "num_partial_branches": 1, "covered_branches": 3, "missing_branches": 1, "percent_branches_covered": 75.0, "percent_branches_covered_display": "75"}, "missing_lines": [23, 24, 28], "excluded_lines": [], "start_line": 18, "executed_branches": [[19, 20], [19, 21], [27, 29]], "missing_branches": [[27, 28]]}, "to_positive_seconds": {"executed_lines": [33, 35, 36, 38, 39, 44, 45, 46, 47, 48, 50, 52, 53, 54], "summary": {"covered_lines": 14, "num_statements": 18, "percent_covered": 75.0, "percent_covered_display": "75", "missing_lines": 4, "excluded_lines": 0, "percent_statements_covered": 77.77777777777777, "percent_statements_covered_display": "78", "num_branches": 14, "num_partial_branches": 4, "covered_branches": 10, "missing_branches": 4, "percent_branches_covered": 71.42857142857143, "percent_branches_covered_display": "71"}, "missing_lines": [34, 40, 49, 51], "excluded_lines": [], "start_line": 32, "executed_branches": [[33, 35], [35, 36], [35, 38], [39, 44], [46, 47], [46, 48], [48, 50], [50, 52], [52, 53], [52, 54]], "missing_branches": [[33, 34], [39, 40], [48, 49], [50, 51]]}, "to_nonnegative_seconds": {"executed_lines": [58, 61, 62, 64, 65, 66, 68, 70, 72, 74], "summary": {"covered_lines": 10, "num_statements": 16, "percent_covered": 57.142857142857146, "percent_covered_display": "57", "missing_lines": 6, "excluded_lines": 0, "percent_statements_covered": 62.5, "percent_statements_covered_display": "62", "num_branches": 12, "num_partial_branches": 6, "covered_branches": 6, "missing_branches": 6, "percent_branches_covered": 50.0, "percent_branches_covered_display": "50"}, "missing_lines": [59, 63, 67, 69, 71, 73], "excluded_lines": [], "start_line": 57, "executed_branches": [[58, 61], [62, 64], [66, 68], [68, 70], [70, 72], [72, 74]], "missing_branches": [[58, 59], [62, 63], [66, 67], [68, 69], [70, 71], [72, 73]]}, "to_bool": {"executed_lines": [78, 79, 80, 81, 82, 83, 84, 85, 86, 87, 88], "summary": {"covered_lines": 11, "num_statements": 11, "percent_covered": 95.23809523809524, "percent_covered_display": "95", "missing_lines": 0, "excluded_lines": 0, "percent_statements_covered": 100.0, "percent_statements_covered_display": "100", "num_branches": 10, "num_partial_branches": 1, "covered_branches": 9, "missing_branches": 1, "percent_branches_covered": 90.0, "percent_branches_covered_display": "90"}, "missing_lines": [], "excluded_lines": [], "start_line": 77, "executed_branches": [[78, 79], [78, 80], [80, 81], [80, 82], [82, 83], [84, 85], [84, 86], [86, 87], [86, 88]], "missing_branches": [[82, 88]]}, "to_int": {"executed_lines": [92, 94, 95, 98, 99, 100, 102], "summary": {"covered_lines": 7, "num_statements": 11, "percent_covered": 64.70588235294117, "percent_covered_display": "65", "missing_lines": 4, "excluded_lines": 0, "percent_statements_covered": 63.63636363636363, "percent_statements_covered_display": "64", "num_branches": 6, "num_partial_branches": 2, "covered_branches": 4, "missing_branches": 2, "percent_branches_covered": 66.66666666666667, "percent_branches_covered_display": "67"}, "missing_lines": [93, 96, 97, 101], "excluded_lines": [], "start_line": 91, "executed_branches": [[92, 94], [98, 99], [98, 100], [100, 102]], "missing_branches": [[92, 93], [100, 101]]}, "normalize_alias": {"executed_lines": [106, 107, 111], "summary": {"covered_lines": 3, "num_statements": 4, "percent_covered": 66.66666666666667, "percent_covered_display": "67", "missing_lines": 1, "excluded_lines": 0, "percent_statements_covered": 75.0, "percent_statements_covered_display": "75", "num_branches": 2, "num_partial_branches": 1, "covered_branches": 1, "missing_branches": 1, "percent_branches_covered": 50.0, "percent_branches_covered_display": "50"}, "missing_lines": [108], "excluded_lines": [], "start_line": 105, "executed_branches": [[107, 111]], "missing_branches": [[107, 108]]}, "sanitize": {"executed_lines": [116, 117, 118, 119, 120, 121, 122, 123], "summary": {"covered_lines": 8, "num_statements": 11, "percent_covered": 71.42857142857143, "percent_covered_display": "71", "missing_lines": 3, "excluded_lines": 0, "percent_statements_covered": 72.72727272727273, "percent_statements_covered_display": "73", "num_branches": 10, "num_partial_branches": 1, "covered_branches": 7, "missing_branches": 3, "percent_branches_covered": 70.0, "percent_branches_covered_display": "70"}, "missing_lines": [124, 125, 126], "excluded_lines": [], "start_line": 114, "executed_branches": [[116, 117], [116, 118], [118, 119], [118, 120], [120, 121], [120, 122], [122, 123]], "missing_branches": [[122, 124], [124, 125], [124, 126]]}, "": {"executed_lines": [3, 5, 6, 7, 9, 11, 15, 18, 32, 57, 77, 91, 105, 114], "summary": {"covered_lines": 14, "num_statements": 14, "percent_covered": 100.0, "percent_covered_display": "100", "missing_lines": 0, "excluded_lines": 0, "percent_statements_covered": 100.0, "percent_statements_covered_display": "100", "num_branches": 0, "num_partial_branches": 0, "covered_branches": 0, "missing_branches": 0, "percent_branches_covered": 100.0, "percent_branches_covered_display": "100"}, "missing_lines": [], "excluded_lines": [], "start_line": 1, "executed_branches": [], "missing_branches": []}}, "classes": {"": {"executed_lines": [3, 5, 6, 7, 9, 11, 15, 18, 19, 20, 21, 22, 27, 29, 32, 33, 35, 36, 38, 39, 44, 45, 46, 47, 48, 50, 52, 53, 54, 57, 58, 61, 62, 64, 65, 66, 68, 70, 72, 74, 77, 78, 79, 80, 81, 82, 83, 84, 85, 86, 87, 88, 91, 92, 94, 95, 98, 99, 100, 102, 105, 106, 107, 111, 114, 116, 117, 118, 119, 120, 121, 122, 123], "summary": {"covered_lines": 73, "num_statements": 94, "percent_covered": 74.34210526315789, "percent_covered_display": "74", "missing_lines": 21, "excluded_lines": 0, "percent_statements_covered": 77.65957446808511, "percent_statements_covered_display": "78", "num_branches": 58, "num_partial_branches": 16, "covered_branches": 40, "missing_branches": 18, "percent_branches_covered": 68.96551724137932, "percent_branches_covered_display": "69"}, "missing_lines": [23, 24, 28, 34, 40, 49, 51, 59, 63, 67, 69, 71, 73, 93, 96, 97, 101, 108, 124, 125, 126], "excluded_lines": [], "start_line": 1, "executed_branches": [[19, 20], [19, 21], [27, 29], [33, 35], [35, 36], [35, 38], [39, 44], [46, 47], [46, 48], [48, 50], [50, 52], [52, 53], [52, 54], [58, 61], [62, 64], [66, 68], [68, 70], [70, 72], [72, 74], [78, 79], [78, 80], [80, 81], [80, 82], [82, 83], [84, 85], [84, 86], [86, 87], [86, 88], [92, 94], [98, 99], [98, 100], [100, 102], [107, 111], [116, 117], [116, 118], [118, 119], [118, 120], [120, 121], [120, 122], [122, 123]], "missing_branches": [[27, 28], [33, 34], [39, 40], [48, 49], [50, 51], [58, 59], [62, 63], [66, 67], [68, 69], [70, 71], [72, 73], [82, 88], [92, 93], [100, 101], [107, 108], [122, 124], [124, 125], [124, 126]]}}}, "rf_votsch_climate_chamber/core/__init__.py": {"executed_lines": [3, 5], "summary": {"covered_lines": 2, "num_statements": 2, "percent_covered": 100.0, "percent_covered_display": "100", "missing_lines": 0, "excluded_lines": 0, "percent_statements_covered": 100.0, "percent_statements_covered_display": "100", "num_branches": 0, "num_partial_branches": 0, "covered_branches": 0, "missing_branches": 0, "percent_branches_covered": 100.0, "percent_branches_covered_display": "100"}, "missing_lines": [], "excluded_lines": [], "executed_branches": [], "missing_branches": [], "functions": {"": {"executed_lines": [3, 5], "summary": {"covered_lines": 2, "num_statements": 2, "percent_covered": 100.0, "percent_covered_display": "100", "missing_lines": 0, "excluded_lines": 0, "percent_statements_covered": 100.0, "percent_statements_covered_display": "100", "num_branches": 0, "num_partial_branches": 0, "covered_branches": 0, "missing_branches": 0, "percent_branches_covered": 100.0, "percent_branches_covered_display": "100"}, "missing_lines": [], "excluded_lines": [], "start_line": 1, "executed_branches": [], "missing_branches": []}}, "classes": {"": {"executed_lines": [3, 5], "summary": {"covered_lines": 2, "num_statements": 2, "percent_covered": 100.0, "percent_covered_display": "100", "missing_lines": 0, "excluded_lines": 0, "percent_statements_covered": 100.0, "percent_statements_covered_display": "100", "num_branches": 0, "num_partial_branches": 0, "covered_branches": 0, "missing_branches": 0, "percent_branches_covered": 100.0, "percent_branches_covered_display": "100"}, "missing_lines": [], "excluded_lines": [], "start_line": 1, "executed_branches": [], "missing_branches": []}}}, "rf_votsch_climate_chamber/core/chamber.py": {"executed_lines": [8, 10, 11, 12, 13, 15, 16, 26, 27, 28, 29, 30, 33, 36, 56, 57, 58, 59, 65, 66, 67, 69, 70, 71, 73, 74, 75, 76, 79, 83, 87, 91, 92, 95, 98, 99, 100, 101, 102, 103, 104, 105, 106, 107, 108, 110, 111, 112, 114, 115, 118, 119, 120, 121, 122, 123, 124, 129, 130, 131, 133, 134, 135, 136, 137, 138, 139, 141, 142, 143, 145, 146, 147, 149, 150, 151, 153, 155, 156, 158, 159, 160, 162, 170, 177, 178, 179, 180, 181, 182, 183, 184, 191, 192, 193, 194, 195, 196, 197, 198, 199, 206, 207, 208, 209, 210, 211, 212, 213, 221, 223, 224, 226, 227, 236, 237, 246, 247, 248, 249, 258, 259, 266, 267, 269, 277, 278, 279, 280, 281, 282, 283, 284, 285, 286, 287, 303, 304, 306, 307, 318, 319, 320, 321, 327, 328, 329, 331, 332, 334, 335, 336, 338, 339, 340, 342, 343, 344, 345, 346, 347, 348, 350, 351, 352, 353, 354, 355, 356, 369, 370, 371, 372, 373, 374, 376, 377, 378, 379, 388, 390, 391, 394, 399, 401, 402, 403, 410, 417, 418, 419, 421, 422, 423, 425, 426, 429, 431, 432, 435, 437, 438, 440, 441, 442, 448, 449, 452, 453, 455, 456, 457, 463, 464, 467, 477, 478, 479, 480, 481, 482, 484, 485, 486, 487, 488, 489, 490, 492, 493, 506, 507, 508, 516, 517, 518, 519, 522, 529, 530, 531, 533, 534, 535, 536, 537, 545, 547, 559, 560, 561, 562, 570, 572, 574, 582, 583, 584, 585, 587, 591, 592, 600, 601, 603, 604, 608, 609, 610, 614, 621, 628, 630, 631], "summary": {"covered_lines": 274, "num_statements": 327, "percent_covered": 77.77777777777777, "percent_covered_display": "78", "missing_lines": 53, "excluded_lines": 0, "percent_statements_covered": 83.79204892966361, "percent_statements_covered_display": "84", "num_branches": 96, "num_partial_branches": 35, "covered_branches": 55, "missing_branches": 41, "percent_branches_covered": 57.291666666666664, "percent_branches_covered_display": "57"}, "missing_lines": [60, 68, 72, 80, 84, 88, 116, 125, 126, 127, 148, 152, 171, 200, 201, 202, 203, 204, 322, 337, 357, 358, 359, 360, 361, 362, 363, 395, 411, 443, 450, 458, 465, 483, 491, 494, 520, 532, 538, 539, 540, 541, 542, 543, 544, 571, 605, 606, 607, 611, 612, 613, 622], "excluded_lines": [], "executed_branches": [[59, 65], [67, 69], [71, 73], [79, 83], [83, 87], [87, 91], [147, 149], [151, 153], [170, 177], [182, 183], [197, 198], [207, 208], [207, 209], [248, 249], [248, 258], [266, 267], [283, 284], [283, 285], [286, 287], [286, 303], [321, 327], [336, 338], [339, 340], [344, 345], [344, 346], [347, 348], [353, 354], [355, 356], [371, 372], [371, 373], [378, 379], [378, 388], [394, 399], [410, -401], [442, 448], [449, -440], [457, 463], [464, -455], [482, 484], [490, 492], [493, 506], [516, 517], [518, 519], [531, 533], [537, 545], [560, 561], [570, 572], [587, 591], [587, 601], [591, 592], [591, 600], [603, 604], [603, 614], [604, 608], [621, 628]], "missing_branches": [[59, 60], [67, 68], [71, 72], [79, 80], [83, 84], [87, 88], [147, 148], [151, 152], [170, 171], [182, 202], [197, 200], [266, -246], [321, 322], [336, 337], [339, -334], [347, -342], [353, 360], [355, 359], [361, 362], [361, 363], [394, 395], [410, 411], [442, 443], [449, 450], [457, 458], [464, 465], [482, 483], [490, 491], [493, 494], [516, 518], [518, 520], [531, 532], [537, 538], [538, 539], [538, 540], [542, 543], [542, 544], [560, 562], [570, 571], [604, 605], [621, 622]], "functions": {"ClimateChamberCore.__init__": {"executed_lines": [56, 57, 58, 59, 65, 66, 67, 69, 70, 71, 73, 74, 75, 76, 79, 83, 87, 91, 92, 95, 98, 99, 100, 101, 102, 103, 104, 105, 106, 107, 108], "summary": {"covered_lines": 31, "num_statements": 37, "percent_covered": 75.51020408163265, "percent_covered_display": "76", "missing_lines": 6, "excluded_lines": 0, "percent_statements_covered": 83.78378378378379, "percent_statements_covered_display": "84", "num_branches": 12, "num_partial_branches": 6, "covered_branches": 6, "missing_branches": 6, "percent_branches_covered": 50.0, "percent_branches_covered_display": "50"}, "missing_lines": [60, 68, 72, 80, 84, 88], "excluded_lines": [], "start_line": 36, "executed_branches": [[59, 65], [67, 69], [71, 73], [79, 83], [83, 87], [87, 91]], "missing_branches": [[59, 60], [67, 68], [71, 72], [79, 80], [83, 84], [87, 88]]}, "ClimateChamberCore.is_connected": {"executed_lines": [112], "summary": {"covered_lines": 1, "num_statements": 1, "percent_covered": 100.0, "percent_covered_display": "100", "missing_lines": 0, "excluded_lines": 0, "percent_statements_covered": 100.0, "percent_statements_covered_display": "100", "num_branches": 0, "num_partial_branches": 0, "covered_branches": 0, "missing_branches": 0, "percent_branches_covered": 100.0, "percent_branches_covered_display": "100"}, "missing_lines": [], "excluded_lines": [], "start_line": 111, "executed_branches": [], "missing_branches": []}, "ClimateChamberCore.identity_cache": {"executed_lines": [], "summary": {"covered_lines": 0, "num_statements": 1, "percent_covered": 0.0, "percent_covered_display": "0", "missing_lines": 1, "excluded_lines": 0, "percent_statements_covered": 0.0, "percent_statements_covered_display": "0", "num_branches": 0, "num_partial_branches": 0, "covered_branches": 0, "missing_branches": 0, "percent_branches_covered": 100.0, "percent_branches_covered_display": "100"}, "missing_lines": [116], "excluded_lines": [], "start_line": 115, "executed_branches": [], "missing_branches": []}, "ClimateChamberCore.connect": {"executed_lines": [119, 120, 121, 122, 123, 124], "summary": {"covered_lines": 6, "num_statements": 9, "percent_covered": 66.66666666666667, "percent_covered_display": "67", "missing_lines": 3, "excluded_lines": 0, "percent_statements_covered": 66.66666666666667, "percent_statements_covered_display": "67", "num_branches": 0, "num_partial_branches": 0, "covered_branches": 0, "missing_branches": 0, "percent_branches_covered": 100.0, "percent_branches_covered_display": "100"}, "missing_lines": [125, 126, 127], "excluded_lines": [], "start_line": 118, "executed_branches": [], "missing_branches": []}, "ClimateChamberCore.disconnect": {"executed_lines": [130, 131], "summary": {"covered_lines": 2, "num_statements": 2, "percent_covered": 100.0, "percent_covered_display": "100", "missing_lines": 0, "excluded_lines": 0, "percent_statements_covered": 100.0, "percent_statements_covered_display": "100", "num_branches": 0, "num_partial_branches": 0, "covered_branches": 0, "missing_branches": 0, "percent_branches_covered": 100.0, "percent_branches_covered_display": "100"}, "missing_lines": [], "excluded_lines": [], "start_line": 129, "executed_branches": [], "missing_branches": []}, "ClimateChamberCore.reconnect": {"executed_lines": [134, 135, 136, 137, 138, 139], "summary": {"covered_lines": 6, "num_statements": 6, "percent_covered": 100.0, "percent_covered_display": "100", "missing_lines": 0, "excluded_lines": 0, "percent_statements_covered": 100.0, "percent_statements_covered_display": "100", "num_branches": 0, "num_partial_branches": 0, "covered_branches": 0, "missing_branches": 0, "percent_branches_covered": 100.0, "percent_branches_covered_display": "100"}, "missing_lines": [], "excluded_lines": [], "start_line": 133, "executed_branches": [], "missing_branches": []}, "ClimateChamberCore.cancel": {"executed_lines": [142, 143], "summary": {"covered_lines": 2, "num_statements": 2, "percent_covered": 100.0, "percent_covered_display": "100", "missing_lines": 0, "excluded_lines": 0, "percent_statements_covered": 100.0, "percent_statements_covered_display": "100", "num_branches": 0, "num_partial_branches": 0, "covered_branches": 0, "missing_branches": 0, "percent_branches_covered": 100.0, "percent_branches_covered_display": "100"}, "missing_lines": [], "excluded_lines": [], "start_line": 141, "executed_branches": [], "missing_branches": []}, "ClimateChamberCore.set_timeout": {"executed_lines": [146, 147, 149, 150, 151, 153], "summary": {"covered_lines": 6, "num_statements": 8, "percent_covered": 66.66666666666667, "percent_covered_display": "67", "missing_lines": 2, "excluded_lines": 0, "percent_statements_covered": 75.0, "percent_statements_covered_display": "75", "num_branches": 4, "num_partial_branches": 2, "covered_branches": 2, "missing_branches": 2, "percent_branches_covered": 50.0, "percent_branches_covered_display": "50"}, "missing_lines": [148, 152], "excluded_lines": [], "start_line": 145, "executed_branches": [[147, 149], [151, 153]], "missing_branches": [[147, 148], [151, 152]]}, "ClimateChamberCore.get_timeout": {"executed_lines": [156], "summary": {"covered_lines": 1, "num_statements": 1, "percent_covered": 100.0, "percent_covered_display": "100", "missing_lines": 0, "excluded_lines": 0, "percent_statements_covered": 100.0, "percent_statements_covered_display": "100", "num_branches": 0, "num_partial_branches": 0, "covered_branches": 0, "missing_branches": 0, "percent_branches_covered": 100.0, "percent_branches_covered_display": "100"}, "missing_lines": [], "excluded_lines": [], "start_line": 155, "executed_branches": [], "missing_branches": []}, "ClimateChamberCore.check_communication": {"executed_lines": [159, 160], "summary": {"covered_lines": 2, "num_statements": 2, "percent_covered": 100.0, "percent_covered_display": "100", "missing_lines": 0, "excluded_lines": 0, "percent_statements_covered": 100.0, "percent_statements_covered_display": "100", "num_branches": 0, "num_partial_branches": 0, "covered_branches": 0, "missing_branches": 0, "percent_branches_covered": 100.0, "percent_branches_covered_display": "100"}, "missing_lines": [], "excluded_lines": [], "start_line": 158, "executed_branches": [], "missing_branches": []}, "ClimateChamberCore._query": {"executed_lines": [170, 177, 178, 179, 180, 181, 182, 183, 184, 191, 192, 193, 194, 195, 196, 197, 198, 199], "summary": {"covered_lines": 18, "num_statements": 24, "percent_covered": 70.0, "percent_covered_display": "70", "missing_lines": 6, "excluded_lines": 0, "percent_statements_covered": 75.0, "percent_statements_covered_display": "75", "num_branches": 6, "num_partial_branches": 3, "covered_branches": 3, "missing_branches": 3, "percent_branches_covered": 50.0, "percent_branches_covered_display": "50"}, "missing_lines": [171, 200, 201, 202, 203, 204], "excluded_lines": [], "start_line": 162, "executed_branches": [[170, 177], [182, 183], [197, 198]], "missing_branches": [[170, 171], [182, 202], [197, 200]]}, "ClimateChamberCore.read_identity": {"executed_lines": [207, 208, 209, 210, 211, 212, 213, 221], "summary": {"covered_lines": 8, "num_statements": 8, "percent_covered": 100.0, "percent_covered_display": "100", "missing_lines": 0, "excluded_lines": 0, "percent_statements_covered": 100.0, "percent_statements_covered_display": "100", "num_branches": 2, "num_partial_branches": 0, "covered_branches": 2, "missing_branches": 0, "percent_branches_covered": 100.0, "percent_branches_covered_display": "100"}, "missing_lines": [], "excluded_lines": [], "start_line": 206, "executed_branches": [[207, 208], [207, 209]], "missing_branches": []}, "ClimateChamberCore.get_status": {"executed_lines": [224], "summary": {"covered_lines": 1, "num_statements": 1, "percent_covered": 100.0, "percent_covered_display": "100", "missing_lines": 0, "excluded_lines": 0, "percent_statements_covered": 100.0, "percent_statements_covered_display": "100", "num_branches": 0, "num_partial_branches": 0, "covered_branches": 0, "missing_branches": 0, "percent_branches_covered": 100.0, "percent_branches_covered_display": "100"}, "missing_lines": [], "excluded_lines": [], "start_line": 223, "executed_branches": [], "missing_branches": []}, "ClimateChamberCore.measure_temperature_c": {"executed_lines": [227], "summary": {"covered_lines": 1, "num_statements": 1, "percent_covered": 100.0, "percent_covered_display": "100", "missing_lines": 0, "excluded_lines": 0, "percent_statements_covered": 100.0, "percent_statements_covered_display": "100", "num_branches": 0, "num_partial_branches": 0, "covered_branches": 0, "missing_branches": 0, "percent_branches_covered": 100.0, "percent_branches_covered_display": "100"}, "missing_lines": [], "excluded_lines": [], "start_line": 226, "executed_branches": [], "missing_branches": []}, "ClimateChamberCore.get_temperature_setpoint_c": {"executed_lines": [237], "summary": {"covered_lines": 1, "num_statements": 1, "percent_covered": 100.0, "percent_covered_display": "100", "missing_lines": 0, "excluded_lines": 0, "percent_statements_covered": 100.0, "percent_statements_covered_display": "100", "num_branches": 0, "num_partial_branches": 0, "covered_branches": 0, "missing_branches": 0, "percent_branches_covered": 100.0, "percent_branches_covered_display": "100"}, "missing_lines": [], "excluded_lines": [], "start_line": 236, "executed_branches": [], "missing_branches": []}, "ClimateChamberCore.set_temperature_c": {"executed_lines": [247, 248, 249, 258, 259, 266, 267], "summary": {"covered_lines": 7, "num_statements": 7, "percent_covered": 90.9090909090909, "percent_covered_display": "91", "missing_lines": 0, "excluded_lines": 0, "percent_statements_covered": 100.0, "percent_statements_covered_display": "100", "num_branches": 4, "num_partial_branches": 1, "covered_branches": 3, "missing_branches": 1, "percent_branches_covered": 75.0, "percent_branches_covered_display": "75"}, "missing_lines": [], "excluded_lines": [], "start_line": 246, "executed_branches": [[248, 249], [248, 258], [266, 267]], "missing_branches": [[266, -246]]}, "ClimateChamberCore._wait_for_setpoint_readback": {"executed_lines": [277, 278, 279, 280, 281, 282, 283, 284, 285, 286, 287, 303, 304], "summary": {"covered_lines": 13, "num_statements": 13, "percent_covered": 100.0, "percent_covered_display": "100", "missing_lines": 0, "excluded_lines": 0, "percent_statements_covered": 100.0, "percent_statements_covered_display": "100", "num_branches": 4, "num_partial_branches": 0, "covered_branches": 4, "missing_branches": 0, "percent_branches_covered": 100.0, "percent_branches_covered_display": "100"}, "missing_lines": [], "excluded_lines": [], "start_line": 269, "executed_branches": [[283, 284], [283, 285], [286, 287], [286, 303]], "missing_branches": []}, "ClimateChamberCore.get_temperature_limits": {"executed_lines": [307], "summary": {"covered_lines": 1, "num_statements": 1, "percent_covered": 100.0, "percent_covered_display": "100", "missing_lines": 0, "excluded_lines": 0, "percent_statements_covered": 100.0, "percent_statements_covered_display": "100", "num_branches": 0, "num_partial_branches": 0, "covered_branches": 0, "missing_branches": 0, "percent_branches_covered": 100.0, "percent_branches_covered_display": "100"}, "missing_lines": [], "excluded_lines": [], "start_line": 306, "executed_branches": [], "missing_branches": []}, "ClimateChamberCore.set_temperature_limits": {"executed_lines": [319, 320, 321, 327, 328, 329], "summary": {"covered_lines": 6, "num_statements": 7, "percent_covered": 77.77777777777777, "percent_covered_display": "78", "missing_lines": 1, "excluded_lines": 0, "percent_statements_covered": 85.71428571428571, "percent_statements_covered_display": "86", "num_branches": 2, "num_partial_branches": 1, "covered_branches": 1, "missing_branches": 1, "percent_branches_covered": 50.0, "percent_branches_covered_display": "50"}, "missing_lines": [322], "excluded_lines": [], "start_line": 318, "executed_branches": [[321, 327]], "missing_branches": [[321, 322]]}, "ClimateChamberCore.get_running": {"executed_lines": [332], "summary": {"covered_lines": 1, "num_statements": 1, "percent_covered": 100.0, "percent_covered_display": "100", "missing_lines": 0, "excluded_lines": 0, "percent_statements_covered": 100.0, "percent_statements_covered_display": "100", "num_branches": 0, "num_partial_branches": 0, "covered_branches": 0, "missing_branches": 0, "percent_branches_covered": 100.0, "percent_branches_covered_display": "100"}, "missing_lines": [], "excluded_lines": [], "start_line": 331, "executed_branches": [], "missing_branches": []}, "ClimateChamberCore.start": {"executed_lines": [335, 336, 338, 339, 340], "summary": {"covered_lines": 5, "num_statements": 6, "percent_covered": 70.0, "percent_covered_display": "70", "missing_lines": 1, "excluded_lines": 0, "percent_statements_covered": 83.33333333333333, "percent_statements_covered_display": "83", "num_branches": 4, "num_partial_branches": 2, "covered_branches": 2, "missing_branches": 2, "percent_branches_covered": 50.0, "percent_branches_covered_display": "50"}, "missing_lines": [337], "excluded_lines": [], "start_line": 334, "executed_branches": [[336, 338], [339, 340]], "missing_branches": [[336, 337], [339, -334]]}, "ClimateChamberCore.stop": {"executed_lines": [343, 344, 345, 346, 347, 348], "summary": {"covered_lines": 6, "num_statements": 6, "percent_covered": 90.0, "percent_covered_display": "90", "missing_lines": 0, "excluded_lines": 0, "percent_statements_covered": 100.0, "percent_statements_covered_display": "100", "num_branches": 4, "num_partial_branches": 1, "covered_branches": 3, "missing_branches": 1, "percent_branches_covered": 75.0, "percent_branches_covered_display": "75"}, "missing_lines": [], "excluded_lines": [], "start_line": 342, "executed_branches": [[344, 345], [344, 346], [347, 348]], "missing_branches": [[347, -342]]}, "ClimateChamberCore._wait_for_state": {"executed_lines": [351, 352, 353, 354, 355, 356], "summary": {"covered_lines": 6, "num_statements": 13, "percent_covered": 42.10526315789474, "percent_covered_display": "42", "missing_lines": 7, "excluded_lines": 0, "percent_statements_covered": 46.15384615384615, "percent_statements_covered_display": "46", "num_branches": 6, "num_partial_branches": 2, "covered_branches": 2, "missing_branches": 4, "percent_branches_covered": 33.333333333333336, "percent_branches_covered_display": "33"}, "missing_lines": [357, 358, 359, 360, 361, 362, 363], "excluded_lines": [], "start_line": 350, "executed_branches": [[353, 354], [355, 356]], "missing_branches": [[353, 360], [355, 359], [361, 362], [361, 363]]}, "ClimateChamberCore._validate_optional_output_channel": {"executed_lines": [371, 372, 373, 374], "summary": {"covered_lines": 4, "num_statements": 4, "percent_covered": 100.0, "percent_covered_display": "100", "missing_lines": 0, "excluded_lines": 0, "percent_statements_covered": 100.0, "percent_statements_covered_display": "100", "num_branches": 2, "num_partial_branches": 0, "covered_branches": 2, "missing_branches": 0, "percent_branches_covered": 100.0, "percent_branches_covered_display": "100"}, "missing_lines": [], "excluded_lines": [], "start_line": 370, "executed_branches": [[371, 372], [371, 373]], "missing_branches": []}, "ClimateChamberCore._require_output_channel": {"executed_lines": [378, 379, 388], "summary": {"covered_lines": 3, "num_statements": 3, "percent_covered": 100.0, "percent_covered_display": "100", "missing_lines": 0, "excluded_lines": 0, "percent_statements_covered": 100.0, "percent_statements_covered_display": "100", "num_branches": 2, "num_partial_branches": 0, "covered_branches": 2, "missing_branches": 0, "percent_branches_covered": 100.0, "percent_branches_covered_display": "100"}, "missing_lines": [], "excluded_lines": [], "start_line": 377, "executed_branches": [[378, 379], [378, 388]], "missing_branches": []}, "ClimateChamberCore._get_digital_output": {"executed_lines": [391, 394, 399], "summary": {"covered_lines": 3, "num_statements": 4, "percent_covered": 66.66666666666667, "percent_covered_display": "67", "missing_lines": 1, "excluded_lines": 0, "percent_statements_covered": 75.0, "percent_statements_covered_display": "75", "num_branches": 2, "num_partial_branches": 1, "covered_branches": 1, "missing_branches": 1, "percent_branches_covered": 50.0, "percent_branches_covered_display": "50"}, "missing_lines": [395], "excluded_lines": [], "start_line": 390, "executed_branches": [[394, 399]], "missing_branches": [[394, 395]]}, "ClimateChamberCore._set_digital_output": {"executed_lines": [402, 403, 410], "summary": {"covered_lines": 3, "num_statements": 4, "percent_covered": 66.66666666666667, "percent_covered_display": "67", "missing_lines": 1, "excluded_lines": 0, "percent_statements_covered": 75.0, "percent_statements_covered_display": "75", "num_branches": 2, "num_partial_branches": 1, "covered_branches": 1, "missing_branches": 1, "percent_branches_covered": 50.0, "percent_branches_covered_display": "50"}, "missing_lines": [411], "excluded_lines": [], "start_line": 401, "executed_branches": [[410, -401]], "missing_branches": [[410, 411]]}, "ClimateChamberCore.get_dryer": {"executed_lines": [418, 419], "summary": {"covered_lines": 2, "num_statements": 2, "percent_covered": 100.0, "percent_covered_display": "100", "missing_lines": 0, "excluded_lines": 0, "percent_statements_covered": 100.0, "percent_statements_covered_display": "100", "num_branches": 0, "num_partial_branches": 0, "covered_branches": 0, "missing_branches": 0, "percent_branches_covered": 100.0, "percent_branches_covered_display": "100"}, "missing_lines": [], "excluded_lines": [], "start_line": 417, "executed_branches": [], "missing_branches": []}, "ClimateChamberCore.set_dryer": {"executed_lines": [422, 423], "summary": {"covered_lines": 2, "num_statements": 2, "percent_covered": 100.0, "percent_covered_display": "100", "missing_lines": 0, "excluded_lines": 0, "percent_statements_covered": 100.0, "percent_statements_covered_display": "100", "num_branches": 0, "num_partial_branches": 0, "covered_branches": 0, "missing_branches": 0, "percent_branches_covered": 100.0, "percent_branches_covered_display": "100"}, "missing_lines": [], "excluded_lines": [], "start_line": 421, "executed_branches": [], "missing_branches": []}, "ClimateChamberCore.get_compressed_air": {"executed_lines": [426, 429], "summary": {"covered_lines": 2, "num_statements": 2, "percent_covered": 100.0, "percent_covered_display": "100", "missing_lines": 0, "excluded_lines": 0, "percent_statements_covered": 100.0, "percent_statements_covered_display": "100", "num_branches": 0, "num_partial_branches": 0, "covered_branches": 0, "missing_branches": 0, "percent_branches_covered": 100.0, "percent_branches_covered_display": "100"}, "missing_lines": [], "excluded_lines": [], "start_line": 425, "executed_branches": [], "missing_branches": []}, "ClimateChamberCore.set_compressed_air": {"executed_lines": [432, 435], "summary": {"covered_lines": 2, "num_statements": 2, "percent_covered": 100.0, "percent_covered_display": "100", "missing_lines": 0, "excluded_lines": 0, "percent_statements_covered": 100.0, "percent_statements_covered_display": "100", "num_branches": 0, "num_partial_branches": 0, "covered_branches": 0, "missing_branches": 0, "percent_branches_covered": 100.0, "percent_branches_covered_display": "100"}, "missing_lines": [], "excluded_lines": [], "start_line": 431, "executed_branches": [], "missing_branches": []}, "ClimateChamberCore.get_heating_gradient_c_per_min": {"executed_lines": [438], "summary": {"covered_lines": 1, "num_statements": 1, "percent_covered": 100.0, "percent_covered_display": "100", "missing_lines": 0, "excluded_lines": 0, "percent_statements_covered": 100.0, "percent_statements_covered_display": "100", "num_branches": 0, "num_partial_branches": 0, "covered_branches": 0, "missing_branches": 0, "percent_branches_covered": 100.0, "percent_branches_covered_display": "100"}, "missing_lines": [], "excluded_lines": [], "start_line": 437, "executed_branches": [], "missing_branches": []}, "ClimateChamberCore.set_heating_gradient_c_per_min": {"executed_lines": [441, 442, 448, 449], "summary": {"covered_lines": 4, "num_statements": 6, "percent_covered": 60.0, "percent_covered_display": "60", "missing_lines": 2, "excluded_lines": 0, "percent_statements_covered": 66.66666666666667, "percent_statements_covered_display": "67", "num_branches": 4, "num_partial_branches": 2, "covered_branches": 2, "missing_branches": 2, "percent_branches_covered": 50.0, "percent_branches_covered_display": "50"}, "missing_lines": [443, 450], "excluded_lines": [], "start_line": 440, "executed_branches": [[442, 448], [449, -440]], "missing_branches": [[442, 443], [449, 450]]}, "ClimateChamberCore.get_cooling_gradient_c_per_min": {"executed_lines": [453], "summary": {"covered_lines": 1, "num_statements": 1, "percent_covered": 100.0, "percent_covered_display": "100", "missing_lines": 0, "excluded_lines": 0, "percent_statements_covered": 100.0, "percent_statements_covered_display": "100", "num_branches": 0, "num_partial_branches": 0, "covered_branches": 0, "missing_branches": 0, "percent_branches_covered": 100.0, "percent_branches_covered_display": "100"}, "missing_lines": [], "excluded_lines": [], "start_line": 452, "executed_branches": [], "missing_branches": []}, "ClimateChamberCore.set_cooling_gradient_c_per_min": {"executed_lines": [456, 457, 463, 464], "summary": {"covered_lines": 4, "num_statements": 6, "percent_covered": 60.0, "percent_covered_display": "60", "missing_lines": 2, "excluded_lines": 0, "percent_statements_covered": 66.66666666666667, "percent_statements_covered_display": "67", "num_branches": 4, "num_partial_branches": 2, "covered_branches": 2, "missing_branches": 2, "percent_branches_covered": 50.0, "percent_branches_covered_display": "50"}, "missing_lines": [458, 465], "excluded_lines": [], "start_line": 455, "executed_branches": [[457, 463], [464, -455]], "missing_branches": [[457, 458], [464, 465]]}, "ClimateChamberCore.wait_for_temperature": {"executed_lines": [477, 478, 479, 480, 481, 482, 484, 485, 486, 487, 488, 489, 490, 492, 493, 506, 507, 508, 516, 517, 518, 519], "summary": {"covered_lines": 22, "num_statements": 26, "percent_covered": 75.0, "percent_covered_display": "75", "missing_lines": 4, "excluded_lines": 0, "percent_statements_covered": 84.61538461538461, "percent_statements_covered_display": "85", "num_branches": 10, "num_partial_branches": 5, "covered_branches": 5, "missing_branches": 5, "percent_branches_covered": 50.0, "percent_branches_covered_display": "50"}, "missing_lines": [483, 491, 494, 520], "excluded_lines": [], "start_line": 467, "executed_branches": [[482, 484], [490, 492], [493, 506], [516, 517], [518, 519]], "missing_branches": [[482, 483], [490, 491], [493, 494], [516, 518], [518, 520]]}, "ClimateChamberCore.dwell": {"executed_lines": [529, 530, 531, 533, 534, 535, 536, 537, 545], "summary": {"covered_lines": 9, "num_statements": 17, "percent_covered": 44.0, "percent_covered_display": "44", "missing_lines": 8, "excluded_lines": 0, "percent_statements_covered": 52.94117647058823, "percent_statements_covered_display": "53", "num_branches": 8, "num_partial_branches": 2, "covered_branches": 2, "missing_branches": 6, "percent_branches_covered": 25.0, "percent_branches_covered_display": "25"}, "missing_lines": [532, 538, 539, 540, 541, 542, 543, 544], "excluded_lines": [], "start_line": 522, "executed_branches": [[531, 533], [537, 545]], "missing_branches": [[531, 532], [537, 538], [538, 539], [538, 540], [542, 543], [542, 544]]}, "ClimateChamberCore.set_temperature_and_wait": {"executed_lines": [559, 560, 561, 562, 570, 572], "summary": {"covered_lines": 6, "num_statements": 7, "percent_covered": 72.72727272727273, "percent_covered_display": "73", "missing_lines": 1, "excluded_lines": 0, "percent_statements_covered": 85.71428571428571, "percent_statements_covered_display": "86", "num_branches": 4, "num_partial_branches": 2, "covered_branches": 2, "missing_branches": 2, "percent_branches_covered": 50.0, "percent_branches_covered_display": "50"}, "missing_lines": [571], "excluded_lines": [], "start_line": 547, "executed_branches": [[560, 561], [570, 572]], "missing_branches": [[560, 562], [570, 571]]}, "ClimateChamberCore.safe_shutdown": {"executed_lines": [582, 583, 584, 585, 587, 591, 592, 600, 601, 603, 604, 608, 609, 610, 614, 621, 628], "summary": {"covered_lines": 17, "num_statements": 24, "percent_covered": 73.52941176470588, "percent_covered_display": "74", "missing_lines": 7, "excluded_lines": 0, "percent_statements_covered": 70.83333333333333, "percent_statements_covered_display": "71", "num_branches": 10, "num_partial_branches": 2, "covered_branches": 8, "missing_branches": 2, "percent_branches_covered": 80.0, "percent_branches_covered_display": "80"}, "missing_lines": [605, 606, 607, 611, 612, 613, 622], "excluded_lines": [], "start_line": 574, "executed_branches": [[587, 591], [587, 601], [591, 592], [591, 600], [603, 604], [603, 614], [604, 608], [621, 628]], "missing_branches": [[604, 605], [621, 622]]}, "ClimateChamberCore.diagnostics": {"executed_lines": [631], "summary": {"covered_lines": 1, "num_statements": 1, "percent_covered": 100.0, "percent_covered_display": "100", "missing_lines": 0, "excluded_lines": 0, "percent_statements_covered": 100.0, "percent_statements_covered_display": "100", "num_branches": 0, "num_partial_branches": 0, "covered_branches": 0, "missing_branches": 0, "percent_branches_covered": 100.0, "percent_branches_covered_display": "100"}, "missing_lines": [], "excluded_lines": [], "start_line": 630, "executed_branches": [], "missing_branches": []}, "": {"executed_lines": [8, 10, 11, 12, 13, 15, 16, 26, 27, 28, 29, 30, 33, 36, 110, 111, 114, 115, 118, 129, 133, 141, 145, 155, 158, 162, 206, 223, 226, 236, 246, 269, 306, 318, 331, 334, 342, 350, 369, 370, 376, 377, 390, 401, 417, 421, 425, 431, 437, 440, 452, 455, 467, 522, 547, 574, 630], "summary": {"covered_lines": 57, "num_statements": 57, "percent_covered": 100.0, "percent_covered_display": "100", "missing_lines": 0, "excluded_lines": 0, "percent_statements_covered": 100.0, "percent_statements_covered_display": "100", "num_branches": 0, "num_partial_branches": 0, "covered_branches": 0, "missing_branches": 0, "percent_branches_covered": 100.0, "percent_branches_covered_display": "100"}, "missing_lines": [], "excluded_lines": [], "start_line": 1, "executed_branches": [], "missing_branches": []}}, "classes": {"ClimateChamberCore": {"executed_lines": [56, 57, 58, 59, 65, 66, 67, 69, 70, 71, 73, 74, 75, 76, 79, 83, 87, 91, 92, 95, 98, 99, 100, 101, 102, 103, 104, 105, 106, 107, 108, 112, 119, 120, 121, 122, 123, 124, 130, 131, 134, 135, 136, 137, 138, 139, 142, 143, 146, 147, 149, 150, 151, 153, 156, 159, 160, 170, 177, 178, 179, 180, 181, 182, 183, 184, 191, 192, 193, 194, 195, 196, 197, 198, 199, 207, 208, 209, 210, 211, 212, 213, 221, 224, 227, 237, 247, 248, 249, 258, 259, 266, 267, 277, 278, 279, 280, 281, 282, 283, 284, 285, 286, 287, 303, 304, 307, 319, 320, 321, 327, 328, 329, 332, 335, 336, 338, 339, 340, 343, 344, 345, 346, 347, 348, 351, 352, 353, 354, 355, 356, 371, 372, 373, 374, 378, 379, 388, 391, 394, 399, 402, 403, 410, 418, 419, 422, 423, 426, 429, 432, 435, 438, 441, 442, 448, 449, 453, 456, 457, 463, 464, 477, 478, 479, 480, 481, 482, 484, 485, 486, 487, 488, 489, 490, 492, 493, 506, 507, 508, 516, 517, 518, 519, 529, 530, 531, 533, 534, 535, 536, 537, 545, 559, 560, 561, 562, 570, 572, 582, 583, 584, 585, 587, 591, 592, 600, 601, 603, 604, 608, 609, 610, 614, 621, 628, 631], "summary": {"covered_lines": 217, "num_statements": 270, "percent_covered": 74.31693989071039, "percent_covered_display": "74", "missing_lines": 53, "excluded_lines": 0, "percent_statements_covered": 80.37037037037037, "percent_statements_covered_display": "80", "num_branches": 96, "num_partial_branches": 35, "covered_branches": 55, "missing_branches": 41, "percent_branches_covered": 57.291666666666664, "percent_branches_covered_display": "57"}, "missing_lines": [60, 68, 72, 80, 84, 88, 116, 125, 126, 127, 148, 152, 171, 200, 201, 202, 203, 204, 322, 337, 357, 358, 359, 360, 361, 362, 363, 395, 411, 443, 450, 458, 465, 483, 491, 494, 520, 532, 538, 539, 540, 541, 542, 543, 544, 571, 605, 606, 607, 611, 612, 613, 622], "excluded_lines": [], "start_line": 33, "executed_branches": [[59, 65], [67, 69], [71, 73], [79, 83], [83, 87], [87, 91], [147, 149], [151, 153], [170, 177], [182, 183], [197, 198], [207, 208], [207, 209], [248, 249], [248, 258], [266, 267], [283, 284], [283, 285], [286, 287], [286, 303], [321, 327], [336, 338], [339, 340], [344, 345], [344, 346], [347, 348], [353, 354], [355, 356], [371, 372], [371, 373], [378, 379], [378, 388], [394, 399], [410, -401], [442, 448], [449, -440], [457, 463], [464, -455], [482, 484], [490, 492], [493, 506], [516, 517], [518, 519], [531, 533], [537, 545], [560, 561], [570, 572], [587, 591], [587, 601], [591, 592], [591, 600], [603, 604], [603, 614], [604, 608], [621, 628]], "missing_branches": [[59, 60], [67, 68], [71, 72], [79, 80], [83, 84], [87, 88], [147, 148], [151, 152], [170, 171], [182, 202], [197, 200], [266, -246], [321, 322], [336, 337], [339, -334], [347, -342], [353, 360], [355, 359], [361, 362], [361, 363], [394, 395], [410, 411], [442, 443], [449, 450], [457, 458], [464, 465], [482, 483], [490, 491], [493, 494], [516, 518], [518, 520], [531, 532], [537, 538], [538, 539], [538, 540], [542, 543], [542, 544], [560, 562], [570, 571], [604, 605], [621, 622]]}, "": {"executed_lines": [8, 10, 11, 12, 13, 15, 16, 26, 27, 28, 29, 30, 33, 36, 110, 111, 114, 115, 118, 129, 133, 141, 145, 155, 158, 162, 206, 223, 226, 236, 246, 269, 306, 318, 331, 334, 342, 350, 369, 370, 376, 377, 390, 401, 417, 421, 425, 431, 437, 440, 452, 455, 467, 522, 547, 574, 630], "summary": {"covered_lines": 57, "num_statements": 57, "percent_covered": 100.0, "percent_covered_display": "100", "missing_lines": 0, "excluded_lines": 0, "percent_statements_covered": 100.0, "percent_statements_covered_display": "100", "num_branches": 0, "num_partial_branches": 0, "covered_branches": 0, "missing_branches": 0, "percent_branches_covered": 100.0, "percent_branches_covered_display": "100"}, "missing_lines": [], "excluded_lines": [], "start_line": 1, "executed_branches": [], "missing_branches": []}}}, "rf_votsch_climate_chamber/diagnostics.py": {"executed_lines": [3, 5, 6, 7, 9, 10, 13, 14, 15, 16, 17, 18, 19, 22, 23, 31, 32, 33, 34, 35, 36], "summary": {"covered_lines": 21, "num_statements": 23, "percent_covered": 92.0, "percent_covered_display": "92", "missing_lines": 2, "excluded_lines": 0, "percent_statements_covered": 91.30434782608695, "percent_statements_covered_display": "91", "num_branches": 2, "num_partial_branches": 0, "covered_branches": 2, "missing_branches": 0, "percent_branches_covered": 100.0, "percent_branches_covered_display": "100"}, "missing_lines": [20, 21], "excluded_lines": [], "executed_branches": [[15, 16], [15, 23]], "missing_branches": [], "functions": {"get_diagnostics": {"executed_lines": [14, 15, 16, 17, 18, 19, 22, 23], "summary": {"covered_lines": 8, "num_statements": 10, "percent_covered": 83.33333333333333, "percent_covered_display": "83", "missing_lines": 2, "excluded_lines": 0, "percent_statements_covered": 80.0, "percent_statements_covered_display": "80", "num_branches": 2, "num_partial_branches": 0, "covered_branches": 2, "missing_branches": 0, "percent_branches_covered": 100.0, "percent_branches_covered_display": "100"}, "missing_lines": [20, 21], "excluded_lines": [], "start_line": 13, "executed_branches": [[15, 16], [15, 23]], "missing_branches": []}, "export_diagnostics": {"executed_lines": [32, 33, 34, 35, 36], "summary": {"covered_lines": 5, "num_statements": 5, "percent_covered": 100.0, "percent_covered_display": "100", "missing_lines": 0, "excluded_lines": 0, "percent_statements_covered": 100.0, "percent_statements_covered_display": "100", "num_branches": 0, "num_partial_branches": 0, "covered_branches": 0, "missing_branches": 0, "percent_branches_covered": 100.0, "percent_branches_covered_display": "100"}, "missing_lines": [], "excluded_lines": [], "start_line": 31, "executed_branches": [], "missing_branches": []}, "": {"executed_lines": [3, 5, 6, 7, 9, 10, 13, 31], "summary": {"covered_lines": 8, "num_statements": 8, "percent_covered": 100.0, "percent_covered_display": "100", "missing_lines": 0, "excluded_lines": 0, "percent_statements_covered": 100.0, "percent_statements_covered_display": "100", "num_branches": 0, "num_partial_branches": 0, "covered_branches": 0, "missing_branches": 0, "percent_branches_covered": 100.0, "percent_branches_covered_display": "100"}, "missing_lines": [], "excluded_lines": [], "start_line": 1, "executed_branches": [], "missing_branches": []}}, "classes": {"": {"executed_lines": [3, 5, 6, 7, 9, 10, 13, 14, 15, 16, 17, 18, 19, 22, 23, 31, 32, 33, 34, 35, 36], "summary": {"covered_lines": 21, "num_statements": 23, "percent_covered": 92.0, "percent_covered_display": "92", "missing_lines": 2, "excluded_lines": 0, "percent_statements_covered": 91.30434782608695, "percent_statements_covered_display": "91", "num_branches": 2, "num_partial_branches": 0, "covered_branches": 2, "missing_branches": 0, "percent_branches_covered": 100.0, "percent_branches_covered_display": "100"}, "missing_lines": [20, 21], "excluded_lines": [], "start_line": 1, "executed_branches": [[15, 16], [15, 23]], "missing_branches": []}}}, "rf_votsch_climate_chamber/exceptions.py": {"executed_lines": [8, 10, 11, 14, 17, 18, 19, 21, 34, 35, 36, 37, 38, 39, 40, 41, 42, 43, 44, 45, 47, 48, 49, 50, 51, 52, 53, 58, 59, 72, 76, 77, 80, 81, 84, 85, 88, 89, 92, 93, 96, 97, 100, 101, 104, 105, 108, 109, 112, 113, 114, 115, 118, 119, 120, 123, 124, 127, 128, 131, 132, 135, 136, 139, 140, 143, 144, 147, 148, 151, 152, 155, 156, 159, 160, 163, 164, 167, 168, 171, 172, 175, 176, 177, 180, 181, 184, 185, 188, 189, 192, 193, 196, 197, 198, 201, 202, 205, 206, 209, 210, 213, 214, 217, 218, 221, 222, 225, 226, 229, 230, 233, 234], "summary": {"covered_lines": 113, "num_statements": 114, "percent_covered": 99.13793103448276, "percent_covered_display": "99", "missing_lines": 1, "excluded_lines": 0, "percent_statements_covered": 99.12280701754386, "percent_statements_covered_display": "99", "num_branches": 2, "num_partial_branches": 0, "covered_branches": 2, "missing_branches": 0, "percent_branches_covered": 100.0, "percent_branches_covered_display": "100"}, "missing_lines": [73], "excluded_lines": [], "executed_branches": [[44, -21], [44, 45]], "missing_branches": [], "functions": {"DriverError.__init__": {"executed_lines": [34, 35, 36, 37, 38, 39, 40, 41, 42, 43, 44, 45], "summary": {"covered_lines": 12, "num_statements": 12, "percent_covered": 100.0, "percent_covered_display": "100", "missing_lines": 0, "excluded_lines": 0, "percent_statements_covered": 100.0, "percent_statements_covered_display": "100", "num_branches": 2, "num_partial_branches": 0, "covered_branches": 2, "missing_branches": 0, "percent_branches_covered": 100.0, "percent_branches_covered_display": "100"}, "missing_lines": [], "excluded_lines": [], "start_line": 21, "executed_branches": [[44, -21], [44, 45]], "missing_branches": []}, "DriverError.to_robot_message": {"executed_lines": [48, 49, 50, 51, 52, 53], "summary": {"covered_lines": 6, "num_statements": 6, "percent_covered": 100.0, "percent_covered_display": "100", "missing_lines": 0, "excluded_lines": 0, "percent_statements_covered": 100.0, "percent_statements_covered_display": "100", "num_branches": 0, "num_partial_branches": 0, "covered_branches": 0, "missing_branches": 0, "percent_branches_covered": 100.0, "percent_branches_covered_display": "100"}, "missing_lines": [], "excluded_lines": [], "start_line": 47, "executed_branches": [], "missing_branches": []}, "DriverError.to_dict": {"executed_lines": [59], "summary": {"covered_lines": 1, "num_statements": 1, "percent_covered": 100.0, "percent_covered_display": "100", "missing_lines": 0, "excluded_lines": 0, "percent_statements_covered": 100.0, "percent_statements_covered_display": "100", "num_branches": 0, "num_partial_branches": 0, "covered_branches": 0, "missing_branches": 0, "percent_branches_covered": 100.0, "percent_branches_covered_display": "100"}, "missing_lines": [], "excluded_lines": [], "start_line": 58, "executed_branches": [], "missing_branches": []}, "DriverError.__str__": {"executed_lines": [], "summary": {"covered_lines": 0, "num_statements": 1, "percent_covered": 0.0, "percent_covered_display": "0", "missing_lines": 1, "excluded_lines": 0, "percent_statements_covered": 0.0, "percent_statements_covered_display": "0", "num_branches": 0, "num_partial_branches": 0, "covered_branches": 0, "missing_branches": 0, "percent_branches_covered": 100.0, "percent_branches_covered_display": "100"}, "missing_lines": [73], "excluded_lines": [], "start_line": 72, "executed_branches": [], "missing_branches": []}, "": {"executed_lines": [8, 10, 11, 14, 17, 18, 19, 21, 47, 58, 72, 76, 77, 80, 81, 84, 85, 88, 89, 92, 93, 96, 97, 100, 101, 104, 105, 108, 109, 112, 113, 114, 115, 118, 119, 120, 123, 124, 127, 128, 131, 132, 135, 136, 139, 140, 143, 144, 147, 148, 151, 152, 155, 156, 159, 160, 163, 164, 167, 168, 171, 172, 175, 176, 177, 180, 181, 184, 185, 188, 189, 192, 193, 196, 197, 198, 201, 202, 205, 206, 209, 210, 213, 214, 217, 218, 221, 222, 225, 226, 229, 230, 233, 234], "summary": {"covered_lines": 94, "num_statements": 94, "percent_covered": 100.0, "percent_covered_display": "100", "missing_lines": 0, "excluded_lines": 0, "percent_statements_covered": 100.0, "percent_statements_covered_display": "100", "num_branches": 0, "num_partial_branches": 0, "covered_branches": 0, "missing_branches": 0, "percent_branches_covered": 100.0, "percent_branches_covered_display": "100"}, "missing_lines": [], "excluded_lines": [], "start_line": 1, "executed_branches": [], "missing_branches": []}}, "classes": {"DriverError": {"executed_lines": [34, 35, 36, 37, 38, 39, 40, 41, 42, 43, 44, 45, 48, 49, 50, 51, 52, 53, 59], "summary": {"covered_lines": 19, "num_statements": 20, "percent_covered": 95.45454545454545, "percent_covered_display": "95", "missing_lines": 1, "excluded_lines": 0, "percent_statements_covered": 95.0, "percent_statements_covered_display": "95", "num_branches": 2, "num_partial_branches": 0, "covered_branches": 2, "missing_branches": 0, "percent_branches_covered": 100.0, "percent_branches_covered_display": "100"}, "missing_lines": [73], "excluded_lines": [], "start_line": 14, "executed_branches": [[44, -21], [44, 45]], "missing_branches": []}, "DriverConfigurationError": {"executed_lines": [], "summary": {"covered_lines": 0, "num_statements": 0, "percent_covered": 100.0, "percent_covered_display": "100", "missing_lines": 0, "excluded_lines": 0, "percent_statements_covered": 100.0, "percent_statements_covered_display": "100", "num_branches": 0, "num_partial_branches": 0, "covered_branches": 0, "missing_branches": 0, "percent_branches_covered": 100.0, "percent_branches_covered_display": "100"}, "missing_lines": [], "excluded_lines": [], "start_line": 76, "executed_branches": [], "missing_branches": []}, "DriverValidationError": {"executed_lines": [], "summary": {"covered_lines": 0, "num_statements": 0, "percent_covered": 100.0, "percent_covered_display": "100", "missing_lines": 0, "excluded_lines": 0, "percent_statements_covered": 100.0, "percent_statements_covered_display": "100", "num_branches": 0, "num_partial_branches": 0, "covered_branches": 0, "missing_branches": 0, "percent_branches_covered": 100.0, "percent_branches_covered_display": "100"}, "missing_lines": [], "excluded_lines": [], "start_line": 80, "executed_branches": [], "missing_branches": []}, "DriverArgumentTypeError": {"executed_lines": [], "summary": {"covered_lines": 0, "num_statements": 0, "percent_covered": 100.0, "percent_covered_display": "100", "missing_lines": 0, "excluded_lines": 0, "percent_statements_covered": 100.0, "percent_statements_covered_display": "100", "num_branches": 0, "num_partial_branches": 0, "covered_branches": 0, "missing_branches": 0, "percent_branches_covered": 100.0, "percent_branches_covered_display": "100"}, "missing_lines": [], "excluded_lines": [], "start_line": 84, "executed_branches": [], "missing_branches": []}, "DriverArgumentValueError": {"executed_lines": [], "summary": {"covered_lines": 0, "num_statements": 0, "percent_covered": 100.0, "percent_covered_display": "100", "missing_lines": 0, "excluded_lines": 0, "percent_statements_covered": 100.0, "percent_statements_covered_display": "100", "num_branches": 0, "num_partial_branches": 0, "covered_branches": 0, "missing_branches": 0, "percent_branches_covered": 100.0, "percent_branches_covered_display": "100"}, "missing_lines": [], "excluded_lines": [], "start_line": 88, "executed_branches": [], "missing_branches": []}, "DriverRangeError": {"executed_lines": [], "summary": {"covered_lines": 0, "num_statements": 0, "percent_covered": 100.0, "percent_covered_display": "100", "missing_lines": 0, "excluded_lines": 0, "percent_statements_covered": 100.0, "percent_statements_covered_display": "100", "num_branches": 0, "num_partial_branches": 0, "covered_branches": 0, "missing_branches": 0, "percent_branches_covered": 100.0, "percent_branches_covered_display": "100"}, "missing_lines": [], "excluded_lines": [], "start_line": 92, "executed_branches": [], "missing_branches": []}, "DriverUnsupportedValueError": {"executed_lines": [], "summary": {"covered_lines": 0, "num_statements": 0, "percent_covered": 100.0, "percent_covered_display": "100", "missing_lines": 0, "excluded_lines": 0, "percent_statements_covered": 100.0, "percent_statements_covered_display": "100", "num_branches": 0, "num_partial_branches": 0, "covered_branches": 0, "missing_branches": 0, "percent_branches_covered": 100.0, "percent_branches_covered_display": "100"}, "missing_lines": [], "excluded_lines": [], "start_line": 96, "executed_branches": [], "missing_branches": []}, "DriverStateError": {"executed_lines": [], "summary": {"covered_lines": 0, "num_statements": 0, "percent_covered": 100.0, "percent_covered_display": "100", "missing_lines": 0, "excluded_lines": 0, "percent_statements_covered": 100.0, "percent_statements_covered_display": "100", "num_branches": 0, "num_partial_branches": 0, "covered_branches": 0, "missing_branches": 0, "percent_branches_covered": 100.0, "percent_branches_covered_display": "100"}, "missing_lines": [], "excluded_lines": [], "start_line": 100, "executed_branches": [], "missing_branches": []}, "DriverPreconditionError": {"executed_lines": [], "summary": {"covered_lines": 0, "num_statements": 0, "
[...]
 [], "executed_branches": [[60, 62], [63, 65], [69, 70], [100, 104], [105, 107], [110, 111], [117, 118], [143, 145], [171, 173], [177, 178], [177, 185], [185, 192], [192, 196], [197, 206], [215, 219]], "missing_branches": [[60, 61], [63, 64], [69, 72], [100, 101], [101, 102], [101, 103], [105, 106], [110, 115], [117, 127], [137, -134], [137, 138], [143, 144], [171, 172], [185, 186], [192, 193], [197, 198], [215, 216]], "functions": {"_utc_now": {"executed_lines": [22], "summary": {"covered_lines": 1, "num_statements": 1, "percent_covered": 100.0, "percent_covered_display": "100", "missing_lines": 0, "excluded_lines": 0, "percent_statements_covered": 100.0, "percent_statements_covered_display": "100", "num_branches": 0, "num_partial_branches": 0, "covered_branches": 0, "missing_branches": 0, "percent_branches_covered": 100.0, "percent_branches_covered_display": "100"}, "missing_lines": [], "excluded_lines": [], "start_line": 21, "executed_branches": [], "missing_branches": []}, "TcpTransport.__init__": {"executed_lines": [39, 40, 41, 42, 43, 44, 47, 48], "summary": {"covered_lines": 8, "num_statements": 8, "percent_covered": 100.0, "percent_covered_display": "100", "missing_lines": 0, "excluded_lines": 0, "percent_statements_covered": 100.0, "percent_statements_covered_display": "100", "num_branches": 0, "num_partial_branches": 0, "covered_branches": 0, "missing_branches": 0, "percent_branches_covered": 100.0, "percent_branches_covered_display": "100"}, "missing_lines": [], "excluded_lines": [], "start_line": 30, "executed_branches": [], "missing_branches": []}, "TcpTransport.capabilities": {"executed_lines": [], "summary": {"covered_lines": 0, "num_statements": 1, "percent_covered": 0.0, "percent_covered_display": "0", "missing_lines": 1, "excluded_lines": 0, "percent_statements_covered": 0.0, "percent_statements_covered_display": "0", "num_branches": 0, "num_partial_branches": 0, "covered_branches": 0, "missing_branches": 0, "percent_branches_covered": 100.0, "percent_branches_covered_display": "100"}, "missing_lines": [52], "excluded_lines": [], "start_line": 51, "executed_branches": [], "missing_branches": []}, "TcpTransport.open": {"executed_lines": [60, 62, 63, 65, 66, 67, 68, 69, 70, 71, 72, 73, 74, 75, 84, 85, 86, 87, 88, 89, 90, 91, 92], "summary": {"covered_lines": 23, "num_statements": 25, "percent_covered": 83.87096774193549, "percent_covered_display": "84", "missing_lines": 2, "excluded_lines": 0, "percent_statements_covered": 92.0, "percent_statements_covered_display": "92", "num_branches": 6, "num_partial_branches": 3, "covered_branches": 3, "missing_branches": 3, "percent_branches_covered": 50.0, "percent_branches_covered_display": "50"}, "missing_lines": [61, 64], "excluded_lines": [], "start_line": 59, "executed_branches": [[60, 62], [63, 65], [69, 70]], "missing_branches": [[60, 61], [63, 64], [69, 72]]}, "TcpTransport.close": {"executed_lines": [99, 100, 104, 105, 107, 108, 109, 110, 111, 112, 113, 114, 115, 116, 117, 118, 127, 128], "summary": {"covered_lines": 18, "num_statements": 26, "percent_covered": 61.111111111111114, "percent_covered_display": "61", "missing_lines": 8, "excluded_lines": 0, "percent_statements_covered": 69.23076923076923, "percent_statements_covered_display": "69", "num_branches": 10, "num_partial_branches": 4, "covered_branches": 4, "missing_branches": 6, "percent_branches_covered": 40.0, "percent_branches_covered_display": "40"}, "missing_lines": [101, 102, 103, 106, 129, 130, 131, 132], "excluded_lines": [], "start_line": 98, "executed_branches": [[100, 104], [105, 107], [110, 111], [117, 118]], "missing_branches": [[100, 101], [101, 102], [101, 103], [105, 106], [110, 115], [117, 127]]}, "TcpTransport.cancel": {"executed_lines": [], "summary": {"covered_lines": 0, "num_statements": 5, "percent_covered": 0.0, "percent_covered_display": "0", "missing_lines": 5, "excluded_lines": 0, "percent_statements_covered": 0.0, "percent_statements_covered_display": "0", "num_branches": 2, "num_partial_branches": 0, "covered_branches": 0, "missing_branches": 2, "percent_branches_covered": 0.0, "percent_branches_covered_display": "0"}, "missing_lines": [135, 136, 137, 138, 139], "excluded_lines": [], "start_line": 134, "executed_branches": [], "missing_branches": [[137, -134], [137, 138]]}, "TcpTransport._write_locked": {"executed_lines": [142, 143, 145, 146, 147, 148, 149, 163, 164, 165, 166, 167], "summary": {"covered_lines": 12, "num_statements": 22, "percent_covered": 54.166666666666664, "percent_covered_display": "54", "missing_lines": 10, "excluded_lines": 0, "percent_statements_covered": 54.54545454545455, "percent_statements_covered_display": "55", "num_branches": 2, "num_partial_branches": 1, "covered_branches": 1, "missing_branches": 1, "percent_branches_covered": 50.0, "percent_branches_covered_display": "50"}, "missing_lines": [144, 150, 151, 152, 153, 154, 159, 160, 161, 162], "excluded_lines": [], "start_line": 141, "executed_branches": [[143, 145]], "missing_branches": [[143, 144]]}, "TcpTransport._read_locked": {"executed_lines": [170, 171, 173, 174, 175, 176, 177, 178, 179, 180, 181, 182, 183, 184, 185, 192, 196, 197, 206, 207, 208, 215, 219], "summary": {"covered_lines": 23, "num_statements": 43, "percent_covered": 54.54545454545455, "percent_covered_display": "55", "missing_lines": 20, "excluded_lines": 0, "percent_statements_covered": 53.48837209302326, "percent_statements_covered_display": "53", "num_branches": 12, "num_partial_branches": 5, "covered_branches": 7, "missing_branches": 5, "percent_branches_covered": 58.333333333333336, "percent_branches_covered_display": "58"}, "missing_lines": [172, 186, 187, 188, 193, 194, 195, 198, 199, 200, 201, 209, 210, 211, 212, 213, 214, 216, 217, 218], "excluded_lines": [], "start_line": 169, "executed_branches": [[171, 173], [177, 178], [177, 185], [185, 192], [192, 196], [197, 206], [215, 219]], "missing_branches": [[171, 172], [185, 186], [192, 193], [197, 198], [215, 216]]}, "TcpTransport.flush": {"executed_lines": [], "summary": {"covered_lines": 0, "num_statements": 2, "percent_covered": 0.0, "percent_covered_display": "0", "missing_lines": 2, "excluded_lines": 0, "percent_statements_covered": 0.0, "percent_statements_covered_display": "0", "num_branches": 0, "num_partial_branches": 0, "covered_branches": 0, "missing_branches": 0, "percent_branches_covered": 100.0, "percent_branches_covered_display": "100"}, "missing_lines": [222, 223], "excluded_lines": [], "start_line": 221, "executed_branches": [], "missing_branches": []}, "": {"executed_lines": [3, 5, 6, 7, 8, 9, 11, 17, 18, 21, 25, 28, 30, 50, 51, 59, 98, 134, 141, 169, 221], "summary": {"covered_lines": 21, "num_statements": 21, "percent_covered": 100.0, "percent_covered_display": "100", "missing_lines": 0, "excluded_lines": 0, "percent_statements_covered": 100.0, "percent_statements_covered_display": "100", "num_branches": 0, "num_partial_branches": 0, "covered_branches": 0, "missing_branches": 0, "percent_branches_covered": 100.0, "percent_branches_covered_display": "100"}, "missing_lines": [], "excluded_lines": [], "start_line": 1, "executed_branches": [], "missing_branches": []}}, "classes": {"TcpTransport": {"executed_lines": [39, 40, 41, 42, 43, 44, 47, 48, 60, 62, 63, 65, 66, 67, 68, 69, 70, 71, 72, 73, 74, 75, 84, 85, 86, 87, 88, 89, 90, 91, 92, 99, 100, 104, 105, 107, 108, 109, 110, 111, 112, 113, 114, 115, 116, 117, 118, 127, 128, 142, 143, 145, 146, 147, 148, 149, 163, 164, 165, 166, 167, 170, 171, 173, 174, 175, 176, 177, 178, 179, 180, 181, 182, 183, 184, 185, 192, 196, 197, 206, 207, 208, 215, 219], "summary": {"covered_lines": 84, "num_statements": 132, "percent_covered": 60.36585365853659, "percent_covered_display": "60", "missing_lines": 48, "excluded_lines": 0, "percent_statements_covered": 63.63636363636363, "percent_statements_covered_display": "64", "num_branches": 32, "num_partial_branches": 13, "covered_branches": 15, "missing_branches": 17, "percent_branches_covered": 46.875, "percent_branches_covered_display": "47"}, "missing_lines": [52, 61, 64, 101, 102, 103, 106, 129, 130, 131, 132, 135, 136, 137, 138, 139, 144, 150, 151, 152, 153, 154, 159, 160, 161, 162, 172, 186, 187, 188, 193, 194, 195, 198, 199, 200, 201, 209, 210, 211, 212, 213, 214, 216, 217, 218, 222, 223], "excluded_lines": [], "start_line": 25, "executed_branches": [[60, 62], [63, 65], [69, 70], [100, 104], [105, 107], [110, 111], [117, 118], [143, 145], [171, 173], [177, 178], [177, 185], [185, 192], [192, 196], [197, 206], [215, 219]], "missing_branches": [[60, 61], [63, 64], [69, 72], [100, 101], [101, 102], [101, 103], [105, 106], [110, 115], [117, 127], [137, -134], [137, 138], [143, 144], [171, 172], [185, 186], [192, 193], [197, 198], [215, 216]]}, "": {"executed_lines": [3, 5, 6, 7, 8, 9, 11, 17, 18, 21, 22, 25, 28, 30, 50, 51, 59, 98, 134, 141, 169, 221], "summary": {"covered_lines": 22, "num_statements": 22, "percent_covered": 100.0, "percent_covered_display": "100", "missing_lines": 0, "excluded_lines": 0, "percent_statements_covered": 100.0, "percent_statements_covered_display": "100", "num_branches": 0, "num_partial_branches": 0, "covered_branches": 0, "missing_branches": 0, "percent_branches_covered": 100.0, "percent_branches_covered_display": "100"}, "missing_lines": [], "excluded_lines": [], "start_line": 1, "executed_branches": [], "missing_branches": []}}}, "rf_votsch_climate_chamber/transports/tracing.py": {"executed_lines": [3, 5, 6, 7, 8, 9, 12, 13, 16, 20, 21, 22, 23, 24, 25, 26, 27, 28, 29, 30, 32, 33, 36, 37, 40, 43, 44, 46, 47, 49, 50, 52, 53], "summary": {"covered_lines": 33, "num_statements": 34, "percent_covered": 94.44444444444444, "percent_covered_display": "94", "missing_lines": 1, "excluded_lines": 0, "percent_statements_covered": 97.05882352941177, "percent_statements_covered_display": "97", "num_branches": 2, "num_partial_branches": 1, "covered_branches": 1, "missing_branches": 1, "percent_branches_covered": 50.0, "percent_branches_covered_display": "50"}, "missing_lines": [17], "excluded_lines": [], "executed_branches": [[37, -36]], "missing_branches": [[37, -37]], "functions": {"utc_now": {"executed_lines": [13], "summary": {"covered_lines": 1, "num_statements": 1, "percent_covered": 100.0, "percent_covered_display": "100", "missing_lines": 0, "excluded_lines": 0, "percent_statements_covered": 100.0, "percent_statements_covered_display": "100", "num_branches": 0, "num_partial_branches": 0, "covered_branches": 0, "missing_branches": 0, "percent_branches_covered": 100.0, "percent_branches_covered_display": "100"}, "missing_lines": [], "excluded_lines": [], "start_line": 12, "executed_branches": [], "missing_branches": []}, "new_operation_id": {"executed_lines": [], "summary": {"covered_lines": 0, "num_statements": 1, "percent_covered": 0.0, "percent_covered_display": "0", "missing_lines": 1, "excluded_lines": 0, "percent_statements_covered": 0.0, "percent_statements_covered_display": "0", "num_branches": 0, "num_partial_branches": 0, "covered_branches": 0, "missing_branches": 0, "percent_branches_covered": 100.0, "percent_branches_covered_display": "100"}, "missing_lines": [17], "excluded_lines": [], "start_line": 16, "executed_branches": [], "missing_branches": []}, "TraceRecord.to_dict": {"executed_lines": [33], "summary": {"covered_lines": 1, "num_statements": 1, "percent_covered": 100.0, "percent_covered_display": "100", "missing_lines": 0, "excluded_lines": 0, "percent_statements_covered": 100.0, "percent_statements_covered_display": "100", "num_branches": 0, "num_partial_branches": 0, "covered_branches": 0, "missing_branches": 0, "percent_branches_covered": 100.0, "percent_branches_covered_display": "100"}, "missing_lines": [], "excluded_lines": [], "start_line": 32, "executed_branches": [], "missing_branches": []}, "TraceObserver.__call__": {"executed_lines": [37], "summary": {"covered_lines": 1, "num_statements": 1, "percent_covered": 66.66666666666667, "percent_covered_display": "67", "missing_lines": 0, "excluded_lines": 0, "percent_statements_covered": 100.0, "percent_statements_covered_display": "100", "num_branches": 2, "num_partial_branches": 1, "covered_branches": 1, "missing_branches": 1, "percent_branches_covered": 50.0, "percent_branches_covered_display": "50"}, "missing_lines": [], "excluded_lines": [], "start_line": 37, "executed_branches": [[37, -36]], "missing_branches": [[37, -37]]}, "MemoryTraceObserver.__init__": {"executed_lines": [44], "summary": {"covered_lines": 1, "num_statements": 1, "percent_covered": 100.0, "percent_covered_display": "100", "missing_lines": 0, "excluded_lines": 0, "percent_statements_covered": 100.0, "percent_statements_covered_display": "100", "num_branches": 0, "num_partial_branches": 0, "covered_branches": 0, "missing_branches": 0, "percent_branches_covered": 100.0, "percent_branches_covered_display": "100"}, "missing_lines": [], "excluded_lines": [], "start_line": 43, "executed_branches": [], "missing_branches": []}, "MemoryTraceObserver.__call__": {"executed_lines": [47], "summary": {"covered_lines": 1, "num_statements": 1, "percent_covered": 100.0, "percent_covered_display": "100", "missing_lines": 0, "excluded_lines": 0, "percent_statements_covered": 100.0, "percent_statements_covered_display": "100", "num_branches": 0, "num_partial_branches": 0, "covered_branches": 0, "missing_branches": 0, "percent_branches_covered": 100.0, "percent_branches_covered_display": "100"}, "missing_lines": [], "excluded_lines": [], "start_line": 46, "executed_branches": [], "missing_branches": []}, "MemoryTraceObserver.clear": {"executed_lines": [50], "summary": {"covered_lines": 1, "num_statements": 1, "percent_covered": 100.0, "percent_covered_display": "100", "missing_lines": 0, "excluded_lines": 0, "percent_statements_covered": 100.0, "percent_statements_covered_display": "100", "num_branches": 0, "num_partial_branches": 0, "covered_branches": 0, "missing_branches": 0, "percent_branches_covered": 100.0, "percent_branches_covered_display": "100"}, "missing_lines": [], "excluded_lines": [], "start_line": 49, "executed_branches": [], "missing_branches": []}, "MemoryTraceObserver.to_list": {"executed_lines": [53], "summary": {"covered_lines": 1, "num_statements": 1, "percent_covered": 100.0, "percent_covered_display": "100", "missing_lines": 0, "excluded_lines": 0, "percent_statements_covered": 100.0, "percent_statements_covered_display": "100", "num_branches": 0, "num_partial_branches": 0, "covered_branches": 0, "missing_branches": 0, "percent_branches_covered": 100.0, "percent_branches_covered_display": "100"}, "missing_lines": [], "excluded_lines": [], "start_line": 52, "executed_branches": [], "missing_branches": []}, "": {"executed_lines": [3, 5, 6, 7, 8, 9, 12, 16, 20, 21, 22, 23, 24, 25, 26, 27, 28, 29, 30, 32, 36, 40, 43, 46, 49, 52], "summary": {"covered_lines": 26, "num_statements": 26, "percent_covered": 100.0, "percent_covered_display": "100", "missing_lines": 0, "excluded_lines": 0, "percent_statements_covered": 100.0, "percent_statements_covered_display": "100", "num_branches": 0, "num_partial_branches": 0, "covered_branches": 0, "missing_branches": 0, "percent_branches_covered": 100.0, "percent_branches_covered_display": "100"}, "missing_lines": [], "excluded_lines": [], "start_line": 1, "executed_branches": [], "missing_branches": []}}, "classes": {"TraceRecord": {"executed_lines": [33], "summary": {"covered_lines": 1, "num_statements": 1, "percent_covered": 100.0, "percent_covered_display": "100", "missing_lines": 0, "excluded_lines": 0, "percent_statements_covered": 100.0, "percent_statements_covered_display": "100", "num_branches": 0, "num_partial_branches": 0, "covered_branches": 0, "missing_branches": 0, "percent_branches_covered": 100.0, "percent_branches_covered_display": "100"}, "missing_lines": [], "excluded_lines": [], "start_line": 21, "executed_branches": [], "missing_branches": []}, "TraceObserver": {"executed_lines": [37], "summary": {"covered_lines": 1, "num_statements": 1, "percent_covered": 66.66666666666667, "percent_covered_display": "67", "missing_lines": 0, "excluded_lines": 0, "percent_statements_covered": 100.0, "percent_statements_covered_display": "100", "num_branches": 2, "num_partial_branches": 1, "covered_branches": 1, "missing_branches": 1, "percent_branches_covered": 50.0, "percent_branches_covered_display": "50"}, "missing_lines": [], "excluded_lines": [], "start_line": 36, "executed_branches": [[37, -36]], "missing_branches": [[37, -37]]}, "MemoryTraceObserver": {"executed_lines": [44, 47, 50, 53], "summary": {"covered_lines": 4, "num_statements": 4, "percent_covered": 100.0, "percent_covered_display": "100", "missing_lines": 0, "excluded_lines": 0, "percent_statements_covered": 100.0, "percent_statements_covered_display": "100", "num_branches": 0, "num_partial_branches": 0, "covered_branches": 0, "missing_branches": 0, "percent_branches_covered": 100.0, "percent_branches_covered_display": "100"}, "missing_lines": [], "excluded_lines": [], "start_line": 40, "executed_branches": [], "missing_branches": []}, "": {"executed_lines": [3, 5, 6, 7, 8, 9, 12, 13, 16, 20, 21, 22, 23, 24, 25, 26, 27, 28, 29, 30, 32, 36, 40, 43, 46, 49, 52], "summary": {"covered_lines": 27, "num_statements": 28, "percent_covered": 96.42857142857143, "percent_covered_display": "96", "missing_lines": 1, "excluded_lines": 0, "percent_statements_covered": 96.42857142857143, "percent_statements_covered_display": "96", "num_branches": 0, "num_partial_branches": 0, "covered_branches": 0, "missing_branches": 0, "percent_branches_covered": 100.0, "percent_branches_covered_display": "100"}, "missing_lines": [17], "excluded_lines": [], "start_line": 1, "executed_branches": [], "missing_branches": []}}}, "rf_votsch_climate_chamber/version.py": {"executed_lines": [3, 4, 5, 6, 7, 8, 9, 10, 11, 12], "summary": {"covered_lines": 10, "num_statements": 10, "percent_covered": 100.0, "percent_covered_display": "100", "missing_lines": 0, "excluded_lines": 0, "percent_statements_covered": 100.0, "percent_statements_covered_display": "100", "num_branches": 0, "num_partial_branches": 0, "covered_branches": 0, "missing_branches": 0, "percent_branches_covered": 100.0, "percent_branches_covered_display": "100"}, "missing_lines": [], "excluded_lines": [], "executed_branches": [], "missing_branches": [], "functions": {"": {"executed_lines": [3, 4, 5, 6, 7, 8, 9, 10, 11, 12], "summary": {"covered_lines": 10, "num_statements": 10, "percent_covered": 100.0, "percent_covered_display": "100", "missing_lines": 0, "excluded_lines": 0, "percent_statements_covered": 100.0, "percent_statements_covered_display": "100", "num_branches": 0, "num_partial_branches": 0, "covered_branches": 0, "missing_branches": 0, "percent_branches_covered": 100.0, "percent_branches_covered_display": "100"}, "missing_lines": [], "excluded_lines": [], "start_line": 1, "executed_branches": [], "missing_branches": []}}, "classes": {"": {"executed_lines": [3, 4, 5, 6, 7, 8, 9, 10, 11, 12], "summary": {"covered_lines": 10, "num_statements": 10, "percent_covered": 100.0, "percent_covered_display": "100", "missing_lines": 0, "excluded_lines": 0, "percent_statements_covered": 100.0, "percent_statements_covered_display": "100", "num_branches": 0, "num_partial_branches": 0, "covered_branches": 0, "missing_branches": 0, "percent_branches_covered": 100.0, "percent_branches_covered_display": "100"}, "missing_lines": [], "excluded_lines": [], "start_line": 1, "executed_branches": [], "missing_branches": []}}}}, "totals": {"covered_lines": 1677, "num_statements": 1948, "percent_covered": 81.43336127409891, "percent_covered_display": "81", "missing_lines": 271, "excluded_lines": 9, "percent_statements_covered": 86.08829568788501, "percent_statements_covered_display": "86", "num_branches": 438, "num_partial_branches": 140, "covered_branches": 266, "missing_branches": 172, "percent_branches_covered": 60.730593607305934, "percent_branches_covered_display": "61"}}