<?xml version="1.0" encoding="utf-8"?><testsuites name="pytest tests"><testsuite name="pytest" errors="0" failures="0" skipped="0" tests="54" time="12.221" timestamp="2026-07-31T16:05:14.484480+00:00" hostname="a5582cba1f05"><testcase classname="tests.unit.test_configuration_plugin" name="test_plugin_descriptor_and_unconnected_library" time="0.060" /><testcase classname="tests.unit.test_configuration_plugin" name="test_driver_metadata_is_static" time="0.003" /><testcase classname="tests.unit.test_configuration_plugin" name="test_configuration_roundtrip" time="0.013" /><testcase classname="tests.unit.test_configuration_plugin" name="test_public_keyword_metadata_is_explicit" time="0.002" /><testcase classname="tests.unit.test_converters_errors_transport" name="test_to_bool[true-True]" time="0.004" /><testcase classname="tests.unit.test_converters_errors_transport" name="test_to_bool[OFF-False]" time="0.001" /><testcase classname="tests.unit.test_converters_errors_transport" name="test_to_bool[1-True]" time="0.001" /><testcase classname="tests.unit.test_converters_errors_transport" name="test_to_bool[0-False]" time="0.001" /><testcase classname="tests.unit.test_converters_errors_transport" name="test_to_bool[True-True]" time="0.001" /><testcase classname="tests.unit.test_converters_errors_transport" name="test_converters_reject_and_convert" time="0.002" /><testcase classname="tests.unit.test_converters_errors_transport" name="test_driver_error_schema" time="0.001" /><testcase classname="tests.unit.test_converters_errors_transport" name="test_simulator_protocol_faults_and_recovery" time="0.003" /><testcase classname="tests.unit.test_converters_errors_transport" name="test_tcp_transport_preserves_extra_frame_bytes" time="0.001" /><testcase classname="tests.unit.test_converters_errors_transport" name="test_tcp_open_failure_is_typed" time="0.001" /><testcase classname="tests.unit.test_converters_errors_transport" name="test_suite_listener_cleanup_is_best_effort" time="0.003" /><testcase classname="tests.unit.test_hardware_regressions" name="test_setpoint_verification_polls_until_delayed_readback" time="0.002" /><testcase classname="tests.unit.test_hardware_regressions" name="test_setpoint_verification_timeout_contains_actionable_evidence" time="0.002" /><testcase classname="tests.unit.test_hardware_regressions" name="test_auxiliary_outputs_are_disabled_by_default_on_unqualified_hardware_profile" time="0.002" /><testcase classname="tests.unit.test_hardware_regressions" name="test_safe_shutdown_skips_unconfigured_auxiliary_outputs_and_stops_chamber" time="0.002" /><testcase classname="tests.unit.test_hardware_regressions" name="test_configured_auxiliary_outputs_remain_supported" time="0.002" /><testcase classname="tests.unit.test_hardware_regressions" name="test_get_configuration_can_be_modified_and_reimported" time="0.008" /><testcase classname="tests.unit.test_hardware_regressions" name="test_disconnect_respects_round_tripped_close_only_policy" time="0.006" /><testcase classname="tests.unit.test_library_simulator" name="test_constructor_does_not_connect" time="0.003" /><testcase classname="tests.unit.test_library_simulator" name="test_universal_lifecycle" time="0.005" /><testcase classname="tests.unit.test_library_simulator" name="test_temperature_and_operation" time="0.011" /><testcase classname="tests.unit.test_library_simulator" name="test_local_limits_reject_before_transport" time="0.005" /><testcase classname="tests.unit.test_library_simulator" name="test_gradients_and_outputs" time="0.006" /><testcase classname="tests.unit.test_library_simulator" name="test_multi_connection" time="0.006" /><testcase classname="tests.unit.test_library_simulator" name="test_reconnect_and_diagnostics" time="0.008" /><testcase classname="tests.unit.test_library_simulator" name="test_assertions" time="0.005" /><testcase classname="tests.unit.test_library_simulator" name="test_not_connected_state_error" time="0.003" /><testcase classname="tests.unit.test_protocol" name="test_supported_protocol_registry_contains_only_runtime_operations" time="0.001" /><testcase classname="tests.unit.test_protocol" name="test_build_frame_exact_bytes" time="0.001" /><testcase classname="tests.unit.test_protocol" name="test_build_named_frame" time="0.001" /><testcase classname="tests.unit.test_protocol" name="test_bad_command_number_rejected[1]" time="0.001" /><testcase classname="tests.unit.test_protocol" name="test_bad_command_number_rejected[ABCDE]" time="0.001" /><testcase classname="tests.unit.test_protocol" name="test_bad_command_number_rejected[123456]" time="0.001" /><testcase classname="tests.unit.test_protocol" name="test_parse_success" time="0.001" /><testcase classname="tests.unit.test_protocol" name="test_parse_malformed_and_device_error" time="0.001" /><testcase classname="tests.unit.test_rfds_conformance_harness" name="test_all_inventory_keywords_are_isolated_and_callable" time="0.582" /><testcase classname="tests.unit.test_robot_suite_dependencies" name="test_log_dictionary_requires_collections_library" time="0.005" /><testcase classname="tests.unit.test_robot_suite_dependencies" name="test_active_verification_suites_use_canonical_library_import" time="0.001" /><testcase classname="tests.unit.test_robot_suite_dependencies" name="test_active_robot_sources_do_not_call_removed_api_2_keywords" time="0.006" /><testcase classname="tests.unit.test_robot_suite_dependencies" name="test_canonical_connect_calls_use_named_resource_argument" time="0.006" /><testcase classname="tests.unit.test_robot_suite_dependencies" name="test_hardware_suites_disable_implicit_safe_shutdown_on_disconnect" time="0.001" /><testcase classname="tests.api.test_metadata_consistency" name="test_public_api_matches_runtime" time="0.298" /><testcase classname="tests.api.test_metadata_consistency" name="test_ai_contract_lock" time="0.006" /><testcase classname="tests.api.test_metadata_consistency" name="test_conformance_inventory_matches_runtime" time="0.232" /><testcase classname="tests.api.test_metadata_consistency" name="test_plugin_manifest_matches_provider" time="0.001" /><testcase classname="tests.integration.test_tcp_fake_server" name="test_tcp_connect_query_set_and_disconnect" time="0.510" /><testcase classname="tests.compatibility.test_api_v3_cleanup" name="test_api_major_records_breaking_cleanup" time="0.001" /><testcase classname="tests.compatibility.test_api_v3_cleanup" name="test_removed_legacy_keywords_are_not_exported" time="0.002" /><testcase classname="tests.compatibility.test_api_v3_cleanup" name="test_duplicate_legacy_python_package_is_removed" time="0.002" /><testcase classname="tests.compatibility.test_api_v3_cleanup" name="test_no_deprecated_runtime_tags_remain" time="0.002" /></testsuite></testsuites>